-- Found ament_cmake: 1.3.8 (/opt/ros/humble/share/ament_cmake/cmake)
-- Found rclcpp: 16.0.8 (/opt/ros/humble/share/rclcpp/cmake)
-- Found rosidl_generator_c: 3.1.5 (/opt/ros/humble/share/rosidl_generator_c/cmake)
-- Found rosidl_adapter: 3.1.5 (/opt/ros/humble/share/rosidl_adapter/cmake)
-- Found rosidl_generator_cpp: 3.1.5 (/opt/ros/humble/share/rosidl_generator_cpp/cmake)
-- Using all available rosidl_typesupport_c: rosidl_typesupport_fastrtps_c;rosidl_typesupport_introspection_c
-- Using all available rosidl_typesupport_cpp: rosidl_typesupport_fastrtps_cpp;rosidl_typesupport_introspection_cpp
-- Found rmw_implementation_cmake: 6.1.1 (/opt/ros/humble/share/rmw_implementation_cmake/cmake)
-- Found rmw_fastrtps_cpp: 6.2.6 (/opt/ros/humble/share/rmw_fastrtps_cpp/cmake)
-- Using RMW implementation 'rmw_fastrtps_cpp' as default
-- Configuring done
-- Generating done
-- Build files have been written to: /home/sven/ros2_ws/build/components_cpp
[ 50%] [32mBuilding CXX object CMakeFiles/manual_composition.dir/src/manual_composition.cpp.o[0m
[ 50%] [32mBuilding CXX object CMakeFiles/manual_composition.dir/src/node1.cpp.o[0m
[ 75%] [32mBuilding CXX object CMakeFiles/manual_composition.dir/src/node2.cpp.o[0m
[01m[K/home/sven/ros2_ws/src/components_cpp/src/node2.cpp:1:10:[m[K [01;31m[Kfatal error: [m[Kcomponents_cpp/include/node2.hpp: No such file or directory
    1 | #include [01;31m[K<components_cpp/include/node2.hpp>[m[K
      |          [01;31m[K^~~~~~~~~~~~~~~~~~~~~~~~~~~~~~~~~~[m[K
[01m[K/home/sven/ros2_ws/src/components_cpp/src/node1.cpp:1:10:[m[K [01;31m[Kfatal error: [m[Kcomponents_cpp/include/node1.hpp: No such file or directory
    1 | #include [01;31m[K<components_cpp/include/node1.hpp>[m[K
      |          [01;31m[K^~~~~~~~~~~~~~~~~~~~~~~~~~~~~~~~~~[m[K
compilation terminated.
compilation terminated.
gmake[2]: *** [CMakeFiles/manual_composition.dir/build.make:90: CMakeFiles/manual_composition.dir/src/node1.cpp.o] Error 1
gmake[2]: *** Waiting for unfinished jobs....
gmake[2]: *** [CMakeFiles/manual_composition.dir/build.make:104: CMakeFiles/manual_composition.dir/src/node2.cpp.o] Error 1
[01m[K/home/sven/ros2_ws/src/components_cpp/src/manual_composition.cpp:4:10:[m[K [01;31m[Kfatal error: [m[Kcomponents_cpp/include/node1.hpp: No such file or directory
    4 | #include [01;31m[K<components_cpp/include/node1.hpp>[m[K
      |          [01;31m[K^~~~~~~~~~~~~~~~~~~~~~~~~~~~~~~~~~[m[K
compilation terminated.
gmake[2]: *** [CMakeFiles/manual_composition.dir/build.make:76: CMakeFiles/manual_composition.dir/src/manual_composition.cpp.o] Error 1
gmake[1]: *** [CMakeFiles/Makefile2:137: CMakeFiles/manual_composition.dir/all] Error 2
gmake: *** [Makefile:146: all] Error 2
