[0.030s] Invoking command in '/home/sven/ros2_ws/build/components_cpp': CMAKE_PREFIX_PATH=${CMAKE_PREFIX_PATH}:/home/sven/ros2_ws/install/components_py:/home/sven/ros2_ws/install/executors_py:/home/sven/ros2_ws/install/my_py_pkg:/home/sven/ros2_ws/install/actions_py:/home/sven/ros2_ws/install/lifecycle_py:/opt/ros/humble /usr/bin/cmake --build /home/sven/ros2_ws/build/components_cpp -- -j20 -l20
[0.044s] -- Found ament_cmake: 1.3.8 (/opt/ros/humble/share/ament_cmake/cmake)
[0.106s] -- Found rclcpp: 16.0.8 (/opt/ros/humble/share/rclcpp/cmake)
[0.120s] -- Found rosidl_generator_c: 3.1.5 (/opt/ros/humble/share/rosidl_generator_c/cmake)
[0.121s] -- Found rosidl_adapter: 3.1.5 (/opt/ros/humble/share/rosidl_adapter/cmake)
[0.124s] -- Found rosidl_generator_cpp: 3.1.5 (/opt/ros/humble/share/rosidl_generator_cpp/cmake)
[0.130s] -- Using all available rosidl_typesupport_c: rosidl_typesupport_fastrtps_c;rosidl_typesupport_introspection_c
[0.137s] -- Using all available rosidl_typesupport_cpp: rosidl_typesupport_fastrtps_cpp;rosidl_typesupport_introspection_cpp
[0.164s] -- Found rmw_implementation_cmake: 6.1.1 (/opt/ros/humble/share/rmw_implementation_cmake/cmake)
[0.165s] -- Found rmw_fastrtps_cpp: 6.2.6 (/opt/ros/humble/share/rmw_fastrtps_cpp/cmake)
[0.221s] -- Using RMW implementation 'rmw_fastrtps_cpp' as default
[0.325s] -- Configuring done
[0.328s] -- Generating done
[0.329s] -- Build files have been written to: /home/sven/ros2_ws/build/components_cpp
[0.348s] [ 50%] [32mBuilding CXX object CMakeFiles/manual_composition.dir/src/manual_composition.cpp.o[0m
[0.348s] [ 50%] [32mBuilding CXX object CMakeFiles/manual_composition.dir/src/node1.cpp.o[0m
[0.348s] [ 75%] [32mBuilding CXX object CMakeFiles/manual_composition.dir/src/node2.cpp.o[0m
[0.352s] [01m[K/home/sven/ros2_ws/src/components_cpp/src/node2.cpp:1:10:[m[K [01;31m[Kfatal error: [m[Kcomponents_cpp/include/node2.hpp: No such file or directory
[0.352s]     1 | #include [01;31m[K<components_cpp/include/node2.hpp>[m[K
[0.352s]       |          [01;31m[K^~~~~~~~~~~~~~~~~~~~~~~~~~~~~~~~~~[m[K
[0.352s] [01m[K/home/sven/ros2_ws/src/components_cpp/src/node1.cpp:1:10:[m[K [01;31m[Kfatal error: [m[Kcomponents_cpp/include/node1.hpp: No such file or directory
[0.352s]     1 | #include [01;31m[K<components_cpp/include/node1.hpp>[m[K
[0.352s]       |          [01;31m[K^~~~~~~~~~~~~~~~~~~~~~~~~~~~~~~~~~[m[K
[0.352s] compilation terminated.
[0.352s] compilation terminated.
[0.353s] gmake[2]: *** [CMakeFiles/manual_composition.dir/build.make:90: CMakeFiles/manual_composition.dir/src/node1.cpp.o] Error 1
[0.353s] gmake[2]: *** Waiting for unfinished jobs....
[0.353s] gmake[2]: *** [CMakeFiles/manual_composition.dir/build.make:104: CMakeFiles/manual_composition.dir/src/node2.cpp.o] Error 1
[0.430s] [01m[K/home/sven/ros2_ws/src/components_cpp/src/manual_composition.cpp:4:10:[m[K [01;31m[Kfatal error: [m[Kcomponents_cpp/include/node1.hpp: No such file or directory
[0.430s]     4 | #include [01;31m[K<components_cpp/include/node1.hpp>[m[K
[0.430s]       |          [01;31m[K^~~~~~~~~~~~~~~~~~~~~~~~~~~~~~~~~~[m[K
[0.430s] compilation terminated.
[0.432s] gmake[2]: *** [CMakeFiles/manual_composition.dir/build.make:76: CMakeFiles/manual_composition.dir/src/manual_composition.cpp.o] Error 1
[0.432s] gmake[1]: *** [CMakeFiles/Makefile2:137: CMakeFiles/manual_composition.dir/all] Error 2
[0.432s] gmake: *** [Makefile:146: all] Error 2
[0.434s] Invoked command in '/home/sven/ros2_ws/build/components_cpp' returned '2': CMAKE_PREFIX_PATH=${CMAKE_PREFIX_PATH}:/home/sven/ros2_ws/install/components_py:/home/sven/ros2_ws/install/executors_py:/home/sven/ros2_ws/install/my_py_pkg:/home/sven/ros2_ws/install/actions_py:/home/sven/ros2_ws/install/lifecycle_py:/opt/ros/humble /usr/bin/cmake --build /home/sven/ros2_ws/build/components_cpp -- -j20 -l20
