[ 80%] Built target count_until_client
[ 80%] Built target count_until_server
[ 80%] [32mBuilding CXX object CMakeFiles/move_robot_server.dir/src/move_robot_server.cpp.o[0m
[ 90%] Built target count_until_server_queue_goals
[ 90%] Built target move_robot_client
[01m[K/home/sven/ros2_ws/src/actions_cpp/src/move_robot_server.cpp:[m[K In member function â€˜[01m[Krclcpp_action::GoalResponse MoveRobotServerNode::goal_callback(const GoalUUID&, std::shared_ptr<const my_robot_interfaces::action::MoveRobot_Goal_<std::allocator<void> > >)[m[Kâ€™:
[01m[K/home/sven/ros2_ws/src/actions_cpp/src/move_robot_server.cpp:38:13:[m[K [01;31m[Kerror: [m[Kexpected â€˜[01m[K;[m[Kâ€™ before â€˜[01m[Kreturn[m[Kâ€™
   38 |             [01;31m[Kreturn[m[K rclcpp_action::GoalResponse::REJECT;
      |             [01;31m[K^~~~~~[m[K
[01m[K/home/sven/ros2_ws/src/actions_cpp/src/move_robot_server.cpp:43:13:[m[K [01;31m[Kerror: [m[Kexpected â€˜[01m[K;[m[Kâ€™ before â€˜[01m[Kreturn[m[Kâ€™
   43 |             [01;31m[Kreturn[m[K rclcpp_action::GoalResponse::REJECT;
      |             [01;31m[K^~~~~~[m[K
gmake[2]: *** [CMakeFiles/move_robot_server.dir/build.make:76: CMakeFiles/move_robot_server.dir/src/move_robot_server.cpp.o] Error 1
gmake[1]: *** [CMakeFiles/Makefile2:223: CMakeFiles/move_robot_server.dir/all] Error 2
gmake: *** [Makefile:146: all] Error 2
