[0.032s] Invoking command in '/home/sven/ros2_ws/build/actions_cpp': CMAKE_PREFIX_PATH=/home/sven/ros2_ws/install/my_robot_interfaces:/home/sven/ros2_ws/install/turtlesim_catch_them_all:/home/sven/ros2_ws/install/my_robot_bringup:/home/sven/ros2_ws/install/my_cpp_pkg:/home/sven/ros2_ws/install/actions_cpp:/home/sven/ros2_ws/install/my_robot_description:/home/sven/install/my_robot_description:/home/sven/ros2_ws/install/my_py_pkg:/home/sven/ros2_ws/install/actions_py:/opt/ros/humble LD_LIBRARY_PATH=/home/sven/ros2_ws/install/my_robot_interfaces/lib:/usr/lib/x86_64-linux-gnu/gazebo-11/plugins:/opt/ros/humble/opt/rviz_ogre_vendor/lib:/opt/ros/humble/lib/x86_64-linux-gnu:/opt/ros/humble/lib:/usr/share/gazebo/../../lib/x86_64-linux-gnu/gazebo-11/plugins /usr/bin/cmake --build /home/sven/ros2_ws/build/actions_cpp -- -j20 -l20
[0.059s] [ 80%] Built target count_until_client
[0.059s] [ 80%] Built target count_until_server
[0.059s] [ 80%] [32mBuilding CXX object CMakeFiles/move_robot_server.dir/src/move_robot_server.cpp.o[0m
[0.059s] [ 90%] Built target count_until_server_queue_goals
[0.059s] [ 90%] Built target move_robot_client
[1.142s] [01m[K/home/sven/ros2_ws/src/actions_cpp/src/move_robot_server.cpp:[m[K In member function â€˜[01m[Krclcpp_action::GoalResponse MoveRobotServerNode::goal_callback(const GoalUUID&, std::shared_ptr<const my_robot_interfaces::action::MoveRobot_Goal_<std::allocator<void> > >)[m[Kâ€™:
[1.142s] [01m[K/home/sven/ros2_ws/src/actions_cpp/src/move_robot_server.cpp:38:13:[m[K [01;31m[Kerror: [m[Kexpected â€˜[01m[K;[m[Kâ€™ before â€˜[01m[Kreturn[m[Kâ€™
[1.142s]    38 |             [01;31m[Kreturn[m[K rclcpp_action::GoalResponse::REJECT;
[1.142s]       |             [01;31m[K^~~~~~[m[K
[1.142s] [01m[K/home/sven/ros2_ws/src/actions_cpp/src/move_robot_server.cpp:43:13:[m[K [01;31m[Kerror: [m[Kexpected â€˜[01m[K;[m[Kâ€™ before â€˜[01m[Kreturn[m[Kâ€™
[1.142s]    43 |             [01;31m[Kreturn[m[K rclcpp_action::GoalResponse::REJECT;
[1.142s]       |             [01;31m[K^~~~~~[m[K
[1.445s] gmake[2]: *** [CMakeFiles/move_robot_server.dir/build.make:76: CMakeFiles/move_robot_server.dir/src/move_robot_server.cpp.o] Error 1
[1.446s] gmake[1]: *** [CMakeFiles/Makefile2:223: CMakeFiles/move_robot_server.dir/all] Error 2
[1.446s] gmake: *** [Makefile:146: all] Error 2
[1.447s] Invoked command in '/home/sven/ros2_ws/build/actions_cpp' returned '2': CMAKE_PREFIX_PATH=/home/sven/ros2_ws/install/my_robot_interfaces:/home/sven/ros2_ws/install/turtlesim_catch_them_all:/home/sven/ros2_ws/install/my_robot_bringup:/home/sven/ros2_ws/install/my_cpp_pkg:/home/sven/ros2_ws/install/actions_cpp:/home/sven/ros2_ws/install/my_robot_description:/home/sven/install/my_robot_description:/home/sven/ros2_ws/install/my_py_pkg:/home/sven/ros2_ws/install/actions_py:/opt/ros/humble LD_LIBRARY_PATH=/home/sven/ros2_ws/install/my_robot_interfaces/lib:/usr/lib/x86_64-linux-gnu/gazebo-11/plugins:/opt/ros/humble/opt/rviz_ogre_vendor/lib:/opt/ros/humble/lib/x86_64-linux-gnu:/opt/ros/humble/lib:/usr/share/gazebo/../../lib/x86_64-linux-gnu/gazebo-11/plugins /usr/bin/cmake --build /home/sven/ros2_ws/build/actions_cpp -- -j20 -l20
