[0.032s] Invoking command in '/home/sven/ros2_ws/build/actions_cpp': CMAKE_PREFIX_PATH=/home/sven/ros2_ws/install/my_robot_interfaces:/home/sven/ros2_ws/install/turtlesim_catch_them_all:/home/sven/ros2_ws/install/my_robot_bringup:/home/sven/ros2_ws/install/my_cpp_pkg:/home/sven/ros2_ws/install/my_robot_description:/home/sven/install/my_robot_description:/home/sven/ros2_ws/install/my_py_pkg:/home/sven/ros2_ws/install/actions_py:/opt/ros/humble LD_LIBRARY_PATH=/home/sven/ros2_ws/install/my_robot_interfaces/lib:/usr/lib/x86_64-linux-gnu/gazebo-11/plugins:/opt/ros/humble/opt/rviz_ogre_vendor/lib:/opt/ros/humble/lib/x86_64-linux-gnu:/opt/ros/humble/lib:/usr/share/gazebo/../../lib/x86_64-linux-gnu/gazebo-11/plugins /usr/bin/cmake --build /home/sven/ros2_ws/build/actions_cpp -- -j20 -l20
[0.054s] [35m[1mConsolidate compiler generated dependencies of target count_until_server[0m
[0.063s] [ 50%] [32mBuilding CXX object CMakeFiles/count_until_server.dir/src/count_until_server.cpp.o[0m
[1.184s] [01m[K/home/sven/ros2_ws/src/actions_cpp/src/count_until_server.cpp:[m[K In constructor â€˜[01m[KCountUntilServerNode::CountUntilServerNode()[m[Kâ€™:
[1.184s] [01m[K/home/sven/ros2_ws/src/actions_cpp/src/count_until_server.cpp:18:13:[m[K [01;31m[Kerror: [m[Kinvalid use of non-static member function â€˜[01m[Krclcpp_action::GoalResponse CountUntilServerNode::goal_callback(const GoalUUID&, std::shared_ptr<const my_robot_interfaces::action::CountUntil_Goal_<std::allocator<void> > >)[m[Kâ€™
[1.184s]    18 |             [01;31m[Kgoal_callback[m[K,
[1.184s]       |             [01;31m[K^~~~~~~~~~~~~[m[K
[1.184s] [01m[K/home/sven/ros2_ws/src/actions_cpp/src/count_until_server.cpp:27:33:[m[K [01;36m[Knote: [m[Kdeclared here
[1.184s]    27 |     rclcpp_action::GoalResponse [01;36m[Kgoal_callback[m[K(
[1.184s]       |                                 [01;36m[K^~~~~~~~~~~~~[m[K
[1.185s] [01m[K/home/sven/ros2_ws/src/actions_cpp/src/count_until_server.cpp:[m[K In member function â€˜[01m[Krclcpp_action::GoalResponse CountUntilServerNode::goal_callback(const GoalUUID&, std::shared_ptr<const my_robot_interfaces::action::CountUntil_Goal_<std::allocator<void> > >)[m[Kâ€™:
[1.185s] [01m[K/home/sven/ros2_ws/src/actions_cpp/src/count_until_server.cpp:28:40:[m[K [01;35m[Kwarning: [m[Kunused parameter â€˜[01m[Kuuid[m[Kâ€™ [[01;35m[K]8;;https://gcc.gnu.org/onlinedocs/gcc/Warning-Options.html#index-Wunused-parameter-Wunused-parameter]8;;[m[K]
[1.185s]    28 |         [01;35m[Kconst rclcpp_action::GoalUUID &uuid[m[K, std::shared_ptr<const CountUntil::Goal> goal)
[1.185s]       |         [01;35m[K~~~~~~~~~~~~~~~~~~~~~~~~~~~~~~~^~~~[m[K
[1.185s] [01m[K/home/sven/ros2_ws/src/actions_cpp/src/count_until_server.cpp:28:86:[m[K [01;35m[Kwarning: [m[Kunused parameter â€˜[01m[Kgoal[m[Kâ€™ [[01;35m[K]8;;https://gcc.gnu.org/onlinedocs/gcc/Warning-Options.html#index-Wunused-parameter-Wunused-parameter]8;;[m[K]
[1.185s]    28 |         const rclcpp_action::GoalUUID &uuid, [01;35m[Kstd::shared_ptr<const CountUntil::Goal> goal[m[K)
[1.185s]       |                                              [01;35m[K~~~~~~~~~~~~~~~~~~~~~~~~~~~~~~~~~~~~~~~~^~~~[m[K
[1.186s] [01m[K/home/sven/ros2_ws/src/actions_cpp/src/count_until_server.cpp:[m[K In member function â€˜[01m[Krclcpp_action::CancelResponse CountUntilServerNode::cancel_callback(std::shared_ptr<rclcpp_action::ServerGoalHandle<my_robot_interfaces::action::CountUntil> >)[m[Kâ€™:
[1.186s] [01m[K/home/sven/ros2_ws/src/actions_cpp/src/count_until_server.cpp:34:53:[m[K [01;35m[Kwarning: [m[Kunused parameter â€˜[01m[Kgoal_handle[m[Kâ€™ [[01;35m[K]8;;https://gcc.gnu.org/onlinedocs/gcc/Warning-Options.html#index-Wunused-parameter-Wunused-parameter]8;;[m[K]
[1.186s]    34 |         [01;35m[Kconst std::shared_ptr<CountUntilGoalHandle> goal_handle[m[K)
[1.186s]       |         [01;35m[K~~~~~~~~~~~~~~~~~~~~~~~~~~~~~~~~~~~~~~~~~~~~^~~~~~~~~~~[m[K
[1.423s] gmake[2]: *** [CMakeFiles/count_until_server.dir/build.make:76: CMakeFiles/count_until_server.dir/src/count_until_server.cpp.o] Error 1
[1.423s] gmake[1]: *** [CMakeFiles/Makefile2:137: CMakeFiles/count_until_server.dir/all] Error 2
[1.424s] gmake: *** [Makefile:146: all] Error 2
[1.425s] Invoked command in '/home/sven/ros2_ws/build/actions_cpp' returned '2': CMAKE_PREFIX_PATH=/home/sven/ros2_ws/install/my_robot_interfaces:/home/sven/ros2_ws/install/turtlesim_catch_them_all:/home/sven/ros2_ws/install/my_robot_bringup:/home/sven/ros2_ws/install/my_cpp_pkg:/home/sven/ros2_ws/install/my_robot_description:/home/sven/install/my_robot_description:/home/sven/ros2_ws/install/my_py_pkg:/home/sven/ros2_ws/install/actions_py:/opt/ros/humble LD_LIBRARY_PATH=/home/sven/ros2_ws/install/my_robot_interfaces/lib:/usr/lib/x86_64-linux-gnu/gazebo-11/plugins:/opt/ros/humble/opt/rviz_ogre_vendor/lib:/opt/ros/humble/lib/x86_64-linux-gnu:/opt/ros/humble/lib:/usr/share/gazebo/../../lib/x86_64-linux-gnu/gazebo-11/plugins /usr/bin/cmake --build /home/sven/ros2_ws/build/actions_cpp -- -j20 -l20
