[35m[1mConsolidate compiler generated dependencies of target led_panel_status_publisher[0m
[ 30%] Built target cpp_node
[ 30%] Built target robot_news_station
[ 30%] Built target smartphone
[ 40%] Built target number_publisher
[ 60%] Built target number_counter
[ 60%] Built target add_two_ints_server
[ 70%] Built target add_two_ints_client
[ 85%] [32mBuilding CXX object CMakeFiles/led_panel_status_publisher.dir/src/led_panel_node.cpp.o[0m
[ 95%] Built target add_two_ints_client_no_oop
[ 95%] Built target hardware_status_publisher
[01m[K/home/cleanseasolutions/ros2_ws/src/my_cpp_pkg/src/led_panel_node.cpp:[m[K In constructor â€˜[01m[KLEDPanelPublisherNode::LEDPanelPublisherNode()[m[Kâ€™:
[01m[K/home/cleanseasolutions/ros2_ws/src/my_cpp_pkg/src/led_panel_node.cpp:10:67:[m[K [01;31m[Kerror: [m[Kclass â€˜[01m[KLEDPanelPublisherNode[m[Kâ€™ does not have any field named â€˜[01m[Kled_states_[m[Kâ€™
   10 |     LEDPanelPublisherNode() : Node("led_panel_status_publisher"), [01;31m[Kled_states_[m[K(3, 0)
      |                                                                   [01;31m[K^~~~~~~~~~~[m[K
[01m[K/home/cleanseasolutions/ros2_ws/src/my_cpp_pkg/src/led_panel_node.cpp:[m[K In member function â€˜[01m[Kvoid LEDPanelPublisherNode::publishLedPanelStatus()[m[Kâ€™:
[01m[K/home/cleanseasolutions/ros2_ws/src/my_cpp_pkg/src/led_panel_node.cpp:25:26:[m[K [01;31m[Kerror: [m[Kâ€˜[01m[Kled_states_[m[Kâ€™ was not declared in this scope; did you mean â€˜[01m[Kled_states[m[Kâ€™?
   25 |         msg.led_status = [01;31m[Kled_states_[m[K;
      |                          [01;31m[K^~~~~~~~~~~[m[K
      |                          [32m[Kled_states[m[K
gmake[2]: *** [CMakeFiles/led_panel_status_publisher.dir/build.make:76: CMakeFiles/led_panel_status_publisher.dir/src/led_panel_node.cpp.o] Error 1
gmake[1]: *** [CMakeFiles/Makefile2:389: CMakeFiles/led_panel_status_publisher.dir/all] Error 2
gmake: *** [Makefile:146: all] Error 2
