[0.031s] Invoking command in '/home/sven/ros2_ws/build/actions_cpp': CMAKE_PREFIX_PATH=/home/sven/ros2_ws/install/my_robot_interfaces:/home/sven/ros2_ws/install/turtlesim_catch_them_all:/home/sven/ros2_ws/install/my_robot_bringup:/home/sven/ros2_ws/install/my_cpp_pkg:/home/sven/ros2_ws/install/actions_cpp:/home/sven/ros2_ws/install/my_robot_description:/home/sven/install/my_robot_description:/home/sven/ros2_ws/install/my_py_pkg:/home/sven/ros2_ws/install/actions_py:/opt/ros/humble LD_LIBRARY_PATH=/home/sven/ros2_ws/install/my_robot_interfaces/lib:/usr/lib/x86_64-linux-gnu/gazebo-11/plugins:/opt/ros/humble/opt/rviz_ogre_vendor/lib:/opt/ros/humble/lib/x86_64-linux-gnu:/opt/ros/humble/lib:/usr/share/gazebo/../../lib/x86_64-linux-gnu/gazebo-11/plugins /usr/bin/cmake --build /home/sven/ros2_ws/build/actions_cpp -- -j20 -l20
[0.054s] [35m[1mConsolidate compiler generated dependencies of target move_robot_server[0m
[0.060s] [ 60%] Built target count_until_server
[0.060s] [ 60%] Built target count_until_client
[0.060s] [ 60%] Built target count_until_server_queue_goals
[0.060s] [ 80%] Built target move_robot_client
[0.062s] [ 90%] [32mBuilding CXX object CMakeFiles/move_robot_server.dir/src/move_robot_server.cpp.o[0m
[1.127s] [01m[K/home/sven/ros2_ws/src/actions_cpp/src/move_robot_server.cpp:[m[K In constructor â€˜[01m[KMoveRobotServerNode::MoveRobotServerNode()[m[Kâ€™:
[1.127s] [01m[K/home/sven/ros2_ws/src/actions_cpp/src/move_robot_server.cpp:21:42:[m[K [01;31m[Kerror: [m[Ktoo few arguments to function â€˜[01m[Kconst rcl_action_server_options_t* rcl_action_server_get_options(const rcl_action_server_t*)[m[Kâ€™
[1.127s]    21 |             [01;31m[Krcl_action_server_get_options()[m[K,
[1.127s]       |             [01;31m[K~~~~~~~~~~~~~~~~~~~~~~~~~~~~~^~[m[K
[1.127s] In file included from [01m[K/opt/ros/humble/include/rclcpp_action/rclcpp_action/create_server.hpp:21[m[K,
[1.127s]                  from [01m[K/opt/ros/humble/include/rclcpp_action/rclcpp_action/rclcpp_action.hpp:39[m[K,
[1.127s]                  from [01m[K/home/sven/ros2_ws/src/actions_cpp/src/move_robot_server.cpp:2[m[K:
[1.127s] [01m[K/opt/ros/humble/include/rcl_action/rcl_action/action_server.h:820:1:[m[K [01;36m[Knote: [m[Kdeclared here
[1.127s]   820 | [01;36m[Krcl_action_server_get_options[m[K(const rcl_action_server_t * action_server);
[1.127s]       | [01;36m[K^~~~~~~~~~~~~~~~~~~~~~~~~~~~~[m[K
[1.128s] [01m[K/home/sven/ros2_ws/src/actions_cpp/src/move_robot_server.cpp:[m[K In member function â€˜[01m[Krclcpp_action::GoalResponse MoveRobotServerNode::goal_callback(const GoalUUID&, std::shared_ptr<const my_robot_interfaces::action::MoveRobot_Goal_<std::allocator<void> > >)[m[Kâ€™:
[1.128s] [01m[K/home/sven/ros2_ws/src/actions_cpp/src/move_robot_server.cpp:54:35:[m[K [01;31m[Kerror: [m[Kâ€˜[01m[Kusing element_type = struct my_robot_interfaces::action::MoveRobot[m[Kâ€™ {aka â€˜[01m[Kstruct my_robot_interfaces::action::MoveRobot[m[Kâ€™} has no member named â€˜[01m[Kis_active[m[Kâ€™
[1.128s]    54 |                 if (goal_handle_->[01;31m[Kis_active[m[K())
[1.128s]       |                                   [01;31m[K^~~~~~~~~[m[K
[1.129s] [01m[K/home/sven/ros2_ws/src/actions_cpp/src/move_robot_server.cpp:57:56:[m[K [01;31m[Kerror: [m[Kâ€˜[01m[Kusing element_type = struct my_robot_interfaces::action::MoveRobot[m[Kâ€™ {aka â€˜[01m[Kstruct my_robot_interfaces::action::MoveRobot[m[Kâ€™} has no member named â€˜[01m[Kget_goal_id[m[Kâ€™
[1.129s]    57 |                     preempted_goal_id_ = goal_handle_->[01;31m[Kget_goal_id[m[K();
[1.129s]       |                                                        [01;31m[K^~~~~~~~~~~[m[K
[1.131s] [01m[K/home/sven/ros2_ws/src/actions_cpp/src/move_robot_server.cpp:[m[K In member function â€˜[01m[Kvoid MoveRobotServerNode::execute_goal(std::shared_ptr<rclcpp_action::ServerGoalHandle<my_robot_interfaces::action::MoveRobot> >)[m[Kâ€™:
[1.131s] [01m[K/home/sven/ros2_ws/src/actions_cpp/src/move_robot_server.cpp:90:34:[m[K [01;31m[Kerror: [m[Kno match for â€˜[01m[Koperator=[m[Kâ€™ (operand types are â€˜[01m[Kstd::shared_ptr<my_robot_interfaces::action::MoveRobot>[m[Kâ€™ and â€˜[01m[Kconst std::shared_ptr<rclcpp_action::ServerGoalHandle<my_robot_interfaces::action::MoveRobot> >[m[Kâ€™)
[1.131s]    90 |             this->goal_handle_ = [01;31m[Kgoal_handle[m[K;
[1.131s]       |                                  [01;31m[K^~~~~~~~~~~[m[K
[1.132s] In file included from [01m[K/usr/include/c++/11/memory:77[m[K,
[1.132s]                  from [01m[K/opt/ros/humble/include/rclcpp/rclcpp/rclcpp.hpp:153[m[K,
[1.132s]                  from [01m[K/home/sven/ros2_ws/src/actions_cpp/src/move_robot_server.cpp:1[m[K:
[1.132s] [01m[K/usr/include/c++/11/bits/shared_ptr.h:363:9:[m[K [01;36m[Knote: [m[Kcandidate: â€˜[01m[Ktemplate<class _Yp> std::shared_ptr<_Tp>::_Assignable<const std::shared_ptr<_Yp>&> std::shared_ptr<_Tp>::operator=(const std::shared_ptr<_Yp>&) [with _Yp = _Yp; _Tp = my_robot_interfaces::action::MoveRobot][m[Kâ€™
[1.132s]   363 |         [01;36m[Koperator[m[K=(const shared_ptr<_Yp>& __r) noexcept
[1.132s]       |         [01;36m[K^~~~~~~~[m[K
[1.132s] [01m[K/usr/include/c++/11/bits/shared_ptr.h:363:9:[m[K [01;36m[Knote: [m[K  template argument deduction/substitution failed:
[1.132s] /usr/include/c++/11/bits/shared_ptr.h: In substitution of â€˜[01m[Ktemplate<class _Tp> template<class _Arg> using _Assignable = typename std::enable_if<std::is_assignable<std::__shared_ptr<_Tp>&, _Arg>::value, std::shared_ptr<_Tp>&>::type [with _Arg = const std::shared_ptr<rclcpp_action::ServerGoalHandle<my_robot_interfaces::action::MoveRobot> >&; _Tp = my_robot_interfaces::action::MoveRobot][m[Kâ€™:
[1.132s] [01m[K/usr/include/c++/11/bits/shared_ptr.h:363:2:[m[K   required by substitution of â€˜[01m[Ktemplate<class _Yp> std::shared_ptr<my_robot_interfaces::action::MoveRobot>::_Assignable<const std::shared_ptr<_Tp>&> std::shared_ptr<my_robot_interfaces::action::MoveRobot>::operator=<_Yp>(const std::shared_ptr<_Tp>&) [with _Yp = rclcpp_action::ServerGoalHandle<my_robot_interfaces::action::MoveRobot>][m[Kâ€™
[1.132s] [01m[K/home/sven/ros2_ws/src/actions_cpp/src/move_robot_server.cpp:90:34:[m[K   required from here
[1.132s] [01m[K/usr/include/c++/11/bits/shared_ptr.h:130:15:[m[K [01;31m[Kerror: [m[Kno type named â€˜[01m[Ktype[m[Kâ€™ in â€˜[01m[Kstruct std::enable_if<false, std::shared_ptr<my_robot_interfaces::action::MoveRobot>&>[m[Kâ€™
[1.132s]   130 |         using [01;31m[K_Assignable[m[K = typename enable_if<
[1.132s]       |               [01;31m[K^~~~~~~~~~~[m[K
[1.132s] [01m[K/usr/include/c++/11/bits/shared_ptr.h:374:9:[m[K [01;36m[Knote: [m[Kcandidate: â€˜[01m[Ktemplate<class _Yp> std::shared_ptr<_Tp>::_Assignable<std::auto_ptr<_Up> > std::shared_ptr<_Tp>::operator=(std::auto_ptr<_Up>&&) [with _Yp = _Yp; _Tp = my_robot_interfaces::action::MoveRobot][m[Kâ€™
[1.132s]   374 |         [01;36m[Koperator[m[K=(auto_ptr<_Yp>&& __r)
[1.132s]       |         [01;36m[K^~~~~~~~[m[K
[1.132s] [01m[K/usr/include/c++/11/bits/shared_ptr.h:374:9:[m[K [01;36m[Knote: [m[K  template argument deduction/substitution failed:
[1.132s] [01m[K/home/sven/ros2_ws/src/actions_cpp/src/move_robot_server.cpp:90:34:[m[K [01;36m[Knote: [m[K  types â€˜[01m[Kstd::auto_ptr<_Up>[m[Kâ€™ and â€˜[01m[Kconst std::shared_ptr<rclcpp_action::ServerGoalHandle<my_robot_interfaces::action::MoveRobot> >[m[Kâ€™ have incompatible cv-qualifiers
[1.132s]    90 |             this->goal_handle_ = [01;36m[Kgoal_handle[m[K;
[1.132s]       |                                  [01;36m[K^~~~~~~~~~~[m[K
[1.132s] In file included from [01m[K/usr/include/c++/11/memory:77[m[K,
[1.132s]                  from [01m[K/opt/ros/humble/include/rclcpp/rclcpp/rclcpp.hpp:153[m[K,
[1.132s]                  from [01m[K/home/sven/ros2_ws/src/actions_cpp/src/move_robot_server.cpp:1[m[K:
[1.132s] [01m[K/usr/include/c++/11/bits/shared_ptr.h:391:9:[m[K [01;36m[Knote: [m[Kcandidate: â€˜[01m[Ktemplate<class _Yp> std::shared_ptr<_Tp>::_Assignable<std::shared_ptr<_Yp> > std::shared_ptr<_Tp>::operator=(std::shared_ptr<_Yp>&&) [with _Yp = _Yp; _Tp = my_robot_interfaces::action::MoveRobot][m[Kâ€™
[1.132s]   391 |         [01;36m[Koperator[m[K=(shared_ptr<_Yp>&& __r) noexcept
[1.132s]       |         [01;36m[K^~~~~~~~[m[K
[1.132s] [01m[K/usr/include/c++/11/bits/shared_ptr.h:391:9:[m[K [01;36m[Knote: [m[K  template argument deduction/substitution failed:
[1.132s] [01m[K/home/sven/ros2_ws/src/actions_cpp/src/move_robot_server.cpp:90:34:[m[K [01;36m[Knote: [m[K  types â€˜[01m[Kstd::shared_ptr<_Tp>[m[Kâ€™ and â€˜[01m[Kconst std::shared_ptr<rclcpp_action::ServerGoalHandle<my_robot_interfaces::action::MoveRobot> >[m[Kâ€™ have incompatible cv-qualifiers
[1.132s]    90 |             this->goal_handle_ = [01;36m[Kgoal_handle[m[K;
[1.132s]       |                                  [01;36m[K^~~~~~~~~~~[m[K
[1.132s] In file included from [01m[K/usr/include/c++/11/memory:77[m[K,
[1.132s]                  from [01m[K/opt/ros/humble/include/rclcpp/rclcpp/rclcpp.hpp:153[m[K,
[1.132s]                  from [01m[K/home/sven/ros2_ws/src/actions_cpp/src/move_robot_server.cpp:1[m[K:
[1.132s] [01m[K/usr/include/c++/11/bits/shared_ptr.h:399:9:[m[K [01;36m[Knote: [m[Kcandidate: â€˜[01m[Ktemplate<class _Yp, class _Del> std::shared_ptr<_Tp>::_Assignable<std::unique_ptr<_Up, _Ep> > std::shared_ptr<_Tp>::operator=(std::unique_ptr<_Up, _Ep>&&) [with _Yp = _Yp; _Del = _Del; _Tp = my_robot_interfaces::action::MoveRobot][m[Kâ€™
[1.132s]   399 |         [01;36m[Koperator[m[K=(unique_ptr<_Yp, _Del>&& __r)
[1.132s]       |         [01;36m[K^~~~~~~~[m[K
[1.132s] [01m[K/usr/include/c++/11/bits/shared_ptr.h:399:9:[m[K [01;36m[Knote: [m[K  template argument deduction/substitution failed:
[1.132s] [01m[K/home/sven/ros2_ws/src/actions_cpp/src/move_robot_server.cpp:90:34:[m[K [01;36m[Knote: [m[K  types â€˜[01m[Kstd::unique_ptr<_Tp, _Dp>[m[Kâ€™ and â€˜[01m[Kconst std::shared_ptr<rclcpp_action::ServerGoalHandle<my_robot_interfaces::action::MoveRobot> >[m[Kâ€™ have incompatible cv-qualifiers
[1.132s]    90 |             this->goal_handle_ = [01;36m[Kgoal_handle[m[K;
[1.132s]       |                                  [01;36m[K^~~~~~~~~~~[m[K
[1.132s] In file included from [01m[K/usr/include/c++/11/memory:77[m[K,
[1.132s]                  from [01m[K/opt/ros/humble/include/rclcpp/rclcpp/rclcpp.hpp:153[m[K,
[1.132s]                  from [01m[K/home/sven/ros2_ws/src/actions_cpp/src/move_robot_server.cpp:1[m[K:
[1.132s] [01m[K/usr/include/c++/11/bits/shared_ptr.h:359:19:[m[K [01;36m[Knote: [m[Kcandidate: â€˜[01m[Kstd::shared_ptr<_Tp>& std::shared_ptr<_Tp>::operator=(const std::shared_ptr<_Tp>&) [with _Tp = my_robot_interfaces::action::MoveRobot][m[Kâ€™
[1.132s]   359 |       shared_ptr& [01;36m[Koperator[m[K=(const shared_ptr&) noexcept = default;
[1.132s]       |                   [01;36m[K^~~~~~~~[m[K
[1.132s] [01m[K/usr/include/c++/11/bits/shared_ptr.h:359:29:[m[K [01;36m[Knote: [m[K  no known conversion for argument 1 from â€˜[01m[Kconst std::shared_ptr<rclcpp_action::ServerGoalHandle<my_robot_interfaces::action::MoveRobot> >[m[Kâ€™ to â€˜[01m[Kconst std::shared_ptr<my_robot_interfaces::action::MoveRobot>&[m[Kâ€™
[1.132s]   359 |       shared_ptr& operator=([01;36m[Kconst shared_ptr&[m[K) noexcept = default;
[1.132s]       |                             [01;36m[K^~~~~~~~~~~~~~~~~[m[K
[1.132s] [01m[K/usr/include/c++/11/bits/shared_ptr.h:383:7:[m[K [01;36m[Knote: [m[Kcandidate: â€˜[01m[Kstd::shared_ptr<_Tp>& std::shared_ptr<_Tp>::operator=(std::shared_ptr<_Tp>&&) [with _Tp = my_robot_interfaces::action::MoveRobot][m[Kâ€™
[1.132s]   383 |       [01;36m[Koperator[m[K=(shared_ptr&& __r) noexcept
[1.133s]       |       [01;36m[K^~~~~~~~[m[K
[1.133s] [01m[K/usr/include/c++/11/bits/shared_ptr.h:383:30:[m[K [01;36m[Knote: [m[K  no known conversion for argument 1 from â€˜[01m[Kconst std::shared_ptr<rclcpp_action::ServerGoalHandle<my_robot_interfaces::action::MoveRobot> >[m[Kâ€™ to â€˜[01m[Kstd::shared_ptr<my_robot_interfaces::action::MoveRobot>&&[m[Kâ€™
[1.133s]   383 |       operator=([01;36m[Kshared_ptr&& __r[m[K) noexcept
[1.133s]       |                 [01;36m[K~~~~~~~~~~~~~^~~[m[K
[1.372s] gmake[2]: *** [CMakeFiles/move_robot_server.dir/build.make:76: CMakeFiles/move_robot_server.dir/src/move_robot_server.cpp.o] Error 1
[1.372s] gmake[1]: *** [CMakeFiles/Makefile2:223: CMakeFiles/move_robot_server.dir/all] Error 2
[1.372s] gmake: *** [Makefile:146: all] Error 2
[1.374s] Invoked command in '/home/sven/ros2_ws/build/actions_cpp' returned '2': CMAKE_PREFIX_PATH=/home/sven/ros2_ws/install/my_robot_interfaces:/home/sven/ros2_ws/install/turtlesim_catch_them_all:/home/sven/ros2_ws/install/my_robot_bringup:/home/sven/ros2_ws/install/my_cpp_pkg:/home/sven/ros2_ws/install/actions_cpp:/home/sven/ros2_ws/install/my_robot_description:/home/sven/install/my_robot_description:/home/sven/ros2_ws/install/my_py_pkg:/home/sven/ros2_ws/install/actions_py:/opt/ros/humble LD_LIBRARY_PATH=/home/sven/ros2_ws/install/my_robot_interfaces/lib:/usr/lib/x86_64-linux-gnu/gazebo-11/plugins:/opt/ros/humble/opt/rviz_ogre_vendor/lib:/opt/ros/humble/lib/x86_64-linux-gnu:/opt/ros/humble/lib:/usr/share/gazebo/../../lib/x86_64-linux-gnu/gazebo-11/plugins /usr/bin/cmake --build /home/sven/ros2_ws/build/actions_cpp -- -j20 -l20
