-- Found ament_cmake: 1.3.7 (/opt/ros/humble/share/ament_cmake/cmake)
-- Found my_robot_interfaces: 0.0.0 (/home/cleanseasolutions/ros2_ws/install/my_robot_interfaces/share/my_robot_interfaces/cmake)
-- Found rosidl_generator_c: 3.1.5 (/opt/ros/humble/share/rosidl_generator_c/cmake)
-- Found rosidl_adapter: 3.1.5 (/opt/ros/humble/share/rosidl_adapter/cmake)
-- Found rosidl_generator_cpp: 3.1.5 (/opt/ros/humble/share/rosidl_generator_cpp/cmake)
-- Using all available rosidl_typesupport_c: rosidl_typesupport_fastrtps_c;rosidl_typesupport_introspection_c
-- Using all available rosidl_typesupport_cpp: rosidl_typesupport_fastrtps_cpp;rosidl_typesupport_introspection_cpp
-- Found rclcpp: 16.0.8 (/opt/ros/humble/share/rclcpp/cmake)
-- Found rmw_implementation_cmake: 6.1.1 (/opt/ros/humble/share/rmw_implementation_cmake/cmake)
-- Found rmw_fastrtps_cpp: 6.2.6 (/opt/ros/humble/share/rmw_fastrtps_cpp/cmake)
-- Using RMW implementation 'rmw_fastrtps_cpp' as default
-- Found turtlesim: 1.4.2 (/opt/ros/humble/share/turtlesim/cmake)
-- Configuring done
-- Generating done
-- Build files have been written to: /home/cleanseasolutions/ros2_ws/build/turtlesim_catch_them_all
[35m[1mConsolidate compiler generated dependencies of target turtle_controller[0m
[ 25%] [32mBuilding CXX object CMakeFiles/turtle_spawner.dir/src/turtle_spawner_node.cpp.o[0m
[ 50%] [32mBuilding CXX object CMakeFiles/turtle_controller.dir/src/turtle_controller_node.cpp.o[0m
[01m[K/home/cleanseasolutions/ros2_ws/src/turtlesim_catch_them_all/src/turtle_controller_node.cpp:39:84:[m[K [01;31m[Kerror: [m[Kâ€˜[01m[KAliveTurtles[m[Kâ€™ in namespace â€˜[01m[Kmy_robot_interfaces::msg[m[Kâ€™ does not name a type
   39 |      std::pair<int, int> callbackFindNextTarget(const my_robot_interfaces::msg::[01;31m[KAliveTurtles[m[K::SharedPtr turtle_msg)
      |                                                                                 [01;31m[K^~~~~~~~~~~~[m[K

[01m[K/home/cleanseasolutions/ros2_ws/src/turtlesim_catch_them_all/src/turtle_controller_node.cpp:39:108:[m[K [01;31m[Kerror: [m[Kexpected unqualified-id before â€˜[01m[Kturtle_msg[m[Kâ€™
   39 |  callbackFindNextTarget(const my_robot_interfaces::msg::AliveTurtles::SharedPtr [01;31m[Kturtle_msg[m[K)
      |                                                                                 [01;31m[K^~~~~~~~~~[m[K

[01m[K/home/cleanseasolutions/ros2_ws/src/turtlesim_catch_them_all/src/turtle_controller_node.cpp:39:107:[m[K [01;31m[Kerror: [m[Kexpected â€˜[01m[K)[m[Kâ€™ before â€˜[01m[Kturtle_msg[m[Kâ€™
   39 | > callbackFindNextTarget[34m[K([m[Kconst my_robot_interfaces::msg::AliveTurtles::SharedPtr[01;31m[K [m[K[32m[Kturtle_msg[m[K)
      |                         [34m[K~[m[K                                                       [01;31m[K^[m[K[32m[K~~~~~~~~~~[m[K
      |                                                                                 [32m[K)[m[K
[01m[K/home/cleanseasolutions/ros2_ws/src/turtlesim_catch_them_all/src/turtle_controller_node.cpp:39:98:[m[K [01;31m[Kerror: [m[Kexpected â€˜[01m[K;[m[Kâ€™ at end of member declaration
   39 | <int, int> callbackFindNextTarget(const my_robot_interfaces::msg::AliveTurtles::[01;31m[KSharedPtr[m[K turtle_msg)
      |                                                                                 [01;31m[K^~~~~~~~~[m[K
      |                                                                                          [32m[K;[m[K
[01m[K/home/cleanseasolutions/ros2_ws/src/turtlesim_catch_them_all/src/turtle_controller_node.cpp:39:108:[m[K [01;31m[Kerror: [m[Kâ€˜[01m[Kturtle_msg[m[Kâ€™ does not name a type
   39 |  callbackFindNextTarget(const my_robot_interfaces::msg::AliveTurtles::SharedPtr [01;31m[Kturtle_msg[m[K)
      |                                                                                 [01;31m[K^~~~~~~~~~[m[K

[01m[K/home/cleanseasolutions/ros2_ws/src/turtlesim_catch_them_all/src/turtle_spawner_node.cpp:32:6:[m[K [01;31m[Kerror: [m[KISO C++ forbids declaration of â€˜[01m[KcallSpawnService[m[Kâ€™ with no type [[01;31m[K]8;;https://gcc.gnu.org/onlinedocs/gcc/Warning-Options.html#index-fpermissive-fpermissive]8;;[m[K]
   32 |      [01;31m[KcallSpawnService[m[K()
      |      [01;31m[K^~~~~~~~~~~~~~~~[m[K
[01m[K/home/cleanseasolutions/ros2_ws/src/turtlesim_catch_them_all/src/turtle_spawner_node.cpp:[m[K In constructor â€˜[01m[KTurtleSpawnerNode::TurtleSpawnerNode()[m[Kâ€™:
[01m[K/home/cleanseasolutions/ros2_ws/src/turtlesim_catch_them_all/src/turtle_spawner_node.cpp:13:9:[m[K [01;31m[Kerror: [m[Kâ€˜[01m[Kpublisher_[m[Kâ€™ was not declared in this scope; did you mean â€˜[01m[Krmw_publisher_t[m[Kâ€™?
   13 |         [01;31m[Kpublisher_[m[K = this->create_publisher<example_interfaces::msg::String>(
      |         [01;31m[K^~~~~~~~~~[m[K
      |         [32m[Krmw_publisher_t[m[K
[01m[K/home/cleanseasolutions/ros2_ws/src/turtlesim_catch_them_all/src/turtle_spawner_node.cpp:13:45:[m[K [01;31m[Kerror: [m[Kâ€˜[01m[Kexample_interfaces[m[Kâ€™ was not declared in this scope; did you mean â€˜[01m[Krcl_interfaces[m[Kâ€™?
   13 |         publisher_ = this->create_publisher<[01;31m[Kexample_interfaces[m[K::msg::String>(
      |                                             [01;31m[K^~~~~~~~~~~~~~~~~~[m[K
      |                                             [32m[Krcl_interfaces[m[K
[01m[K/home/cleanseasolutions/ros2_ws/src/turtlesim_catch_them_all/src/turtle_spawner_node.cpp:13:28:[m[K [01;31m[Kerror: [m[Kparse error in template argument list
   13 |         publisher_ = this->[01;31m[Kcreate_publisher<example_interfaces::msg::String>[m[K(
      |                            [01;31m[K^~~~~~~~~~~~~~~~~~~~~~~~~~~~~~~~~~~~~~~~~~~~~~~~~[m[K
[01m[K/home/cleanseasolutions/ros2_ws/src/turtlesim_catch_them_all/src/turtle_spawner_node.cpp:13:77:[m[K [01;31m[Kerror: [m[Kno matching function for call to â€˜[01m[KTurtleSpawnerNode::create_publisher<<expression error> >(const char [14], int)[m[Kâ€™
   13 |         publisher_ = [01;31m[Kthis->create_publisher<example_interfaces::msg::String>([m[K
      |                      [01;31m[K~~~~~~~~~~~~~~~~~~~~~~~~~~~~~~~~~~~~~~~~~~~~~~~~~~~~~~~^[m[K
   14 | [01;31m[K            "alive_turtles",[m[K
      |             [01;31m[K~~~~~~~~~~~~~~~~[m[K                                                 
   15 | [01;31m[K            10)[m[K;
      |             [01;31m[K~~~[m[K                                                              
In file included from [01m[K/opt/ros/humble/include/rclcpp/rclcpp/executors/single_threaded_executor.hpp:28[m[K,
                 from [01m[K/opt/ros/humble/include/rclcpp/rclcpp/executors.hpp:22[m[K,
                 from [01m[K/opt/ros/humble/include/rclcpp/rclcpp/rclcpp.hpp:155[m[K,
                 from [01m[K/home/cleanseasolutions/ros2_ws/src/turtlesim_catch_them_all/src/turtle_spawner_node.cpp:1[m[K:
[01m[K/opt/ros/humble/include/rclcpp/rclcpp/node.hpp:195:3:[m[K [01;36m[Knote: [m[Kcandidate: â€˜[01m[Ktemplate<class MessageT, class AllocatorT, class PublisherT> std::shared_ptr<PublisherT> rclcpp::Node::create_publisher(const string&, const rclcpp::QoS&, const rclcpp::PublisherOptionsWithAllocator<AllocatorT>&)[m[Kâ€™
  195 |   [01;36m[Kcreate_publisher[m[K(
      |   [01;36m[K^~~~~~~~~~~~~~~~[m[K
[01m[K/opt/ros/humble/include/rclcpp/rclcpp/node.hpp:195:3:[m[K [01;36m[Knote: [m[K  template argument deduction/substitution failed:
[01m[K/home/cleanseasolutions/ros2_ws/src/turtlesim_catch_them_all/src/turtle_spawner_node.cpp:13:77:[m[K [01;31m[Kerror: [m[Ktemplate argument 1 is invalid
   13 |         publisher_ = [01;31m[Kthis->create_publisher<example_interfaces::msg::String>([m[K
      |                      [01;31m[K~~~~~~~~~~~~~~~~~~~~~~~~~~~~~~~~~~~~~~~~~~~~~~~~~~~~~~~^[m[K
   14 | [01;31m[K            "alive_turtles",[m[K
      |             [01;31m[K~~~~~~~~~~~~~~~~[m[K                                                 
   15 | [01;31m[K            10)[m[K;
      |             [01;31m[K~~~[m[K                                                              
[01m[K/home/cleanseasolutions/ros2_ws/src/turtlesim_catch_them_all/src/turtle_spawner_node.cpp:[m[K In member function â€˜[01m[Kvoid TurtleSpawnerNode::publishFunction()[m[Kâ€™:
[01m[K/home/cleanseasolutions/ros2_ws/src/turtlesim_catch_them_all/src/turtle_spawner_node.cpp:25:20:[m[K [01;31m[Kerror: [m[Kâ€˜[01m[Kexample_interfaces[m[Kâ€™ has not been declared
   25 |         auto msg = [01;31m[Kexample_interfaces[m[K::msg::String(); //TODO (Ex: String, Int64...)
      |                    [01;31m[K^~~~~~~~~~~~~~~~~~[m[K
[01m[K/home/cleanseasolutions/ros2_ws/src/turtlesim_catch_them_all/src/turtle_controller_node.cpp:64:56:[m[K [01;31m[Kerror: [m[Kâ€˜[01m[KAliveTurtles[m[Kâ€™ is not a member of â€˜[01m[Kmy_robot_interfaces::msg[m[Kâ€™
   64 |         rclcpp::Subscription<my_robot_interfaces::msg::[01;31m[KAliveTurtles[m[K>::SharedPtr turtle_subscriber_;
      |                                                        [01;31m[K^~~~~~~~~~~~[m[K
[01m[K/home/cleanseasolutions/ros2_ws/src/turtlesim_catch_them_all/src/turtle_controller_node.cpp:64:68:[m[K [01;31m[Kerror: [m[Ktemplate argument 1 is invalid
   64 |         rclcpp::Subscription<my_robot_interfaces::msg::AliveTurtles[01;31m[K>[m[K::SharedPtr turtle_subscriber_;
      |                                                                    [01;31m[K^[m[K
[01m[K/home/cleanseasolutions/ros2_ws/src/turtlesim_catch_them_all/src/turtle_controller_node.cpp:64:68:[m[K [01;31m[Kerror: [m[Ktemplate argument 3 is invalid
[01m[K/home/cleanseasolutions/ros2_ws/src/turtlesim_catch_them_all/src/turtle_controller_node.cpp:64:68:[m[K [01;31m[Kerror: [m[Ktemplate argument 4 is invalid
[01m[K/home/cleanseasolutions/ros2_ws/src/turtlesim_catch_them_all/src/turtle_controller_node.cpp:64:68:[m[K [01;31m[Kerror: [m[Ktemplate argument 5 is invalid
[01m[K/home/cleanseasolutions/ros2_ws/src/turtlesim_catch_them_all/src/turtle_controller_node.cpp:64:71:[m[K [01;31m[Kerror: [m[Kexpected â€˜[01m[K;[m[Kâ€™ at end of member declaration
   64 |         rclcpp::Subscription<my_robot_interfaces::msg::AliveTurtles>::[01;31m[KSharedPtr[m[K turtle_subscriber_;
      |                                                                       [01;31m[K^~~~~~~~~[m[K
      |                                                                                [32m[K;[m[K
[01m[K/home/cleanseasolutions/ros2_ws/src/turtlesim_catch_them_all/src/turtle_spawner_node.cpp:29:9:[m[K [01;31m[Kerror: [m[Kâ€˜[01m[Kpublisher_[m[Kâ€™ was not declared in this scope; did you mean â€˜[01m[Krmw_publisher_t[m[Kâ€™?
   29 |         [01;31m[Kpublisher_[m[K->publish(msg);
      |         [01;31m[K^~~~~~~~~~[m[K
      |         [32m[Krmw_publisher_t[m[K
[01m[K/home/cleanseasolutions/ros2_ws/src/turtlesim_catch_them_all/src/turtle_controller_node.cpp:64:81:[m[K [01;31m[Kerror: [m[Kâ€˜[01m[Kturtle_subscriber_[m[Kâ€™ does not name a type
   64 |         rclcpp::Subscription<my_robot_interfaces::msg::AliveTurtles>::SharedPtr [01;31m[Kturtle_subscriber_[m[K;
      |                                                                                 [01;31m[K^~~~~~~~~~~~~~~~~~[m[K
[01m[K/home/cleanseasolutions/ros2_ws/src/turtlesim_catch_them_all/src/turtle_spawner_node.cpp:[m[K In member function â€˜[01m[Kint TurtleSpawnerNode::callSpawnService()[m[Kâ€™:
[01m[K/home/cleanseasolutions/ros2_ws/src/turtlesim_catch_them_all/src/turtle_spawner_node.cpp:36:43:[m[K [01;31m[Kerror: [m[Kâ€˜[01m[Kturtlesim[m[Kâ€™ was not declared in this scope
   36 |         auto client = this->create_client<[01;31m[Kturtlesim[m[K::srv::Spawn>("spawn");
      |                                           [01;31m[K^~~~~~~~~[m[K
[01m[K/home/cleanseasolutions/ros2_ws/src/turtlesim_catch_them_all/src/turtle_spawner_node.cpp:36:29:[m[K [01;31m[Kerror: [m[Kparse error in template argument list
   36 |         auto client = this->[01;31m[Kcreate_client<turtlesim::srv::Spawn>[m[K("spawn");
      |                             [01;31m[K^~~~~~~~~~~~~~~~~~~~~~~~~~~~~~~~~~~~[m[K
[01m[K/home/cleanseasolutions/ros2_ws/src/turtlesim_catch_them_all/src/turtle_spawner_node.cpp:36:65:[m[K [01;31m[Kerror: [m[Kno matching function for call to â€˜[01m[KTurtleSpawnerNode::create_client<<expression error> >(const char [6])[m[Kâ€™
   36 |         auto client = [01;31m[Kthis->create_client<turtlesim::srv::Spawn>("spawn")[m[K;
      |                       [01;31m[K~~~~~~~~~~~~~~~~~~~~~~~~~~~~~~~~~~~~~~~~~~^~~~~~~~~[m[K
In file included from [01m[K/opt/ros/humble/include/rclcpp/rclcpp/executors/single_threaded_executor.hpp:28[m[K,
                 from [01m[K/opt/ros/humble/include/rclcpp/rclcpp/executors.hpp:22[m[K,
                 from [01m[K/opt/ros/humble/include/rclcpp/rclcpp/rclcpp.hpp:155[m[K,
                 from [01m[K/home/cleanseasolutions/ros2_ws/src/turtlesim_catch_them_all/src/turtle_spawner_node.cpp:1[m[K:
[01m[K/opt/ros/humble/include/rclcpp/rclcpp/node.hpp:252:3:[m[K [01;36m[Knote: [m[Kcandidate: â€˜[01m[Ktemplate<class ServiceT> typename rclcpp::Client<ServiceT>::SharedPtr rclcpp::Node::create_client(const string&, const rmw_qos_profile_t&, rclcpp::CallbackGroup::SharedPtr)[m[Kâ€™
  252 |   [01;36m[Kcreate_client[m[K(
      |   [01;36m[K^~~~~~~~~~~~~[m[K
[01m[K/opt/ros/humble/include/rclcpp/rclcpp/node.hpp:252:3:[m[K [01;36m[Knote: [m[K  template argument deduction/substitution failed:
[01m[K/home/cleanseasolutions/ros2_ws/src/turtlesim_catch_them_all/src/turtle_spawner_node.cpp:36:65:[m[K [01;31m[Kerror: [m[Ktemplate argument 1 is invalid
   36 |         auto client = [01;31m[Kthis->create_client<turtlesim::srv::Spawn>("spawn")[m[K;
      |                       [01;31m[K~~~~~~~~~~~~~~~~~~~~~~~~~~~~~~~~~~~~~~~~~~^~~~~~~~~[m[K
[01m[K/home/cleanseasolutions/ros2_ws/src/turtlesim_catch_them_all/src/turtle_spawner_node.cpp:42:29:[m[K [01;31m[Kerror: [m[Kparse error in template argument list
   42 |         auto request = std::[01;31m[Kmake_shared<turtlesim::srv::Spawn::Request>[m[K();
      |                             [01;31m[K^~~~~~~~~~~~~~~~~~~~~~~~~~~~~~~~~~~~~~~~~~~[m[K
[01m[K/home/cleanseasolutions/ros2_ws/src/turtlesim_catch_them_all/src/turtle_spawner_node.cpp:42:72:[m[K [01;31m[Kerror: [m[Kno matching function for call to â€˜[01m[Kmake_shared<turtlesim>()[m[Kâ€™
   42 |         auto request = [01;31m[Kstd::make_shared<turtlesim::srv::Spawn::Request>()[m[K;
      |                        [01;31m[K~~~~~~~~~~~~~~~~~~~~~~~~~~~~~~~~~~~~~~~~~~~~~~~~^~[m[K
In file included from [01m[K/usr/include/c++/11/memory:77[m[K,
                 from [01m[K/opt/ros/humble/include/rclcpp/rclcpp/rclcpp.hpp:153[m[K,
                 from [01m[K/home/cleanseasolutions/ros2_ws/src/turtlesim_catch_them_all/src/turtle_spawner_node.cpp:1[m[K:
[01m[K/usr/include/c++/11/bits/shared_ptr.h:875:5:[m[K [01;36m[Knote: [m[Kcandidate: â€˜[01m[Ktemplate<class _Tp, class ... _Args> std::shared_ptr<_Tp> std::make_shared(_Args&& ...)[m[Kâ€™
  875 |     [01;36m[Kmake_shared[m[K(_Args&&... __args)
      |     [01;36m[K^~~~~~~~~~~[m[K
[01m[K/usr/include/c++/11/bits/shared_ptr.h:875:5:[m[K [01;36m[Knote: [m[K  template argument deduction/substitution failed:
[01m[K/home/cleanseasolutions/ros2_ws/src/turtlesim_catch_them_all/src/turtle_spawner_node.cpp:55:29:[m[K [01;31m[Kerror: [m[Kâ€˜[01m[Kfuture[m[Kâ€™ was not declared in this scope; did you mean â€˜[01m[Kstd::future[m[Kâ€™?
   55 |             auto response = [01;31m[Kfuture[m[K.get();
      |                             [01;31m[K^~~~~~[m[K
      |                             [32m[Kstd::future[m[K
In file included from [01m[K/opt/ros/humble/include/rclcpp/rclcpp/executors.hpp:18[m[K,
                 from [01m[K/opt/ros/humble/include/rclcpp/rclcpp/rclcpp.hpp:155[m[K,
                 from [01m[K/home/cleanseasolutions/ros2_ws/src/turtlesim_catch_them_all/src/turtle_spawner_node.cpp:1[m[K:
[01m[K/usr/include/c++/11/future:124:11:[m[K [01;36m[Knote: [m[Kâ€˜[01m[Kstd::future[m[Kâ€™ declared here
  124 |     class [01;36m[Kfuture[m[K;
      |           [01;36m[K^~~~~~[m[K
[01m[K/home/cleanseasolutions/ros2_ws/src/turtlesim_catch_them_all/src/turtle_spawner_node.cpp:63:5:[m[K [01;35m[Kwarning: [m[Kno return statement in function returning non-void [[01;35m[K]8;;https://gcc.gnu.org/onlinedocs/gcc/Warning-Options.html#index-Wreturn-type-Wreturn-type]8;;[m[K]
   63 |     [01;35m[K}[m[K
      |     [01;35m[K^[m[K
[01m[K/home/cleanseasolutions/ros2_ws/src/turtlesim_catch_them_all/src/turtle_controller_node.cpp:[m[K In constructor â€˜[01m[KTurtleControllerNode::TurtleControllerNode()[m[Kâ€™:
[01m[K/home/cleanseasolutions/ros2_ws/src/turtlesim_catch_them_all/src/turtle_controller_node.cpp:16:13:[m[K [01;31m[Kerror: [m[Kâ€˜[01m[Kturtle_subscriber_[m[Kâ€™ was not declared in this scope; did you mean â€˜[01m[Kpose_subscriber_[m[Kâ€™?
   16 |             [01;31m[Kturtle_subscriber_[m[K = this->create_subscription<my_robot_interfaces::msg::AliveTurtles>(
      |             [01;31m[K^~~~~~~~~~~~~~~~~~[m[K
      |             [32m[Kpose_subscriber_[m[K
[01m[K/home/cleanseasolutions/ros2_ws/src/turtlesim_catch_them_all/src/turtle_controller_node.cpp:16:86:[m[K [01;31m[Kerror: [m[Kâ€˜[01m[KAliveTurtles[m[Kâ€™ is not a member of â€˜[01m[Kmy_robot_interfaces::msg[m[Kâ€™
   16 |        turtle_subscriber_ = this->create_subscription<my_robot_interfaces::msg::[01;31m[KAliveTurtles[m[K>(
      |                                                                                 [01;31m[K^~~~~~~~~~~~[m[K

[01m[K/home/cleanseasolutions/ros2_ws/src/turtlesim_catch_them_all/src/turtle_controller_node.cpp:16:99:[m[K [01;31m[Kerror: [m[Kno matching function for call to â€˜[01m[KTurtleControllerNode::create_subscription<<expression error> >(const char [14], int, std::_Bind_helper<false, std::pair<int, int> (TurtleControllerNode::*)(...), TurtleControllerNode*, const std::_Placeholder<1>&>::type)[m[Kâ€™
   16 |     turtle_subscriber_ = [01;31m[Kthis->create_subscription<my_robot_interfaces::msg::AliveTurtles>([m[K
      |                          [01;31m[K~~~~~~~~~~~~~~~~~~~~~~~~~~~~~~~~~~~~~~~~~~~~~~~~~~~~~~~~~~~~~~~~~^[m[K

   17 | [01;31m[K        "alive_turtles",[m[K
      |         [01;31m[K~~~~~~~~~~~~~~~~[m[K                                                                   

   18 | [01;31m[K        10,[m[K
      |         [01;31m[K~~~[m[K                                                                                

   19 | [01;31m[K        std::bind(&TurtleControllerNode::callbackFindNextTarget, this, std::placeholders::_1))[m[K;
      |         [01;31m[K~~~~~~~~~~~~~~~~~~~~~~~~~~~~~~~~~~~~~~~~~~~~~~~~~~~~~~~~~~~~~~~~~~~~~~~~~~~~~~~~~~~~~~[m[K

In file included from [01m[K/opt/ros/humble/include/rclcpp/rclcpp/node.hpp:1321[m[K,
                 from [01m[K/opt/ros/humble/include/rclcpp/rclcpp/executors/single_threaded_executor.hpp:28[m[K,
                 from [01m[K/opt/ros/humble/include/rclcpp/rclcpp/executors.hpp:22[m[K,
                 from [01m[K/opt/ros/humble/include/rclcpp/rclcpp/rclcpp.hpp:155[m[K,
                 from [01m[K/home/cleanseasolutions/ros2_ws/src/turtlesim_catch_them_all/src/turtle_controller_node.cpp:1[m[K:
[01m[K/opt/ros/humble/include/rclcpp/rclcpp/node_impl.hpp:92:1:[m[K [01;36m[Knote: [m[Kcandidate: â€˜[01m[Ktemplate<class MessageT, class CallbackT, class AllocatorT, class SubscriptionT, class MessageMemoryStrategyT> std::shared_ptr<ROSMessageT> rclcpp::Node::create_subscription(const string&, const rclcpp::QoS&, CallbackT&&, const rclcpp::SubscriptionOptionsWithAllocator<AllocatorT>&, typename MessageMemoryStrategyT::SharedPtr)[m[Kâ€™
   92 | [01;36m[KNode[m[K::create_subscription(
      | [01;36m[K^~~~[m[K
[01m[K/opt/ros/humble/include/rclcpp/rclcpp/node_impl.hpp:92:1:[m[K [01;36m[Knote: [m[K  template argument deduction/substitution failed:
[01m[K/home/cleanseasolutions/ros2_ws/src/turtlesim_catch_them_all/src/turtle_controller_node.cpp:16:99:[m[K [01;31m[Kerror: [m[Ktemplate argument 1 is invalid
   16 |     turtle_subscriber_ = [01;31m[Kthis->create_subscription<my_robot_interfaces::msg::AliveTurtles>([m[K
      |                          [01;31m[K~~~~~~~~~~~~~~~~~~~~~~~~~~~~~~~~~~~~~~~~~~~~~~~~~~~~~~~~~~~~~~~~~^[m[K

   17 | [01;31m[K        "alive_turtles",[m[K
      |         [01;31m[K~~~~~~~~~~~~~~~~[m[K                                                                   

   18 | [01;31m[K        10,[m[K
      |         [01;31m[K~~~[m[K                                                                                

   19 | [01;31m[K        std::bind(&TurtleControllerNode::callbackFindNextTarget, this, std::placeholders::_1))[m[K;
      |         [01;31m[K~~~~~~~~~~~~~~~~~~~~~~~~~~~~~~~~~~~~~~~~~~~~~~~~~~~~~~~~~~~~~~~~~~~~~~~~~~~~~~~~~~~~~~[m[K

gmake[2]: *** [CMakeFiles/turtle_spawner.dir/build.make:76: CMakeFiles/turtle_spawner.dir/src/turtle_spawner_node.cpp.o] Error 1
gmake[1]: *** [CMakeFiles/Makefile2:165: CMakeFiles/turtle_spawner.dir/all] Error 2
gmake[1]: *** Waiting for unfinished jobs....
gmake[2]: *** [CMakeFiles/turtle_controller.dir/build.make:76: CMakeFiles/turtle_controller.dir/src/turtle_controller_node.cpp.o] Error 1
gmake[1]: *** [CMakeFiles/Makefile2:139: CMakeFiles/turtle_controller.dir/all] Error 2
gmake: *** [Makefile:146: all] Error 2
