[0.024s] Invoking command in '/home/sven/ros2_ws/build/turtlesim_catch_them_all': CMAKE_PREFIX_PATH=/home/sven/ros2_ws/install/my_robot_interfaces:/home/sven/ros2_ws/install/turtlesim_catch_them_all:/home/sven/ros2_ws/install/my_robot_bringup:/home/sven/ros2_ws/install/my_cpp_pkg:/home/sven/ros2_ws/install/my_py_pkg:/opt/ros/humble /usr/bin/cmake --build /home/sven/ros2_ws/build/turtlesim_catch_them_all -- -j20 -l20
[0.045s] [35m[1mConsolidate compiler generated dependencies of target turtle_spawner[0m
[0.051s] [ 25%] [32mBuilding CXX object CMakeFiles/turtle_controller.dir/src/turtle_controller_node.cpp.o[0m
[0.053s] [ 50%] [32mBuilding CXX object CMakeFiles/turtle_spawner.dir/src/turtle_spawner_node.cpp.o[0m
[1.341s] In file included from [01m[K/usr/include/c++/11/bits/stl_algobase.h:71[m[K,
[1.342s]                  from [01m[K/usr/include/c++/11/memory:63[m[K,
[1.342s]                  from [01m[K/opt/ros/humble/include/rclcpp/rclcpp/rclcpp.hpp:153[m[K,
[1.342s]                  from [01m[K/home/sven/ros2_ws/src/turtlesim_catch_them_all/src/turtle_spawner_node.cpp:1[m[K:
[1.343s] /usr/include/c++/11/bits/predefined_ops.h: In instantiation of â€˜[01m[Kbool __gnu_cxx::__ops::_Iter_equals_val<_Value>::operator()(_Iterator) [with _Iterator = __gnu_cxx::__normal_iterator<my_robot_interfaces::msg::Turtle_<std::allocator<void> >*, std::vector<my_robot_interfaces::msg::Turtle_<std::allocator<void> >, std::allocator<my_robot_interfaces::msg::Turtle_<std::allocator<void> > > > >; _Value = const std::__cxx11::basic_string<char>][m[Kâ€™:
[1.343s] [01m[K/usr/include/c++/11/bits/stl_algo.h:822:13:[m[K   required from â€˜[01m[K_ForwardIterator std::__remove_if(_ForwardIterator, _ForwardIterator, _Predicate) [with _ForwardIterator = __gnu_cxx::__normal_iterator<my_robot_interfaces::msg::Turtle_<std::allocator<void> >*, std::vector<my_robot_interfaces::msg::Turtle_<std::allocator<void> >, std::allocator<my_robot_interfaces::msg::Turtle_<std::allocator<void> > > > >; _Predicate = __gnu_cxx::__ops::_Iter_equals_val<const std::__cxx11::basic_string<char> >][m[Kâ€™
[1.343s] [01m[K/usr/include/c++/11/bits/stl_algo.h:860:30:[m[K   required from â€˜[01m[K_FIter std::remove(_FIter, _FIter, const _Tp&) [with _FIter = __gnu_cxx::__normal_iterator<my_robot_interfaces::msg::Turtle_<std::allocator<void> >*, std::vector<my_robot_interfaces::msg::Turtle_<std::allocator<void> >, std::allocator<my_robot_interfaces::msg::Turtle_<std::allocator<void> > > > >; _Tp = std::__cxx11::basic_string<char>][m[Kâ€™
[1.343s] [01m[K/home/sven/ros2_ws/src/turtlesim_catch_them_all/src/turtle_spawner_node.cpp:142:34:[m[K   required from here
[1.343s] [01m[K/usr/include/c++/11/bits/predefined_ops.h:270:24:[m[K [01;31m[Kerror: [m[Kno match for â€˜[01m[Koperator==[m[Kâ€™ (operand types are â€˜[01m[Kmy_robot_interfaces::msg::Turtle_<std::allocator<void> >[m[Kâ€™ and â€˜[01m[Kconst std::__cxx11::basic_string<char>[m[Kâ€™)
[1.343s]   270 |         { return [01;31m[K*__it == _M_value[m[K; }
[1.343s]       |                  [01;31m[K~~~~~~^~~~~~~~~~~[m[K
[1.343s] In file included from [01m[K/home/sven/ros2_ws/install/my_robot_interfaces/include/my_robot_interfaces/my_robot_interfaces/msg/turtle.hpp:7[m[K,
[1.343s]                  from [01m[K/home/sven/ros2_ws/src/turtlesim_catch_them_all/src/turtle_spawner_node.cpp:2[m[K:
[1.343s] [01m[K/home/sven/ros2_ws/install/my_robot_interfaces/include/my_robot_interfaces/my_robot_interfaces/msg/detail/turtle__struct.hpp:130:8:[m[K [01;36m[Knote: [m[Kcandidate: â€˜[01m[Kbool my_robot_interfaces::msg::Turtle_<ContainerAllocator>::operator==(const my_robot_interfaces::msg::Turtle_<ContainerAllocator>&) const [with ContainerAllocator = std::allocator<void>][m[Kâ€™
[1.343s]   130 |   bool [01;36m[Koperator[m[K==(const Turtle_ & other) const
[1.343s]       |        [01;36m[K^~~~~~~~[m[K
[1.343s] [01m[K/home/sven/ros2_ws/install/my_robot_interfaces/include/my_robot_interfaces/my_robot_interfaces/msg/detail/turtle__struct.hpp:130:35:[m[K [01;36m[Knote: [m[K  no known conversion for argument 1 from â€˜[01m[Kconst std::__cxx11::basic_string<char>[m[Kâ€™ to â€˜[01m[Kconst my_robot_interfaces::msg::Turtle_<std::allocator<void> >&[m[Kâ€™
[1.344s]   130 |   bool operator==([01;36m[Kconst Turtle_ & other[m[K) const
[1.344s]       |                   [01;36m[K~~~~~~~~~~~~~~~~^~~~~[m[K
[1.344s] In file included from [01m[K/usr/include/c++/11/bits/stl_algobase.h:67[m[K,
[1.344s]                  from [01m[K/usr/include/c++/11/memory:63[m[K,
[1.344s]                  from [01m[K/opt/ros/humble/include/rclcpp/rclcpp/rclcpp.hpp:153[m[K,
[1.344s]                  from [01m[K/home/sven/ros2_ws/src/turtlesim_catch_them_all/src/turtle_spawner_node.cpp:1[m[K:
[1.344s] [01m[K/usr/include/c++/11/bits/stl_iterator.h:1155:5:[m[K [01;36m[Knote: [m[Kcandidate: â€˜[01m[Ktemplate<class _IteratorL, class _IteratorR, class _Container> bool __gnu_cxx::operator==(const __gnu_cxx::__normal_iterator<_IteratorL, _Container>&, const __gnu_cxx::__normal_iterator<_IteratorR, _Container>&)[m[Kâ€™
[1.344s]  1155 |     [01;36m[Koperator[m[K==(const __normal_iterator<_IteratorL, _Container>& __lhs,
[1.344s]       |     [01;36m[K^~~~~~~~[m[K
[1.344s] [01m[K/usr/include/c++/11/bits/stl_iterator.h:1155:5:[m[K [01;36m[Knote: [m[K  template argument deduction/substitution failed:
[1.344s] In file included from [01m[K/usr/include/c++/11/bits/stl_algobase.h:71[m[K,
[1.344s]                  from [01m[K/usr/include/c++/11/memory:63[m[K,
[1.344s]                  from [01m[K/opt/ros/humble/include/rclcpp/rclcpp/rclcpp.hpp:153[m[K,
[1.344s]                  from [01m[K/home/sven/ros2_ws/src/turtlesim_catch_them_all/src/turtle_spawner_node.cpp:1[m[K:
[1.344s] [01m[K/usr/include/c++/11/bits/predefined_ops.h:270:24:[m[K [01;36m[Knote: [m[K  â€˜[01m[Kmy_robot_interfaces::msg::Turtle_<std::allocator<void> >[m[Kâ€™ is not derived from â€˜[01m[Kconst __gnu_cxx::__normal_iterator<_IteratorL, _Container>[m[Kâ€™
[1.344s]   270 |         { return [01;36m[K*__it == _M_value[m[K; }
[1.344s]       |                  [01;36m[K~~~~~~^~~~~~~~~~~[m[K
[1.344s] In file included from [01m[K/usr/include/c++/11/bits/stl_algobase.h:67[m[K,
[1.344s]                  from [01m[K/usr/include/c++/11/memory:63[m[K,
[1.344s]                  from [01m[K/opt/ros/humble/include/rclcpp/rclcpp/rclcpp.hpp:153[m[K,
[1.344s]                  from [01m[K/home/sven/ros2_ws/src/turtlesim_catch_them_all/src/turtle_spawner_node.cpp:1[m[K:
[1.344s] [01m[K/usr/include/c++/11/bits/stl_iterator.h:1163:5:[m[K [01;36m[Knote: [m[Kcandidate: â€˜[01m[Ktemplate<class _Iterator, class _Container> bool __gnu_cxx::operator==(const __gnu_cxx::__normal_iterator<_Iterator, _Container>&, const __gnu_cxx::__normal_iterator<_Iterator, _Container>&)[m[Kâ€™
[1.344s]  1163 |     [01;36m[Koperator[m[K==(const __normal_iterator<_Iterator, _Container>& __lhs,
[1.344s]       |     [01;36m[K^~~~~~~~[m[K
[1.344s] [01m[K/usr/include/c++/11/bits/stl_iterator.h:1163:5:[m[K [01;36m[Knote: [m[K  template argument deduction/substitution failed:
[1.344s] In file included from [01m[K/usr/include/c++/11/bits/stl_algobase.h:71[m[K,
[1.345s]                  from [01m[K/usr/include/c++/11/memory:63[m[K,
[1.345s]                  from [01m[K/opt/ros/humble/include/rclcpp/rclcpp/rclcpp.hpp:153[m[K,
[1.345s]                  from [01m[K/home/sven/ros2_ws/src/turtlesim_catch_them_all/src/turtle_spawner_node.cpp:1[m[K:
[1.345s] [01m[K/usr/include/c++/11/bits/predefined_ops.h:270:24:[m[K [01;36m[Knote: [m[K  â€˜[01m[Kmy_robot_interfaces::msg::Turtle_<std::allocator<void> >[m[Kâ€™ is not derived from â€˜[01m[Kconst __gnu_cxx::__normal_iterator<_Iterator, _Container>[m[Kâ€™
[1.345s]   270 |         { return [01;36m[K*__it == _M_value[m[K; }
[1.345s]       |                  [01;36m[K~~~~~~^~~~~~~~~~~[m[K
[1.345s] In file included from [01m[K/usr/include/x86_64-linux-gnu/c++/11/bits/c++allocator.h:33[m[K,
[1.345s]                  from [01m[K/usr/include/c++/11/bits/allocator.h:46[m[K,
[1.345s]                  from [01m[K/usr/include/c++/11/memory:64[m[K,
[1.345s]                  from [01m[K/opt/ros/humble/include/rclcpp/rclcpp/rclcpp.hpp:153[m[K,
[1.345s]                  from [01m[K/home/sven/ros2_ws/src/turtlesim_catch_them_all/src/turtle_spawner_node.cpp:1[m[K:
[1.345s] [01m[K/usr/include/c++/11/ext/new_allocator.h:183:9:[m[K [01;36m[Knote: [m[Kcandidate: â€˜[01m[Ktemplate<class _Up> bool __gnu_cxx::operator==(const __gnu_cxx::new_allocator<char>&, const __gnu_cxx::new_allocator<_Tp>&)[m[Kâ€™
[1.345s]   183 |         [01;36m[Koperator[m[K==(const new_allocator&, const new_allocator<_Up>&)
[1.345s]       |         [01;36m[K^~~~~~~~[m[K
[1.345s] [01m[K/usr/include/c++/11/ext/new_allocator.h:183:9:[m[K [01;36m[Knote: [m[K  template argument deduction/substitution failed:
[1.345s] In file included from [01m[K/usr/include/c++/11/bits/stl_algobase.h:71[m[K,
[1.345s]                  from [01m[K/usr/include/c++/11/memory:63[m[K,
[1.345s]                  from [01m[K/opt/ros/humble/include/rclcpp/rclcpp/rclcpp.hpp:153[m[K,
[1.345s]                  from [01m[K/home/sven/ros2_ws/src/turtlesim_catch_them_all/src/turtle_spawner_node.cpp:1[m[K:
[1.345s] [01m[K/usr/include/c++/11/bits/predefined_ops.h:270:24:[m[K [01;36m[Knote: [m[K  â€˜[01m[Kconst std::__cxx11::basic_string<char>[m[Kâ€™ is not derived from â€˜[01m[Kconst __gnu_cxx::new_allocator<_Tp>[m[Kâ€™
[1.345s]   270 |         { return [01;36m[K*__it == _M_value[m[K; }
[1.345s]       |                  [01;36m[K~~~~~~^~~~~~~~~~~[m[K
[1.345s] In file included from [01m[K/usr/include/c++/11/bits/stl_algobase.h:64[m[K,
[1.345s]                  from [01m[K/usr/include/c++/11/memory:63[m[K,
[1.345s]                  from [01m[K/opt/ros/humble/include/rclcpp/rclcpp/rclcpp.hpp:153[m[K,
[1.345s]                  from [01m[K/home/sven/ros2_ws/src/turtlesim_catch_them_all/src/turtle_spawner_node.cpp:1[m[K:
[1.345s] [01m[K/usr/include/c++/11/bits/stl_pair.h:466:5:[m[K [01;36m[Knote: [m[Kcandidate: â€˜[01m[Ktemplate<class _T1, class _T2> constexpr bool std::operator==(const std::pair<_T1, _T2>&, const std::pair<_T1, _T2>&)[m[Kâ€™
[1.345s]   466 |     [01;36m[Koperator[m[K==(const pair<_T1, _T2>& __x, const pair<_T1, _T2>& __y)
[1.345s]       |     [01;36m[K^~~~~~~~[m[K
[1.345s] [01m[K/usr/include/c++/11/bits/stl_pair.h:466:5:[m[K [01;36m[Knote: [m[K  template argument deduction/substitution failed:
[1.345s] In file included from [01m[K/usr/include/c++/11/bits/stl_algobase.h:71[m[K,
[1.345s]                  from [01m[K/usr/include/c++/11/memory:63[m[K,
[1.345s]                  from [01m[K/opt/ros/humble/include/rclcpp/rclcpp/rclcpp.hpp:153[m[K,
[1.345s]                  from [01m[K/home/sven/ros2_ws/src/turtlesim_catch_them_all/src/turtle_spawner_node.cpp:1[m[K:
[1.345s] [01m[K/usr/include/c++/11/bits/predefined_ops.h:270:24:[m[K [01;36m[Knote: [m[K  â€˜[01m[Kmy_robot_interfaces::msg::Turtle_<std::allocator<void> >[m[Kâ€™ is not derived from â€˜[01m[Kconst std::pair<_T1, _T2>[m[Kâ€™
[1.345s]   270 |         { return [01;36m[K*__it == _M_value[m[K; }
[1.345s]       |                  [01;36m[K~~~~~~^~~~~~~~~~~[m[K
[1.345s] In file included from [01m[K/usr/include/c++/11/bits/stl_algobase.h:67[m[K,
[1.345s]                  from [01m[K/usr/include/c++/11/memory:63[m[K,
[1.345s]                  from [01m[K/opt/ros/humble/include/rclcpp/rclcpp/rclcpp.hpp:153[m[K,
[1.345s]                  from [01m[K/home/sven/ros2_ws/src/turtlesim_catch_them_all/src/turtle_spawner_node.cpp:1[m[K:
[1.345s] [01m[K/usr/include/c++/11/bits/stl_iterator.h:420:5:[m[K [01;36m[Knote: [m[Kcandidate: â€˜[01m[Ktemplate<class _Iterator> constexpr bool std::operator==(const std::reverse_iterator<_Iterator>&, const std::reverse_iterator<_Iterator>&)[m[Kâ€™
[1.345s]   420 |     [01;36m[Koperator[m[K==(const reverse_iterator<_Iterator>& __x,
[1.345s]       |     [01;36m[K^~~~~~~~[m[K
[1.345s] [01m[K/usr/include/c++/11/bits/stl_iterator.h:420:5:[m[K [01;36m[Knote: [m[K  template argument deduction/substitution failed:
[1.345s] In file included from [01m[K/usr/include/c++/11/bits/stl_algobase.h:71[m[K,
[1.346s]                  from [01m[K/usr/include/c++/11/memory:63[m[K,
[1.346s]                  from [01m[K/opt/ros/humble/include/rclcpp/rclcpp/rclcpp.hpp:153[m[K,
[1.346s]                  from [01m[K/home/sven/ros2_ws/src/turtlesim_catch_them_all/src/turtle_spawner_node.cpp:1[m[K:
[1.346s] [01m[K/usr/include/c++/11/bits/predefined_ops.h:270:24:[m[K [01;36m[Knote: [m[K  â€˜[01m[Kmy_robot_interfaces::msg::Turtle_<std::allocator<void> >[m[Kâ€™ is not derived from â€˜[01m[Kconst std::reverse_iterator<_Iterator>[m[Kâ€™
[1.346s]   270 |         { return [01;36m[K*__it == _M_value[m[K; }
[1.346s]       |                  [01;36m[K~~~~~~^~~~~~~~~~~[m[K
[1.346s] In file included from [01m[K/usr/include/c++/11/bits/stl_algobase.h:67[m[K,
[1.346s]                  from [01m[K/usr/include/c++/11/memory:63[m[K,
[1.346s]                  from [01m[K/opt/ros/humble/include/rclcpp/rclcpp/rclcpp.hpp:153[m[K,
[1.346s]                  from [01m[K/home/sven/ros2_ws/src/turtlesim_catch_them_all/src/turtle_spawner_node.cpp:1[m[K:
[1.346s] [01m[K/usr/include/c++/11/bits/stl_iterator.h:459:5:[m[K [01;36m[Knote: [m[Kcandidate: â€˜[01m[Ktemplate<class _IteratorL, class _IteratorR> constexpr bool std::operator==(const std::reverse_iterator<_Iterator>&, const std::reverse_iterator<_IteratorR>&)[m[Kâ€™
[1.346s]   459 |     [01;36m[Koperator[m[K==(const reverse_iterator<_IteratorL>& __x,
[1.346s]       |     [01;36m[K^~~~~~~~[m[K
[1.346s] [01m[K/usr/include/c++/11/bits/stl_iterator.h:459:5:[m[K [01;36m[Knote: [m[K  template argument deduction/substitution failed:
[1.346s] In file included from [01m[K/usr/include/c++/11/bits/stl_algobase.h:71[m[K,
[1.346s]                  from [01m[K/usr/include/c++/11/memory:63[m[K,
[1.346s]                  from [01m[K/opt/ros/humble/include/rclcpp/rclcpp/rclcpp.hpp:153[m[K,
[1.346s]                  from [01m[K/home/sven/ros2_ws/src/turtlesim_catch_them_all/src/turtle_spawner_node.cpp:1[m[K:
[1.346s] [01m[K/usr/include/c++/11/bits/predefined_ops.h:270:24:[m[K [01;36m[Knote: [m[K  â€˜[01m[Kmy_robot_interfaces::msg::Turtle_<std::allocator<void> >[m[Kâ€™ is not derived from â€˜[01m[Kconst std::reverse_iterator<_Iterator>[m[Kâ€™
[1.346s]   270 |         { return [01;36m[K*__it == _M_value[m[K; }
[1.346s]       |                  [01;36m[K~~~~~~^~~~~~~~~~~[m[K
[1.346s] In file included from [01m[K/usr/include/c++/11/bits/stl_algobase.h:67[m[K,
[1.346s]                  from [01m[K/usr/include/c++/11/memory:63[m[K,
[1.346s]                  from [01m[K/opt/ros/humble/include/rclcpp/rclcpp/rclcpp.hpp:153[m[K,
[1.346s]                  from [01m[K/home/sven/ros2_ws/src/turtlesim_catch_them_all/src/turtle_spawner_node.cpp:1[m[K:
[1.346s] [01m[K/usr/include/c++/11/bits/stl_iterator.h:1585:5:[m[K [01;36m[Knote: [m[Kcandidate: â€˜[01m[Ktemplate<class _IteratorL, class _IteratorR> constexpr bool std::operator==(const std::move_iterator<_IteratorL>&, const std::move_iterator<_IteratorR>&)[m[Kâ€™
[1.346s]  1585 |     [01;36m[Koperator[m[K==(const move_iterator<_IteratorL>& __x,
[1.346s]       |     [01;36m[K^~~~~~~~[m[K
[1.346s] [01m[K/usr/include/c++/11/bits/stl_iterator.h:1585:5:[m[K [01;36m[Knote: [m[K  template argument deduction/substitution failed:
[1.346s] In file included from [01m[K/usr/include/c++/11/bits/stl_algobase.h:71[m[K,
[1.346s]                  from [01m[K/usr/include/c++/11/memory:63[m[K,
[1.346s]                  from [01m[K/opt/ros/humble/include/rclcpp/rclcpp/rclcpp.hpp:153[m[K,
[1.346s]                  from [01m[K/home/sven/ros2_ws/src/turtlesim_catch_them_all/src/turtle_spawner_node.cpp:1[m[K:
[1.346s] [01m[K/usr/include/c++/11/bits/predefined_ops.h:270:24:[m[K [01;36m[Knote: [m[K  â€˜[01m[Kmy_robot_interfaces::msg::Turtle_<std::allocator<void> >[m[Kâ€™ is not derived from â€˜[01m[Kconst std::move_iterator<_IteratorL>[m[Kâ€™
[1.346s]   270 |         { return [01;36m[K*__it == _M_value[m[K; }
[1.346s]       |                  [01;36m[K~~~~~~^~~~~~~~~~~[m[K
[1.346s] In file included from [01m[K/usr/include/c++/11/bits/stl_algobase.h:67[m[K,
[1.346s]                  from [01m[K/usr/include/c++/11/memory:63[m[K,
[1.346s]                  from [01m[K/opt/ros/humble/include/rclcpp/rclcpp/rclcpp.hpp:153[m[K,
[1.346s]                  from [01m[K/home/sven/ros2_ws/src/turtlesim_catch_them_all/src/turtle_spawner_node.cpp:1[m[K:
[1.346s] [01m[K/usr/include/c++/11/bits/stl_iterator.h:1648:5:[m[K [01;36m[Knote: [m[Kcandidate: â€˜[01m[Ktemplate<class _Iterator> constexpr bool std::operator==(const std::move_iterator<_IteratorL>&, const std::move_iterator<_IteratorL>&)[m[Kâ€™
[1.346s]  1648 |     [01;36m[Koperator[m[K==(const move_iterator<_Iterator>& __x,
[1.346s]       |     [01;36m[K^~~~~~~~[m[K
[1.346s] [01m[K/usr/include/c++/11/bits/stl_iterator.h:1648:5:[m[K [01;36m[Knote: [m[K  template argument deduction/substitution failed:
[1.346s] In file included from [01m[K/usr/include/c++/11/bits/stl_algobase.h:71[m[K,
[1.346s]                  from [01m[K/usr/include/c++/11/memory:63[m[K,
[1.346s]                  from [01m[K/opt/ros/humble/include/rclcpp/rclcpp/rclcpp.hpp:153[m[K,
[1.347s]                  from [01m[K/home/sven/ros2_ws/src/turtlesim_catch_them_all/src/turtle_spawner_node.cpp:1[m[K:
[1.347s] [01m[K/usr/include/c++/11/bits/predefined_ops.h:270:24:[m[K [01;36m[Knote: [m[K  â€˜[01m[Kmy_robot_interfaces::msg::Turtle_<std::allocator<void> >[m[Kâ€™ is not derived from â€˜[01m[Kconst std::move_iterator<_IteratorL>[m[Kâ€™
[1.347s]   270 |         { return [01;36m[K*__it == _M_value[m[K; }
[1.347s]       |                  [01;36m[K~~~~~~^~~~~~~~~~~[m[K
[1.347s] In file included from [01m[K/usr/include/c++/11/memory:64[m[K,
[1.347s]                  from [01m[K/opt/ros/humble/include/rclcpp/rclcpp/rclcpp.hpp:153[m[K,
[1.347s]                  from [01m[K/home/sven/ros2_ws/src/turtlesim_catch_them_all/src/turtle_spawner_node.cpp:1[m[K:
[1.347s] [01m[K/usr/include/c++/11/bits/allocator.h:218:5:[m[K [01;36m[Knote: [m[Kcandidate: â€˜[01m[Ktemplate<class _T1, class _T2> bool std::operator==(const std::allocator<_Tp1>&, const std::allocator<_T2>&)[m[Kâ€™
[1.347s]   218 |     [01;36m[Koperator[m[K==(const allocator<_T1>&, const allocator<_T2>&)
[1.347s]       |     [01;36m[K^~~~~~~~[m[K
[1.347s] [01m[K/usr/include/c++/11/bits/allocator.h:218:5:[m[K [01;36m[Knote: [m[K  template argument deduction/substitution failed:
[1.347s] In file included from [01m[K/usr/include/c++/11/bits/stl_algobase.h:71[m[K,
[1.347s]                  from [01m[K/usr/include/c++/11/memory:63[m[K,
[1.347s]                  from [01m[K/opt/ros/humble/include/rclcpp/rclcpp/rclcpp.hpp:153[m[K,
[1.347s]                  from [01m[K/home/sven/ros2_ws/src/turtlesim_catch_them_all/src/turtle_spawner_node.cpp:1[m[K:
[1.347s] [01m[K/usr/include/c++/11/bits/predefined_ops.h:270:24:[m[K [01;36m[Knote: [m[K  â€˜[01m[Kmy_robot_interfaces::msg::Turtle_<std::allocator<void> >[m[Kâ€™ is not derived from â€˜[01m[Kconst std::allocator<_Tp1>[m[Kâ€™
[1.347s]   270 |         { return [01;36m[K*__it == _M_value[m[K; }
[1.347s]       |                  [01;36m[K~~~~~~^~~~~~~~~~~[m[K
[1.347s] In file included from [01m[K/usr/include/c++/11/tuple:39[m[K,
[1.347s]                  from [01m[K/usr/include/c++/11/bits/unique_ptr.h:37[m[K,
[1.347s]                  from [01m[K/usr/include/c++/11/memory:76[m[K,
[1.347s]                  from [01m[K/opt/ros/humble/include/rclcpp/rclcpp/rclcpp.hpp:153[m[K,
[1.347s]                  from [01m[K/home/sven/ros2_ws/src/turtlesim_catch_them_all/src/turtle_spawner_node.cpp:1[m[K:
[1.347s] [01m[K/usr/include/c++/11/array:276:5:[m[K [01;36m[Knote: [m[Kcandidate: â€˜[01m[Ktemplate<class _Tp, long unsigned int _Nm> bool std::operator==(const std::array<_Tp, _Nm>&, const std::array<_Tp, _Nm>&)[m[Kâ€™
[1.347s]   276 |     [01;36m[Koperator[m[K==(const array<_Tp, _Nm>& __one, const array<_Tp, _Nm>& __two)
[1.347s]       |     [01;36m[K^~~~~~~~[m[K
[1.347s] [01m[K/usr/include/c++/11/array:276:5:[m[K [01;36m[Knote: [m[K  template argument deduction/substitution failed:
[1.347s] In file included from [01m[K/usr/include/c++/11/bits/stl_algobase.h:71[m[K,
[1.347s]                  from [01m[K/usr/include/c++/11/memory:63[m[K,
[1.347s]                  from [01m[K/opt/ros/humble/include/rclcpp/rclcpp/rclcpp.hpp:153[m[K,
[1.347s]                  from [01m[K/home/sven/ros2_ws/src/turtlesim_catch_them_all/src/turtle_spawner_node.cpp:1[m[K:
[1.347s] [01m[K/usr/include/c++/11/bits/predefined_ops.h:270:24:[m[K [01;36m[Knote: [m[K  â€˜[01m[Kmy_robot_interfaces::msg::Turtle_<std::allocator<void> >[m[Kâ€™ is not derived from â€˜[01m[Kconst std::array<_Tp, _Nm>[m[Kâ€™
[1.347s]   270 |         { return [01;36m[K*__it == _M_value[m[K; }
[1.347s]       |                  [01;36m[K~~~~~~^~~~~~~~~~~[m[K
[1.347s] In file included from [01m[K/usr/include/c++/11/bits/unique_ptr.h:37[m[K,
[1.347s]                  from [01m[K/usr/include/c++/11/memory:76[m[K,
[1.347s]                  from [01m[K/opt/ros/humble/include/rclcpp/rclcpp/rclcpp.hpp:153[m[K,
[1.347s]                  from [01m[K/home/sven/ros2_ws/src/turtlesim_catch_them_all/src/turtle_spawner_node.cpp:1[m[K:
[1.347s] [01m[K/usr/include/c++/11/tuple:1524:5:[m[K [01;36m[Knote: [m[Kcandidate: â€˜[01m[Ktemplate<class ... _TElements, class ... _UElements> constexpr bool std::operator==(const std::tuple<_Tps ...>&, const std::tuple<_UTypes ...>&)[m[Kâ€™
[1.347s]  1524 |     [01;36m[Koperator[m[K==(const tuple<_TElements...>& __t,
[1.347s]       |     [01;36m[K^~~~~~~~[m[K
[1.347s] [01m[K/usr/include/c++/11/tuple:1524:5:[m[K [01;36m[Knote: [m[K  template argument deduction/substitution failed:
[1.347s] In file included from [01m[K/usr/include/c++/11/bits/stl_algobase.h:71[m[K,
[1.347s]                  from [01m[K/usr/include/c++/11/memory:63[m[K,
[1.347s]                  from [01m[K/opt/ros/humble/include/rclcpp/rclcpp/rclcpp.hpp:153[m[K,
[1.348s]                  from [01m[K/home/sven/ros2_ws/src/turtlesim_catch_them_all/src/turtle_spawner_node.cpp:1[m[K:
[1.348s] [01m[K/usr/include/c++/11/bits/predefined_ops.h:270:24:[m[K [01;36m[Knote: [m[K  â€˜[01m[Kmy_robot_interfaces::msg::Turtle_<std::allocator<void> >[m[Kâ€™ is not derived from â€˜[01m[Kconst std::tuple<_Tps ...>[m[Kâ€™
[1.348s]   270 |         { return [01;36m[K*__it == _M_value[m[K; }
[1.348s]       |                  [01;36m[K~~~~~~^~~~~~~~~~~[m[K
[1.348s] In file included from [01m[K/usr/include/c++/11/memory:76[m[K,
[1.348s]                  from [01m[K/opt/ros/humble/include/rclcpp/rclcpp/rclcpp.hpp:153[m[K,
[1.348s]                  from [01m[K/home/sven/ros2_ws/src/turtlesim_catch_them_all/src/turtle_spawner_node.cpp:1[m[K:
[1.348s] [01m[K/usr/include/c++/11/bits/unique_ptr.h:753:5:[m[K [01;36m[Knote: [m[Kcandidate: â€˜[01m[Ktemplate<class _Tp, class _Dp, class _Up, class _Ep> bool std::operator==(const std::unique_ptr<_Tp, _Dp>&, const std::unique_ptr<_Up, _Ep>&)[m[Kâ€™
[1.348s]   753 |     [01;36m[Koperator[m[K==(const unique_ptr<_Tp, _Dp>& __x,
[1.348s]       |     [01;36m[K^~~~~~~~[m[K
[1.348s] [01m[K/usr/include/c++/11/bits/unique_ptr.h:753:5:[m[K [01;36m[Knote: [m[K  template argument deduction/substitution failed:
[1.348s] In file included from [01m[K/usr/include/c++/11/bits/stl_algobase.h:71[m[K,
[1.348s]                  from [01m[K/usr/include/c++/11/memory:63[m[K,
[1.348s]                  from [01m[K/opt/ros/humble/include/rclcpp/rclcpp/rclcpp.hpp:153[m[K,
[1.348s]                  from [01m[K/home/sven/ros2_ws/src/turtlesim_catch_them_all/src/turtle_spawner_node.cpp:1[m[K:
[1.348s] [01m[K/usr/include/c++/11/bits/predefined_ops.h:270:24:[m[K [01;36m[Knote: [m[K  â€˜[01m[Kmy_robot_interfaces::msg::Turtle_<std::allocator<void> >[m[Kâ€™ is not derived from â€˜[01m[Kconst std::unique_ptr<_Tp, _Dp>[m[Kâ€™
[1.348s]   270 |         { return [01;36m[K*__it == _M_value[m[K; }
[1.348s]       |                  [01;36m[K~~~~~~^~~~~~~~~~~[m[K
[1.348s] In file included from [01m[K/usr/include/c++/11/memory:76[m[K,
[1.348s]                  from [01m[K/opt/ros/humble/include/rclcpp/rclcpp/rclcpp.hpp:153[m[K,
[1.348s]                  from [01m[K/home/sven/ros2_ws/src/turtlesim_catch_them_all/src/turtle_spawner_node.cpp:1[m[K:
[1.348s] [01m[K/usr/include/c++/11/bits/unique_ptr.h:760:5:[m[K [01;36m[Knote: [m[Kcandidate: â€˜[01m[Ktemplate<class _Tp, class _Dp> bool std::operator==(const std::unique_ptr<_Tp, _Dp>&, std::nullptr_t)[m[Kâ€™
[1.348s]   760 |     [01;36m[Koperator[m[K==(const unique_ptr<_Tp, _Dp>& __x, nullptr_t) noexcept
[1.348s]       |     [01;36m[K^~~~~~~~[m[K
[1.348s] [01m[K/usr/include/c++/11/bits/unique_ptr.h:760:5:[m[K [01;36m[Knote: [m[K  template argument deduction/substitution failed:
[1.348s] In file included from [01m[K/usr/include/c++/11/bits/stl_algobase.h:71[m[K,
[1.348s]                  from [01m[K/usr/include/c++/11/memory:63[m[K,
[1.348s]                  from [01m[K/opt/ros/humble/include/rclcpp/rclcpp/rclcpp.hpp:153[m[K,
[1.348s]                  from [01m[K/home/sven/ros2_ws/src/turtlesim_catch_them_all/src/turtle_spawner_node.cpp:1[m[K:
[1.348s] [01m[K/usr/include/c++/11/bits/predefined_ops.h:270:24:[m[K [01;36m[Knote: [m[K  â€˜[01m[Kmy_robot_interfaces::msg::Turtle_<std::allocator<void> >[m[Kâ€™ is not derived from â€˜[01m[Kconst std::unique_ptr<_Tp, _Dp>[m[Kâ€™
[1.348s]   270 |         { return [01;36m[K*__it == _M_value[m[K; }
[1.348s]       |                  [01;36m[K~~~~~~^~~~~~~~~~~[m[K
[1.348s] In file included from [01m[K/usr/include/c++/11/memory:76[m[K,
[1.348s]                  from [01m[K/opt/ros/humble/include/rclcpp/rclcpp/rclcpp.hpp:153[m[K,
[1.348s]                  from [01m[K/home/sven/ros2_ws/src/turtlesim_catch_them_all/src/turtle_spawner_node.cpp:1[m[K:
[1.348s] [01m[K/usr/include/c++/11/bits/unique_ptr.h:767:5:[m[K [01;36m[Knote: [m[Kcandidate: â€˜[01m[Ktemplate<class _Tp, class _Dp> bool std::operator==(std::nullptr_t, const std::unique_ptr<_Tp, _Dp>&)[m[Kâ€™
[1.348s]   767 |     [01;36m[Koperator[m[K==(nullptr_t, const unique_ptr<_Tp, _Dp>& __x) noexcept
[1.348s]       |     [01;36m[K^~~~~~~~[m[K
[1.348s] [01m[K/usr/include/c++/11/bits/unique_ptr.h:767:5:[m[K [01;36m[Knote: [m[K  template argument deduction/substitution failed:
[1.348s] In file included from [01m[K/usr/include/c++/11/bits/stl_algobase.h:71[m[K,
[1.348s]                  from [01m[K/usr/include/c++/11/memory:63[m[K,
[1.348s]                  from [01m[K/opt/ros/humble/include/rclcpp/rclcpp/rclcpp.hpp:153[m[K,
[1.349s]                  from [01m[K/home/sven/ros2_ws/src/turtlesim_catch_them_all/src/turtle_spawner_node.cpp:1[m[K:
[1.349s] [01m[K/usr/include/c++/11/bits/predefined_ops.h:270:24:[m[K [01;36m[Knote: [m[K  â€˜[01m[Kconst std::__cxx11::basic_string<char>[m[Kâ€™ is not derived from â€˜[01m[Kconst std::unique_ptr<_Tp, _Dp>[m[Kâ€™
[1.349s]   270 |         { return [01;36m[K*__it == _M_value[m[K; }
[1.349s]       |                  [01;36m[K~~~~~~^~~~~~~~~~~[m[K
[1.349s] In file included from [01m[K/usr/include/c++/11/iosfwd:40[m[K,
[1.349s]                  from [01m[K/usr/include/c++/11/bits/shared_ptr.h:52[m[K,
[1.349s]                  from [01m[K/usr/include/c++/11/memory:77[m[K,
[1.349s]                  from [01m[K/opt/ros/humble/include/rclcpp/rclcpp/rclcpp.hpp:153[m[K,
[1.349s]                  from [01m[K/home/sven/ros2_ws/src/turtlesim_catch_them_all/src/turtle_spawner_node.cpp:1[m[K:
[1.349s] [01m[K/usr/include/c++/11/bits/postypes.h:222:5:[m[K [01;36m[Knote: [m[Kcandidate: â€˜[01m[Ktemplate<class _StateT> bool std::operator==(const std::fpos<_StateT>&, const std::fpos<_StateT>&)[m[Kâ€™
[1.349s]   222 |     [01;36m[Koperator[m[K==(const fpos<_StateT>& __lhs, const fpos<_StateT>& __rhs)
[1.349s]       |     [01;36m[K^~~~~~~~[m[K
[1.349s] [01m[K/usr/include/c++/11/bits/postypes.h:222:5:[m[K [01;36m[Knote: [m[K  template argument deduction/substitution failed:
[1.349s] In file included from [01m[K/usr/include/c++/11/bits/stl_algobase.h:71[m[K,
[1.349s]                  from [01m[K/usr/include/c++/11/memory:63[m[K,
[1.349s]                  from [01m[K/opt/ros/humble/include/rclcpp/rclcpp/rclcpp.hpp:153[m[K,
[1.349s]                  from [01m[K/home/sven/ros2_ws/src/turtlesim_catch_them_all/src/turtle_spawner_node.cpp:1[m[K:
[1.349s] [01m[K/usr/include/c++/11/bits/predefined_ops.h:270:24:[m[K [01;36m[Knote: [m[K  â€˜[01m[Kmy_robot_interfaces::msg::Turtle_<std::allocator<void> >[m[Kâ€™ is not derived from â€˜[01m[Kconst std::fpos<_StateT>[m[Kâ€™
[1.349s]   270 |         { return [01;36m[K*__it == _M_value[m[K; }
[1.349s]       |                  [01;36m[K~~~~~~^~~~~~~~~~~[m[K
[1.349s] In file included from [01m[K/usr/include/c++/11/bits/shared_ptr.h:53[m[K,
[1.349s]                  from [01m[K/usr/include/c++/11/memory:77[m[K,
[1.349s]                  from [01m[K/opt/ros/humble/include/rclcpp/rclcpp/rclcpp.hpp:153[m[K,
[1.349s]                  from [01m[K/home/sven/ros2_ws/src/turtlesim_catch_them_all/src/turtle_spawner_node.cpp:1[m[K:
[1.349s] [01m[K/usr/include/c++/11/bits/shared_ptr_base.h:1410:5:[m[K [01;36m[Knote: [m[Kcandidate: â€˜[01m[Ktemplate<class _Tp1, class _Tp2, __gnu_cxx::_Lock_policy _Lp> bool std::operator==(const std::__shared_ptr<_Tp1, _Lp>&, const std::__shared_ptr<_Tp2, _Lp>&)[m[Kâ€™
[1.349s]  1410 |     [01;36m[Koperator[m[K==(const __shared_ptr<_Tp1, _Lp>& __a,
[1.349s]       |     [01;36m[K^~~~~~~~[m[K
[1.349s] [01m[K/usr/include/c++/11/bits/shared_ptr_base.h:1410:5:[m[K [01;36m[Knote: [m[K  template argument deduction/substitution failed:
[1.349s] In file included from [01m[K/usr/include/c++/11/bits/stl_algobase.h:71[m[K,
[1.349s]                  from [01m[K/usr/include/c++/11/memory:63[m[K,
[1.349s]                  from [01m[K/opt/ros/humble/include/rclcpp/rclcpp/rclcpp.hpp:153[m[K,
[1.349s]                  from [01m[K/home/sven/ros2_ws/src/turtlesim_catch_them_all/src/turtle_spawner_node.cpp:1[m[K:
[1.349s] [01m[K/usr/include/c++/11/bits/predefined_ops.h:270:24:[m[K [01;36m[Knote: [m[K  â€˜[01m[Kmy_robot_interfaces::msg::Turtle_<std::allocator<void> >[m[Kâ€™ is not derived from â€˜[01m[Kconst std::__shared_ptr<_Tp1, _Lp>[m[Kâ€™
[1.349s]   270 |         { return [01;36m[K*__it == _M_value[m[K; }
[1.349s]       |                  [01;36m[K~~~~~~^~~~~~~~~~~[m[K
[1.349s] In file included from [01m[K/usr/include/c++/11/bits/shared_ptr.h:53[m[K,
[1.349s]                  from [01m[K/usr/include/c++/11/memory:77[m[K,
[1.349s]                  from [01m[K/opt/ros/humble/include/rclcpp/rclcpp/rclcpp.hpp:153[m[K,
[1.349s]                  from [01m[K/home/sven/ros2_ws/src/turtlesim_catch_them_all/src/turtle_spawner_node.cpp:1[m[K:
[1.349s] [01m[K/usr/include/c++/11/bits/shared_ptr_base.h:1416:5:[m[K [01;36m[Knote: [m[Kcandidate: â€˜[01m[Ktemplate<class _Tp, __gnu_cxx::_Lock_policy _Lp> bool std::operator==(const std::__shared_ptr<_Tp, _Lp>&, std::nullptr_t)[m[Kâ€™
[1.349s]  1416 |     [01;36m[Koperator[m[K==(const __shared_ptr<_Tp, _Lp>& __a, nullptr_t) noexcept
[1.349s]       |     [01;36m[K^~~~~~~~[m[K
[1.349s] [01m[K/usr/include/c++/11/bits/shared_ptr_base.h:1416:5:[m[K [01;36m[Knote: [m[K  template argument deduction/substitution failed:
[1.349s] In file included from [01m[K/usr/include/c++/11/bits/stl_algobase.h:71[m[K,
[1.349s]                  from [01m[K/usr/include/c++/11/memory:63[m[K,
[1.349s]                  from [01m[K/opt/ros/humble/include/rclcpp/rclcpp/rclcpp.hpp:153[m[K,
[1.349s]                  from [01m[K/home/sven/ros2_ws/src/turtlesim_catch_them_all/src/turtle_spawner_node.cpp:1[m[K:
[1.350s] [01m[K/usr/include/c++/11/bits/predefined_ops.h:270:24:[m[K [01;36m[Knote: [m[K  â€˜[01m[Kmy_robot_interfaces::msg::Turtle_<std::allocator<void> >[m[Kâ€™ is not derived from â€˜[01m[Kconst std::__shared_ptr<_Tp, _Lp>[m[Kâ€™
[1.350s]   270 |         { return [01;36m[K*__it == _M_value[m[K; }
[1.350s]       |                  [01;36m[K~~~~~~^~~~~~~~~~~[m[K
[1.350s] In file included from [01m[K/usr/include/c++/11/bits/shared_ptr.h:53[m[K,
[1.350s]                  from [01m[K/usr/include/c++/11/memory:77[m[K,
[1.350s]                  from [01m[K/opt/ros/humble/include/rclcpp/rclcpp/rclcpp.hpp:153[m[K,
[1.350s]                  from [01m[K/home/sven/ros2_ws/src/turtlesim_catch_them_all/src/turtle_spawner_node.cpp:1[m[K:
[1.350s] [01m[K/usr/include/c++/11/bits/shared_ptr_base.h:1436:5:[m[K [01;36m[Knote: [m[Kcandidate: â€˜[01m[Ktemplate<class _Tp, __gnu_cxx::_Lock_policy _Lp> bool std::operator==(std::nullptr_t, const std::__shared_ptr<_Tp, _Lp>&)[m[Kâ€™
[1.350s]  1436 |     [01;36m[Koperator[m[K==(nullptr_t, const __shared_ptr<_Tp, _Lp>& __a) noexcept
[1.350s]       |     [01;36m[K^~~~~~~~[m[K
[1.350s] [01m[K/usr/include/c++/11/bits/shared_ptr_base.h:1436:5:[m[K [01;36m[Knote: [m[K  template argument deduction/substitution failed:
[1.350s] In file included from [01m[K/usr/include/c++/11/bits/stl_algobase.h:71[m[K,
[1.350s]                  from [01m[K/usr/include/c++/11/memory:63[m[K,
[1.350s]                  from [01m[K/opt/ros/humble/include/rclcpp/rclcpp/rclcpp.hpp:153[m[K,
[1.350s]                  from [01m[K/home/sven/ros2_ws/src/turtlesim_catch_them_all/src/turtle_spawner_node.cpp:1[m[K:
[1.350s] [01m[K/usr/include/c++/11/bits/predefined_ops.h:270:24:[m[K [01;36m[Knote: [m[K  â€˜[01m[Kconst std::__cxx11::basic_string<char>[m[Kâ€™ is not derived from â€˜[01m[Kconst std::__shared_ptr<_Tp, _Lp>[m[Kâ€™
[1.350s]   270 |         { return [01;36m[K*__it == _M_value[m[K; }
[1.350s]       |                  [01;36m[K~~~~~~^~~~~~~~~~~[m[K
[1.350s] In file included from [01m[K/usr/include/c++/11/memory:77[m[K,
[1.350s]                  from [01m[K/opt/ros/humble/include/rclcpp/rclcpp/rclcpp.hpp:153[m[K,
[1.350s]                  from [01m[K/home/sven/ros2_ws/src/turtlesim_catch_them_all/src/turtle_spawner_node.cpp:1[m[K:
[1.350s] [01m[K/usr/include/c++/11/bits/shared_ptr.h:437:5:[m[K [01;36m[Knote: [m[Kcandidate: â€˜[01m[Ktemplate<class _Tp, class _Up> bool std::operator==(const std::shared_ptr<_Tp>&, const std::shared_ptr<_Tp>&)[m[Kâ€™
[1.350s]   437 |     [01;36m[Koperator[m[K==(const shared_ptr<_Tp>& __a, const shared_ptr<_Up>& __b) noexcept
[1.350s]       |     [01;36m[K^~~~~~~~[m[K
[1.350s] [01m[K/usr/include/c++/11/bits/shared_ptr.h:437:5:[m[K [01;36m[Knote: [m[K  template argument deduction/substitution failed:
[1.350s] In file included from [01m[K/usr/include/c++/11/bits/stl_algobase.h:71[m[K,
[1.350s]                  from [01m[K/usr/include/c++/11/memory:63[m[K,
[1.350s]                  from [01m[K/opt/ros/humble/include/rclcpp/rclcpp/rclcpp.hpp:153[m[K,
[1.350s]                  from [01m[K/home/sven/ros2_ws/src/turtlesim_catch_them_all/src/turtle_spawner_node.cpp:1[m[K:
[1.350s] [01m[K/usr/include/c++/11/bits/predefined_ops.h:270:24:[m[K [01;36m[Knote: [m[K  â€˜[01m[Kmy_robot_interfaces::msg::Turtle_<std::allocator<void> >[m[Kâ€™ is not derived from â€˜[01m[Kconst std::shared_ptr<_Tp>[m[Kâ€™
[1.350s]   270 |         { return [01;36m[K*__it == _M_value[m[K; }
[1.350s]       |                  [01;36m[K~~~~~~^~~~~~~~~~~[m[K
[1.350s] In file included from [01m[K/usr/include/c++/11/memory:77[m[K,
[1.350s]                  from [01m[K/opt/ros/humble/include/rclcpp/rclcpp/rclcpp.hpp:153[m[K,
[1.350s]                  from [01m[K/home/sven/ros2_ws/src/turtlesim_catch_them_all/src/turtle_spawner_node.cpp:1[m[K:
[1.350s] [01m[K/usr/include/c++/11/bits/shared_ptr.h:443:5:[m[K [01;36m[Knote: [m[Kcandidate: â€˜[01m[Ktemplate<class _Tp> bool std::operator==(const std::shared_ptr<_Tp>&, std::nullptr_t)[m[Kâ€™
[1.350s]   443 |     [01;36m[Koperator[m[K==(const shared_ptr<_Tp>& __a, nullptr_t) noexcept
[1.350s]       |     [01;36m[K^~~~~~~~[m[K
[1.350s] [01m[K/usr/include/c++/11/bits/shared_ptr.h:443:5:[m[K [01;36m[Knote: [m[K  template argument deduction/substitution failed:
[1.350s] In file included from [01m[K/usr/include/c++/11/bits/stl_algobase.h:71[m[K,
[1.350s]                  from [01m[K/usr/include/c++/11/memory:63[m[K,
[1.350s]                  from [01m[K/opt/ros/humble/include/rclcpp/rclcpp/rclcpp.hpp:153[m[K,
[1.350s]                  from [01m[K/home/sven/ros2_ws/src/turtlesim_catch_them_all/src/turtle_spawner_node.cpp:1[m[K:
[1.350s] [01m[K/usr/include/c++/11/bits/predefined_ops.h:270:24:[m[K [01;36m[Knote: [m[K  â€˜[01m[Kmy_robot_interfaces::msg::Turtle_<std::allocator<void> >[m[Kâ€™ is not derived from â€˜[01m[Kconst std::shared_ptr<_Tp>[m[Kâ€™
[1.350s]   270 |         { return [01;36m[K*__it == _M_value[m[K; }
[1.350s]       |                  [01;36m[K~~~~~~^~~~~~~~~~~[m[K
[1.350s] In file included from [01m[K/usr/include/c++/11/memory:77[m[K,
[1.350s]                  from [01m[K/opt/ros/humble/include/rclcpp/rclcpp/rclcpp.hpp:153[m[K,
[1.351s]                  from [01m[K/home/sven/ros2_ws/src/turtlesim_catch_them_all/src/turtle_spawner_node.cpp:1[m[K:
[1.351s] [01m[K/usr/include/c++/11/bits/shared_ptr.h:464:5:[m[K [01;36m[Knote: [m[Kcandidate: â€˜[01m[Ktemplate<class _Tp> bool std::operator==(std::nullptr_t, const std::shared_ptr<_Tp>&)[m[Kâ€™
[1.351s]   464 |     [01;36m[Koperator[m[K==(nullptr_t, const shared_ptr<_Tp>& __a) noexcept
[1.351s]       |     [01;36m[K^~~~~~~~[m[K
[1.351s] [01m[K/usr/include/c++/11/bits/shared_ptr.h:464:5:[m[K [01;36m[Knote: [m[K  template argument deduction/substitution failed:
[1.351s] In file included from [01m[K/usr/include/c++/11/bits/stl_algobase.h:71[m[K,
[1.351s]                  from [01m[K/usr/include/c++/11/memory:63[m[K,
[1.351s]                  from [01m[K/opt/ros/humble/include/rclcpp/rclcpp/rclcpp.hpp:153[m[K,
[1.351s]                  from [01m[K/home/sven/ros2_ws/src/turtlesim_catch_them_all/src/turtle_spawner_node.cpp:1[m[K:
[1.351s] [01m[K/usr/include/c++/11/bits/predefined_ops.h:270:24:[m[K [01;36m[Knote: [m[K  â€˜[01m[Kconst std::__cxx11::basic_string<char>[m[Kâ€™ is not derived from â€˜[01m[Kconst std::shared_ptr<_Tp>[m[Kâ€™
[1.351s]   270 |         { return [01;36m[K*__it == _M_value[m[K; }
[1.351s]       |                  [01;36m[K~~~~~~^~~~~~~~~~~[m[K
[1.351s] In file included from [01m[K/usr/include/c++/11/bits/basic_string.h:48[m[K,
[1.351s]                  from [01m[K/usr/include/c++/11/string:55[m[K,
[1.351s]                  from [01m[K/usr/include/c++/11/stdexcept:39[m[K,
[1.351s]                  from [01m[K/usr/include/c++/11/system_error:41[m[K,
[1.351s]                  from [01m[K/usr/include/c++/11/mutex:42[m[K,
[1.351s]                  from [01m[K/usr/include/c++/11/future:38[m[K,
[1.351s]                  from [01m[K/opt/ros/humble/include/rclcpp/rclcpp/executors.hpp:18[m[K,
[1.351s]                  from [01m[K/opt/ros/humble/include/rclcpp/rclcpp/rclcpp.hpp:155[m[K,
[1.351s]                  from [01m[K/home/sven/ros2_ws/src/turtlesim_catch_them_all/src/turtle_spawner_node.cpp:1[m[K:
[1.351s] [01m[K/usr/include/c++/11/string_view:535:5:[m[K [01;36m[Knote: [m[Kcandidate: â€˜[01m[Ktemplate<class _CharT, class _Traits> constexpr bool std::operator==(std::basic_string_view<_CharT, _Traits>, std::basic_string_view<_CharT, _Traits>)[m[Kâ€™
[1.351s]   535 |     [01;36m[Koperator[m[K==(basic_string_view<_CharT, _Traits> __x,
[1.351s]       |     [01;36m[K^~~~~~~~[m[K
[1.351s] [01m[K/usr/include/c++/11/string_view:535:5:[m[K [01;36m[Knote: [m[K  template argument deduction/substitution failed:
[1.351s] In file included from [01m[K/usr/include/c++/11/bits/stl_algobase.h:71[m[K,
[1.351s]                  from [01m[K/usr/include/c++/11/memory:63[m[K,
[1.351s]                  from [01m[K/opt/ros/humble/include/rclcpp/rclcpp/rclcpp.hpp:153[m[K,
[1.351s]                  from [01m[K/home/sven/ros2_ws/src/turtlesim_catch_them_all/src/turtle_spawner_node.cpp:1[m[K:
[1.351s] [01m[K/usr/include/c++/11/bits/predefined_ops.h:270:24:[m[K [01;36m[Knote: [m[K  â€˜[01m[Kmy_robot_interfaces::msg::Turtle_<std::allocator<void> >[m[Kâ€™ is not derived from â€˜[01m[Kstd::basic_string_view<_CharT, _Traits>[m[Kâ€™
[1.351s]   270 |         { return [01;36m[K*__it == _M_value[m[K; }
[1.351s]       |                  [01;36m[K~~~~~~^~~~~~~~~~~[m[K
[1.351s] In file included from [01m[K/usr/include/c++/11/bits/basic_string.h:48[m[K,
[1.351s]                  from [01m[K/usr/include/c++/11/string:55[m[K,
[1.351s]                  from [01m[K/usr/include/c++/11/stdexcept:39[m[K,
[1.351s]                  from [01m[K/usr/include/c++/11/system_error:41[m[K,
[1.351s]                  from [01m[K/usr/include/c++/11/mutex:42[m[K,
[1.351s]                  from [01m[K/usr/include/c++/11/future:38[m[K,
[1.351s]                  from [01m[K/opt/ros/humble/include/rclcpp/rclcpp/executors.hpp:18[m[K,
[1.351s]                  from [01m[K/opt/ros/humble/include/rclcpp/rclcpp/rclcpp.hpp:155[m[K,
[1.351s]                  from [01m[K/home/sven/ros2_ws/src/turtlesim_catch_them_all/src/turtle_spawner_node.cpp:1[m[K:
[1.351s] [01m[K/usr/include/c++/11/string_view:541:5:[m[K [01;36m[Knote: [m[Kcandidate: â€˜[01m[Ktemplate<class _CharT, class _Traits> constexpr bool std::operator==(std::basic_string_view<_CharT, _Traits>, std::__type_identity_t<std::basic_string_view<_CharT, _Traits> >)[m[Kâ€™
[1.351s]   541 |     [01;36m[Koperator[m[K==(basic_string_view<_CharT, _Traits> __x,
[1.351s]       |     [01;36m[K^~~~~~~~[m[K
[1.351s] [01m[K/usr/include/c++/11/string_view:541:5:[m[K [01;36m[Knote: [m[K  template argument deduction/substitution failed:
[1.351s] In file included from [01m[K/usr/include/c++/11/bits/stl_algobase.h:71[m[K,
[1.351s]                  from [01m[K/usr/include/c++/11/memory:63[m[K,
[1.351s]                  from [01m[K/opt/ros/humble/include/rclcpp/rclcpp/rclcpp.hpp:153[m[K,
[1.351s]                  from [01m[K/home/sven/ros2_ws/src/turtlesim_catch_them_all/src/turtle_spawner_node.cpp:1[m[K:
[1.352s] [01m[K/usr/include/c++/11/bits/predefined_ops.h:270:24:[m[K [01;36m[Knote: [m[K  â€˜[01m[Kmy_robot_interfaces::msg::Turtle_<std::allocator<void> >[m[Kâ€™ is not derived from â€˜[01m[Kstd::basic_string_view<_CharT, _Traits>[m[Kâ€™
[1.352s]   270 |         { return [01;36m[K*__it == _M_value[m[K; }
[1.352s]       |                  [01;36m[K~~~~~~^~~~~~~~~~~[m[K
[1.352s] In file included from [01m[K/usr/include/c++/11/bits/basic_string.h:48[m[K,
[1.352s]                  from [01m[K/usr/include/c++/11/string:55[m[K,
[1.352s]                  from [01m[K/usr/include/c++/11/stdexcept:39[m[K,
[1.352s]                  from [01m[K/usr/include/c++/11/system_error:41[m[K,
[1.352s]                  from [01m[K/usr/include/c++/11/mutex:42[m[K,
[1.352s]                  from [01m[K/usr/include/c++/11/future:38[m[K,
[1.352s]                  from [01m[K/opt/ros/humble/include/rclcpp/rclcpp/executors.hpp:18[m[K,
[1.352s]                  from [01m[K/opt/ros/humble/include/rclcpp/rclcpp/rclcpp.hpp:155[m[K,
[1.352s]                  from [01m[K/home/sven/ros2_ws/src/turtlesim_catch_them_all/src/turtle_spawner_node.cpp:1[m[K:
[1.352s] [01m[K/usr/include/c++/11/string_view:564:5:[m[K [01;36m[Knote: [m[Kcandidate: â€˜[01m[Ktemplate<class _CharT, class _Traits> constexpr bool std::operator==(std::__type_identity_t<std::basic_string_view<_CharT, _Traits> >, std::basic_string_view<_CharT, _Traits>)[m[Kâ€™
[1.352s]   564 |     [01;36m[Koperator[m[K==(__type_identity_t<basic_string_view<_CharT, _Traits>> __x,
[1.352s]       |     [01;36m[K^~~~~~~~[m[K
[1.352s] [01m[K/usr/include/c++/11/string_view:564:5:[m[K [01;36m[Knote: [m[K  template argument deduction/substitution failed:
[1.352s] In file included from [01m[K/usr/include/c++/11/bits/stl_algobase.h:71[m[K,
[1.352s]                  from [01m[K/usr/include/c++/11/memory:63[m[K,
[1.352s]                  from [01m[K/opt/ros/humble/include/rclcpp/rclcpp/rclcpp.hpp:153[m[K,
[1.352s]                  from [01m[K/home/sven/ros2_ws/src/turtlesim_catch_them_all/src/turtle_spawner_node.cpp:1[m[K:
[1.352s] [01m[K/usr/include/c++/11/bits/predefined_ops.h:270:24:[m[K [01;36m[Knote: [m[K  â€˜[01m[Kstd::__cxx11::basic_string<char>[m[Kâ€™ is not derived from â€˜[01m[Kstd::basic_string_view<_CharT, _Traits>[m[Kâ€™
[1.352s]   270 |         { return [01;36m[K*__it == _M_value[m[K; }
[1.352s]       |                  [01;36m[K~~~~~~^~~~~~~~~~~[m[K
[1.352s] In file included from [01m[K/usr/include/c++/11/string:55[m[K,
[1.352s]                  from [01m[K/usr/include/c++/11/stdexcept:39[m[K,
[1.352s]                  from [01m[K/usr/include/c++/11/system_error:41[m[K,
[1.352s]                  from [01m[K/usr/include/c++/11/mutex:42[m[K,
[1.352s]                  from [01m[K/usr/include/c++/11/future:38[m[K,
[1.352s]                  from [01m[K/opt/ros/humble/include/rclcpp/rclcpp/executors.hpp:18[m[K,
[1.352s]                  from [01m[K/opt/ros/humble/include/rclcpp/rclcpp/rclcpp.hpp:155[m[K,
[1.352s]                  from [01m[K/home/sven/ros2_ws/src/turtlesim_catch_them_all/src/turtle_spawner_node.cpp:1[m[K:
[1.352s] [01m[K/usr/include/c++/11/bits/basic_string.h:6226:5:[m[K [01;36m[Knote: [m[Kcandidate: â€˜[01m[Ktemplate<class _CharT, class _Traits, class _Alloc> bool std::operator==(const std::__cxx11::basic_string<_CharT, _Traits, _Allocator>&, const std::__cxx11::basic_string<_CharT, _Traits, _Allocator>&)[m[Kâ€™
[1.352s]  6226 |     [01;36m[Koperator[m[K==(const basic_string<_CharT, _Traits, _Alloc>& __lhs,
[1.352s]       |     [01;36m[K^~~~~~~~[m[K
[1.352s] [01m[K/usr/include/c++/11/bits/basic_string.h:6226:5:[m[K [01;36m[Knote: [m[K  template argument deduction/substitution failed:
[1.352s] In file included from [01m[K/usr/include/c++/11/bits/stl_algobase.h:71[m[K,
[1.352s]                  from [01m[K/usr/include/c++/11/memory:63[m[K,
[1.352s]                  from [01m[K/opt/ros/humble/include/rclcpp/rclcpp/rclcpp.hpp:153[m[K,
[1.352s]                  from [01m[K/home/sven/ros2_ws/src/turtlesim_catch_them_all/src/turtle_spawner_node.cpp:1[m[K:
[1.352s] [01m[K/usr/include/c++/11/bits/predefined_ops.h:270:24:[m[K [01;36m[Knote: [m[K  â€˜[01m[Kmy_robot_interfaces::msg::Turtle_<std::allocator<void> >[m[Kâ€™ is not derived from â€˜[01m[Kconst std::__cxx11::basic_string<_CharT, _Traits, _Allocator>[m[Kâ€™
[1.352s]   270 |         { return [01;36m[K*__it == _M_value[m[K; }
[1.352s]       |                  [01;36m[K~~~~~~^~~~~~~~~~~[m[K
[1.352s] In file included from [01m[K/usr/include/c++/11/string:55[m[K,
[1.352s]                  from [01m[K/usr/include/c++/11/stdexcept:39[m[K,
[1.352s]                  from [01m[K/usr/include/c++/11/system_error:41[m[K,
[1.352s]                  from [01m[K/usr/include/c++/11/mutex:42[m[K,
[1.353s]                  from [01m[K/usr/include/c++/11/future:38[m[K,
[1.353s]                  from [01m[K/opt/ros/humble/include/rclcpp/rclcpp/executors.hpp:18[m[K,
[1.353s]                  from [01m[K/opt/ros/humble/include/rclcpp/rclcpp/rclcpp.hpp:155[m[K,
[1.353s]                  from [01m[K/home/sven/ros2_ws/src/turtlesim_catch_them_all/src/turtle_spawner_node.cpp:1[m[K:
[1.353s] [01m[K/usr/include/c++/11/bits/basic_string.h:6234:5:[m[K [01;36m[Knote: [m[Kcandidate: â€˜[01m[Ktemplate<class _CharT> typename __gnu_cxx::__enable_if<std::__is_char<_Tp>::__value, bool>::__type std::operator==(const std::__cxx11::basic_string<_CharT>&, const std::__cxx11::basic_string<_CharT>&)[m[Kâ€™
[1.353s]  6234 |     [01;36m[Koperator[m[K==(const basic_string<_CharT>& __lhs,
[1.353s]       |     [01;36m[K^~~~~~~~[m[K
[1.353s] [01m[K/usr/include/c++/11/bits/basic_string.h:6234:5:[m[K [01;36m[Knote: [m[K  template argument deduction/substitution failed:
[1.353s] In file included from [01m[K/usr/include/c++/11/bits/stl_algobase.h:71[m[K,
[1.353s]                  from [01m[K/usr/include/c++/11/memory:63[m[K,
[1.353s]                  from [01m[K/opt/ros/humble/include/rclcpp/rclcpp/rclcpp.hpp:153[m[K,
[1.353s]                  from [01m[K/home/sven/ros2_ws/src/turtlesim_catch_them_all/src/turtle_spawner_node.cpp:1[m[K:
[1.353s] [01m[K/usr/include/c++/11/bits/predefined_ops.h:270:24:[m[K [01;36m[Knote: [m[K  â€˜[01m[Kmy_robot_interfaces::msg::Turtle_<std::allocator<void> >[m[Kâ€™ is not derived from â€˜[01m[Kconst std::__cxx11::basic_string<_CharT>[m[Kâ€™
[1.353s]   270 |         { return [01;36m[K*__it == _M_value[m[K; }
[1.353s]       |                  [01;36m[K~~~~~~^~~~~~~~~~~[m[K
[1.353s] In file included from [01m[K/usr/include/c++/11/string:55[m[K,
[1.353s]                  from [01m[K/usr/include/c++/11/stdexcept:39[m[K,
[1.353s]                  from [01m[K/usr/include/c++/11/system_error:41[m[K,
[1.353s]                  from [01m[K/usr/include/c++/11/mutex:42[m[K,
[1.353s]                  from [01m[K/usr/include/c++/11/future:38[m[K,
[1.353s]                  from [01m[K/opt/ros/humble/include/rclcpp/rclcpp/executors.hpp:18[m[K,
[1.353s]                  from [01m[K/opt/ros/humble/include/rclcpp/rclcpp/rclcpp.hpp:155[m[K,
[1.353s]                  from [01m[K/home/sven/ros2_ws/src/turtlesim_catch_them_all/src/turtle_spawner_node.cpp:1[m[K:
[1.353s] [01m[K/usr/include/c++/11/bits/basic_string.h:6248:5:[m[K [01;36m[Knote: [m[Kcandidate: â€˜[01m[Ktemplate<class _CharT, class _Traits, class _Alloc> bool std::operator==(const std::__cxx11::basic_string<_CharT, _Traits, _Allocator>&, const _CharT*)[m[Kâ€™
[1.353s]  6248 |     [01;36m[Koperator[m[K==(const basic_string<_CharT, _Traits, _Alloc>& __lhs,
[1.353s]       |     [01;36m[K^~~~~~~~[m[K
[1.353s] [01m[K/usr/include/c++/11/bits/basic_string.h:6248:5:[m[K [01;36m[Knote: [m[K  template argument deduction/substitution failed:
[1.353s] In file included from [01m[K/usr/include/c++/11/bits/stl_algobase.h:71[m[K,
[1.353s]                  from [01m[K/usr/include/c++/11/memory:63[m[K,
[1.353s]                  from [01m[K/opt/ros/humble/include/rclcpp/rclcpp/rclcpp.hpp:153[m[K,
[1.353s]                  from [01m[K/home/sven/ros2_ws/src/turtlesim_catch_them_all/src/turtle_spawner_node.cpp:1[m[K:
[1.353s] [01m[K/usr/include/c++/11/bits/predefined_ops.h:270:24:[m[K [01;36m[Knote: [m[K  â€˜[01m[Kmy_robot_interfaces::msg::Turtle_<std::allocator<void> >[m[Kâ€™ is not derived from â€˜[01m[Kconst std::__cxx11::basic_string<_CharT, _Traits, _Allocator>[m[Kâ€™
[1.353s]   270 |         { return [01;36m[K*__it == _M_value[m[K; }
[1.353s]       |                  [01;36m[K~~~~~~^~~~~~~~~~~[m[K
[1.353s] In file included from [01m[K/usr/include/c++/11/string:55[m[K,
[1.353s]                  from [01m[K/usr/include/c++/11/stdexcept:39[m[K,
[1.353s]                  from [01m[K/usr/include/c++/11/system_error:41[m[K,
[1.353s]                  from [01m[K/usr/include/c++/11/mutex:42[m[K,
[1.353s]                  from [01m[K/usr/include/c++/11/future:38[m[K,
[1.353s]                  from [01m[K/opt/ros/humble/include/rclcpp/rclcpp/executors.hpp:18[m[K,
[1.353s]                  from [01m[K/opt/ros/humble/include/rclcpp/rclcpp/rclcpp.hpp:155[m[K,
[1.353s]                  from [01m[K/home/sven/ros2_ws/src/turtlesim_catch_them_all/src/turtle_spawner_node.cpp:1[m[K:
[1.353s] [01m[K/usr/include/c++/11/bits/basic_string.h:6289:5:[m[K [01;36m[Knote: [m[Kcandidate: â€˜[01m[Ktemplate<class _CharT, class _Traits, class _Alloc> bool std::operator==(const _CharT*, const std::__cxx11::basic_string<_CharT, _Traits, _Allocator>&)[m[Kâ€™
[1.353s]  6289 |     [01;36m[Koperator[m[K==(const _CharT* __lhs,
[1.353s]       |     [01;36m[K^~~~~~~~[m[K
[1.353s] [01m[K/usr/include/c++/11/bits/basic_string.h:6289:5:[m[K [01;36m[Knote: [m[K  template argument deduction/substitution failed:
[1.353s] In file included from [01m[K/usr/include/c++/11/bits/stl_algobase.h:71[m[K,
[1.353s]                  from [01m[K/usr/include/c++/11/memory:63[m[K,
[1.353s]                  from [01m[K/opt/ros/humble/include/rclcpp/rclcpp/rclcpp.hpp:153[m[K,
[1.354s]                  from [01m[K/home/sven/ros2_ws/src/turtlesim_catch_them_all/src/turtle_spawner_node.cpp:1[m[K:
[1.354s] [01m[K/usr/include/c++/11/bits/predefined_ops.h:270:24:[m[K [01;36m[Knote: [m[K  mismatched types â€˜[01m[Kconst _CharT*[m[Kâ€™ and â€˜[01m[Kmy_robot_interfaces::msg::Turtle_<std::allocator<void> >[m[Kâ€™
[1.354s]   270 |         { return [01;36m[K*__it == _M_value[m[K; }
[1.354s]       |                  [01;36m[K~~~~~~^~~~~~~~~~~[m[K
[1.354s] In file included from [01m[K/usr/include/c++/11/future:47[m[K,
[1.354s]                  from [01m[K/opt/ros/humble/include/rclcpp/rclcpp/executors.hpp:18[m[K,
[1.354s]                  from [01m[K/opt/ros/humble/include/rclcpp/rclcpp/rclcpp.hpp:155[m[K,
[1.354s]                  from [01m[K/home/sven/ros2_ws/src/turtlesim_catch_them_all/src/turtle_spawner_node.cpp:1[m[K:
[1.354s] [01m[K/usr/include/c++/11/bits/std_function.h:718:5:[m[K [01;36m[Knote: [m[Kcandidate: â€˜[01m[Ktemplate<class _Res, class ... _Args> bool std::operator==(const std::function<_Res(_ArgTypes ...)>&, std::nullptr_t)[m[Kâ€™
[1.354s]   718 |     [01;36m[Koperator[m[K==(const function<_Res(_Args...)>& __f, nullptr_t) noexcept
[1.354s]       |     [01;36m[K^~~~~~~~[m[K
[1.354s] [01m[K/usr/include/c++/11/bits/std_function.h:718:5:[m[K [01;36m[Knote: [m[K  template argument deduction/substitution failed:
[1.354s] In file included from [01m[K/usr/include/c++/11/bits/stl_algobase.h:71[m[K,
[1.354s]                  from [01m[K/usr/include/c++/11/memory:63[m[K,
[1.354s]                  from [01m[K/opt/ros/humble/include/rclcpp/rclcpp/rclcpp.hpp:153[m[K,
[1.354s]                  from [01m[K/home/sven/ros2_ws/src/turtlesim_catch_them_all/src/turtle_spawner_node.cpp:1[m[K:
[1.354s] [01m[K/usr/include/c++/11/bits/predefined_ops.h:270:24:[m[K [01;36m[Knote: [m[K  â€˜[01m[Kmy_robot_interfaces::msg::Turtle_<std::allocator<void> >[m[Kâ€™ is not derived from â€˜[01m[Kconst std::function<_Res(_ArgTypes ...)>[m[Kâ€™
[1.354s]   270 |         { return [01;36m[K*__it == _M_value[m[K; }
[1.354s]       |                  [01;36m[K~~~~~~^~~~~~~~~~~[m[K
[1.354s] In file included from [01m[K/usr/include/c++/11/future:47[m[K,
[1.354s]                  from [01m[K/opt/ros/humble/include/rclcpp/rclcpp/executors.hpp:18[m[K,
[1.354s]                  from [01m[K/opt/ros/humble/include/rclcpp/rclcpp/rclcpp.hpp:155[m[K,
[1.354s]                  from [01m[K/home/sven/ros2_ws/src/turtlesim_catch_them_all/src/turtle_spawner_node.cpp:1[m[K:
[1.354s] [01m[K/usr/include/c++/11/bits/std_function.h:725:5:[m[K [01;36m[Knote: [m[Kcandidate: â€˜[01m[Ktemplate<class _Res, class ... _Args> bool std::operator==(std::nullptr_t, const std::function<_Res(_ArgTypes ...)>&)[m[Kâ€™
[1.354s]   725 |     [01;36m[Koperator[m[K==(nullptr_t, const function<_Res(_Args...)>& __f) noexcept
[1.354s]       |     [01;36m[K^~~~~~~~[m[K
[1.354s] [01m[K/usr/include/c++/11/bits/std_function.h:725:5:[m[K [01;36m[Knote: [m[K  template argument deduction/substitution failed:
[1.354s] In file included from [01m[K/usr/include/c++/11/bits/stl_algobase.h:71[m[K,
[1.354s]                  from [01m[K/usr/include/c++/11/memory:63[m[K,
[1.354s]                  from [01m[K/opt/ros/humble/include/rclcpp/rclcpp/rclcpp.hpp:153[m[K,
[1.354s]                  from [01m[K/home/sven/ros2_ws/src/turtlesim_catch_them_all/src/turtle_spawner_node.cpp:1[m[K:
[1.354s] [01m[K/usr/include/c++/11/bits/predefined_ops.h:270:24:[m[K [01;36m[Knote: [m[K  â€˜[01m[Kconst std::__cxx11::basic_string<char>[m[Kâ€™ is not derived from â€˜[01m[Kconst std::function<_Res(_ArgTypes ...)>[m[Kâ€™
[1.354s]   270 |         { return [01;36m[K*__it == _M_value[m[K; }
[1.354s]       |                  [01;36m[K~~~~~~^~~~~~~~~~~[m[K
[1.354s] In file included from [01m[K/usr/include/c++/11/set:61[m[K,
[1.354s]                  from [01m[K/opt/ros/humble/include/rclcpp/rclcpp/executors/multi_threaded_executor.hpp:21[m[K,
[1.354s]                  from [01m[K/opt/ros/humble/include/rclcpp/rclcpp/executors.hpp:21[m[K,
[1.354s]                  from [01m[K/opt/ros/humble/include/rclcpp/rclcpp/rclcpp.hpp:155[m[K,
[1.354s]                  from [01m[K/home/sven/ros2_ws/src/turtlesim_catch_them_all/src/turtle_spawner_node.cpp:1[m[K:
[1.354s] [01m[K/usr/include/c++/11/bits/stl_set.h:985:5:[m[K [01;36m[Knote: [m[Kcandidate: â€˜[01m[Ktemplate<class _Key, class _Compare, class _Alloc> bool std::operator==(const std::set<_Key, _Compare, _Allocator>&, const std::set<_Key, _Compare, _Allocator>&)[m[Kâ€™
[1.354s]   985 |     [01;36m[Koperator[m[K==(const set<_Key, _Compare, _Alloc>& __x,
[1.354s]       |     [01;36m[K^~~~~~~~[m[K
[1.354s] [01m[K/usr/include/c++/11/bits/stl_set.h:985:5:[m[K [01;36m[Knote: [m[K  template argument deduction/substitution failed:
[1.354s] In file included from [01m[K/usr/include/c++/11/bits/stl_algobase.h:71[m[K,
[1.354s]                  from [01m[K/usr/include/c++/11/memory:63[m[K,
[1.354s]                  from [01m[K/opt/ros/humble/include/rclcpp/rclcpp/rclcpp.hpp:153[m[K,
[1.354s]                  from [01m[K/home/sven/ros2_ws/src/turtlesim_catch_them_all/src/turtle_spawner_node.cpp:1[m[K:
[1.354s] [01m[K/usr/include/c++/11/bits/predefined_ops.h:270:24:[m[K [01;36m[Knote: [m[K  â€˜[01m[Kmy_robot_interfaces::msg::Turtle_<std::allocator<void> >[m[Kâ€™ is not derived from â€˜[01m[Kconst std::set<_Key, _Compare, _Allocator>[m[Kâ€™
[1.354s]   270 |         { return [01;36m[K*__it == _M_value[m[K; }
[1.355s]       |                  [01;36m[K~~~~~~^~~~~~~~~~~[m[K
[1.355s] In file included from [01m[K/usr/include/c++/11/set:62[m[K,
[1.355s]                  from [01m[K/opt/ros/humble/include/rclcpp/rclcpp/executors/multi_threaded_executor.hpp:21[m[K,
[1.355s]                  from [01m[K/opt/ros/humble/include/rclcpp/rclcpp/executors.hpp:21[m[K,
[1.355s]                  from [01m[K/opt/ros/humble/include/rclcpp/rclcpp/rclcpp.hpp:155[m[K,
[1.355s]                  from [01m[K/home/sven/ros2_ws/src/turtlesim_catch_them_all/src/turtle_spawner_node.cpp:1[m[K:
[1.355s] [01m[K/usr/include/c++/11/bits/stl_multiset.h:971:5:[m[K [01;36m[Knote: [m[Kcandidate: â€˜[01m[Ktemplate<class _Key, class _Compare, class _Alloc> bool std::operator==(const std::multiset<_Key, _Compare, _Allocator>&, const std::multiset<_Key, _Compare, _Allocator>&)[m[Kâ€™
[1.355s]   971 |     [01;36m[Koperator[m[K==(const multiset<_Key, _Compare, _Alloc>& __x,
[1.355s]       |     [01;36m[K^~~~~~~~[m[K
[1.355s] [01m[K/usr/include/c++/11/bits/stl_multiset.h:971:5:[m[K [01;36m[Knote: [m[K  template argument deduction/substitution failed:
[1.355s] In file included from [01m[K/usr/include/c++/11/bits/stl_algobase.h:71[m[K,
[1.355s]                  from [01m[K/usr/include/c++/11/memory:63[m[K,
[1.355s]                  from [01m[K/opt/ros/humble/include/rclcpp/rclcpp/rclcpp.hpp:153[m[K,
[1.355s]                  from [01m[K/home/sven/ros2_ws/src/turtlesim_catch_them_all/src/turtle_spawner_node.cpp:1[m[K:
[1.355s] [01m[K/usr/include/c++/11/bits/predefined_ops.h:270:24:[m[K [01;36m[Knote: [m[K  â€˜[01m[Kmy_robot_interfaces::msg::Turtle_<std::allocator<void> >[m[Kâ€™ is not derived from â€˜[01m[Kconst std::multiset<_Key, _Compare, _Allocator>[m[Kâ€™
[1.355s]   270 |         { return [01;36m[K*__it == _M_value[m[K; }
[1.355s]       |                  [01;36m[K~~~~~~^~~~~~~~~~~[m[K
[1.355s] In file included from [01m[K/usr/include/c++/11/unordered_map:47[m[K,
[1.355s]                  from [01m[K/opt/ros/humble/include/rclcpp/rclcpp/executors/multi_threaded_executor.hpp:23[m[K,
[1.355s]                  from [01m[K/opt/ros/humble/include/rclcpp/rclcpp/executors.hpp:21[m[K,
[1.355s]                  from [01m[K/opt/ros/humble/include/rclcpp/rclcpp/rclcpp.hpp:155[m[K,
[1.355s]                  from [01m[K/home/sven/ros2_ws/src/turtlesim_catch_them_all/src/turtle_spawner_node.cpp:1[m[K:
[1.355s] [01m[K/usr/include/c++/11/bits/unordered_map.h:2134:5:[m[K [01;36m[Knote: [m[Kcandidate: â€˜[01m[Ktemplate<class _Key1, class _Tp1, class _Hash1, class _Pred1, class _Alloc1> bool std::operator==(const std::unordered_map<_Key1, _Tp1, _Hash1, _Pred1, _Alloc1>&, const std::unordered_map<_Key1, _Tp1, _Hash1, _Pred1, _Alloc1>&)[m[Kâ€™
[1.355s]  2134 |     [01;36m[Koperator[m[K==(const unordered_map<_Key, _Tp, _Hash, _Pred, _Alloc>& __x,
[1.355s]       |     [01;36m[K^~~~~~~~[m[K
[1.355s] [01m[K/usr/include/c++/11/bits/unordered_map.h:2134:5:[m[K [01;36m[Knote: [m[K  template argument deduction/substitution failed:
[1.355s] In file included from [01m[K/usr/include/c++/11/bits/stl_algobase.h:71[m[K,
[1.355s]                  from [01m[K/usr/include/c++/11/memory:63[m[K,
[1.355s]                  from [01m[K/opt/ros/humble/include/rclcpp/rclcpp/rclcpp.hpp:153[m[K,
[1.355s]                  from [01m[K/home/sven/ros2_ws/src/turtlesim_catch_them_all/src/turtle_spawner_node.cpp:1[m[K:
[1.355s] [01m[K/usr/include/c++/11/bits/predefined_ops.h:270:24:[m[K [01;36m[Knote: [m[K  â€˜[01m[Kmy_robot_interfaces::msg::Turtle_<std::allocator<void> >[m[Kâ€™ is not derived from â€˜[01m[Kconst std::unordered_map<_Key1, _Tp1, _Hash1, _Pred1, _Alloc1>[m[Kâ€™
[1.355s]   270 |         { return [01;36m[K*__it == _M_value[m[K; }
[1.355s]       |                  [01;36m[K~~~~~~^~~~~~~~~~~[m[K
[1.355s] In file included from [01m[K/usr/include/c++/11/unordered_map:47[m[K,
[1.355s]                  from [01m[K/opt/ros/humble/include/rclcpp/rclcpp/executors/multi_threaded_executor.hpp:23[m[K,
[1.355s]                  from [01m[K/opt/ros/humble/include/rclcpp/rclcpp/executors.hpp:21[m[K,
[1.355s]                  from [01m[K/opt/ros/humble/include/rclcpp/rclcpp/rclcpp.hpp:155[m[K,
[1.355s]                  from [01m[K/home/sven/ros2_ws/src/turtlesim_catch_them_all/src/turtle_spawner_node.cpp:1[m[K:
[1.355s] [01m[K/usr/include/c++/11/bits/unordered_map.h:2148:5:[m[K [01;36m[Knote: [m[Kcandidate: â€˜[01m[Ktemplate<class _Key1, class _Tp1, class _Hash1, class _Pred1, class _Alloc1> bool std::operator==(const std::unordered_multimap<_Key1, _Tp1, _Hash1, _Pred1, _Alloc1>&, const std::unordered_multimap<_Key1, _Tp1, _Hash1, _Pred1, _Alloc1>&)[m[Kâ€™
[1.355s]  2148 |     [01;36m[Koperator[m[K==(const unordered_multimap<_Key, _Tp, _Hash, _Pred, _Alloc>& __x,
[1.355s]       |     [01;36m[K^~~~~~~~[m[K
[1.355s] [01m[K/usr/include/c++/11/bits/unordered_map.h:2148:5:[m[K [01;36m[Knote: [m[K  template argument deduction/substitution failed:
[1.355s] In file included from [01m[K/usr/include/c++/11/bits/stl_algobase.h:71[m[K,
[1.355s]                  from [01m[K/usr/include/c++/11/memory:63[m[K,
[1.355s]                  from [01m[K/opt/ros/humble/include/rclcpp/rclcpp/rclcpp.hpp:153[m[K,
[1.355s]                  from [01m[K/home/sven/ros2_ws/src/turtlesim_catch_them_all/src/turtle_spawner_node.cpp:1[m[K:
[1.355s] [01m[K/usr/include/c++/11/bits/predefined_ops.h:270:24:[m[K [01;36m[Knote: [m[K  â€˜[01m[Kmy_robot_interfaces::msg::Turtle_<std::allocator<void> >[m[Kâ€™ is not derived from â€˜[01m[Kconst std::unordered_multimap<_Key1, _Tp1, _Hash1, _Pred1, _Alloc1>[m[Kâ€™
[1.355s]   270 |         { return [01;36m[K*__it == _M_value[m[K; }
[1.355s]       |                  [01;36m[K~~~~~~^~~~~~~~~~~[m[K
[1.356s] In file included from [01m[K/usr/include/c++/11/vector:67[m[K,
[1.356s]                  from [01m[K/usr/include/c++/11/functional:62[m[K,
[1.356s]                  from [01m[K/usr/include/c++/11/pstl/glue_algorithm_defs.h:13[m[K,
[1.356s]                  from [01m[K/usr/include/c++/11/algorithm:74[m[K,
[1.356s]                  from [01m[K/opt/ros/humble/include/rclcpp/rclcpp/executor.hpp:18[m[K,
[1.356s]                  from [01m[K/opt/ros/humble/include/rclcpp/rclcpp/executors/multi_threaded_executor.hpp:25[m[K,
[1.356s]                  from [01m[K/opt/ros/humble/include/rclcpp/rclcpp/executors.hpp:21[m[K,
[1.356s]                  from [01m[K/opt/ros/humble/include/rclcpp/rclcpp/rclcpp.hpp:155[m[K,
[1.356s]                  from [01m[K/home/sven/ros2_ws/src/turtlesim_catch_them_all/src/turtle_spawner_node.cpp:1[m[K:
[1.356s] [01m[K/usr/include/c++/11/bits/stl_vector.h:1892:5:[m[K [01;36m[Knote: [m[Kcandidate: â€˜[01m[Ktemplate<class _Tp, class _Alloc> bool std::operator==(const std::vector<_Tp, _Alloc>&, const std::vector<_Tp, _Alloc>&)[m[Kâ€™
[1.356s]  1892 |     [01;36m[Koperator[m[K==(const vector<_Tp, _Alloc>& __x, const vector<_Tp, _Alloc>& __y)
[1.356s]       |     [01;36m[K^~~~~~~~[m[K
[1.356s] [01m[K/usr/include/c++/11/bits/stl_vector.h:1892:5:[m[K [01;36m[Knote: [m[K  template argument deduction/substitution failed:
[1.356s] In file included from [01m[K/usr/include/c++/11/bits/stl_algobase.h:71[m[K,
[1.356s]                  from [01m[K/usr/include/c++/11/memory:63[m[K,
[1.356s]                  from [01m[K/opt/ros/humble/include/rclcpp/rclcpp/rclcpp.hpp:153[m[K,
[1.356s]                  from [01m[K/home/sven/ros2_ws/src/turtlesim_catch_them_all/src/turtle_spawner_node.cpp:1[m[K:
[1.356s] [01m[K/usr/include/c++/11/bits/predefined_ops.h:270:24:[m[K [01;36m[Knote: [m[K  â€˜[01m[Kmy_robot_interfaces::msg::Turtle_<std::allocator<void> >[m[Kâ€™ is not derived from â€˜[01m[Kconst std::vector<_Tp, _Alloc>[m[Kâ€™
[1.356s]   270 |         { return [01;36m[K*__it == _M_value[m[K; }
[1.356s]       |                  [01;36m[K~~~~~~^~~~~~~~~~~[m[K
[1.356s] In file included from [01m[K/usr/include/c++/11/bits/locale_facets.h:48[m[K,
[1.356s]                  from [01m[K/usr/include/c++/11/bits/basic_ios.h:37[m[K,
[1.356s]                  from [01m[K/usr/include/c++/11/ios:44[m[K,
[1.356s]                  from [01m[K/usr/include/c++/11/ostream:38[m[K,
[1.356s]                  from [01m[K/usr/include/c++/11/iostream:39[m[K,
[1.356s]                  from [01m[K/opt/ros/humble/include/rclcpp/rclcpp/executor.hpp:22[m[K,
[1.356s]                  from [01m[K/opt/ros/humble/include/rclcpp/rclcpp/executors/multi_threaded_executor.hpp:25[m[K,
[1.356s]                  from [01m[K/opt/ros/humble/include/rclcpp/rclcpp/executors.hpp:21[m[K,
[1.356s]                  from [01m[K/opt/ros/humble/include/rclcpp/rclcpp/rclcpp.hpp:155[m[K,
[1.356s]                  from [01m[K/home/sven/ros2_ws/src/turtlesim_catch_them_all/src/turtle_spawner_node.cpp:1[m[K:
[1.356s] [01m[K/usr/include/c++/11/bits/streambuf_iterator.h:226:5:[m[K [01;36m[Knote: [m[Kcandidate: â€˜[01m[Ktemplate<class _CharT, class _Traits> bool std::operator==(const std::istreambuf_iterator<_CharT, _Traits>&, const std::istreambuf_iterator<_CharT, _Traits>&)[m[Kâ€™
[1.356s]   226 |     [01;36m[Koperator[m[K==(const istreambuf_iterator<_CharT, _Traits>& __a,
[1.356s]       |     [01;36m[K^~~~~~~~[m[K
[1.356s] [01m[K/usr/include/c++/11/bits/streambuf_iterator.h:226:5:[m[K [01;36m[Knote: [m[K  template argument deduction/substitution failed:
[1.356s] In file included from [01m[K/usr/include/c++/11/bits/stl_algobase.h:71[m[K,
[1.356s]                  from [01m[K/usr/include/c++/11/memory:63[m[K,
[1.356s]                  from [01m[K/opt/ros/humble/include/rclcpp/rclcpp/rclcpp.hpp:153[m[K,
[1.356s]                  from [01m[K/home/sven/ros2_ws/src/turtlesim_catch_them_all/src/turtle_spawner_node.cpp:1[m[K:
[1.356s] [01m[K/usr/include/c++/11/bits/predefined_ops.h:270:24:[m[K [01;36m[Knote: [m[K  â€˜[01m[Kmy_robot_interfaces::msg::Turtle_<std::allocator<void> >[m[Kâ€™ is not derived from â€˜[01m[Kconst std::istreambuf_iterator<_CharT, _Traits>[m[Kâ€™
[1.356s]   270 |         { return [01;36m[K*__it == _M_value[m[K; }
[1.356s]       |                  [01;36m[K~~~~~~^~~~~~~~~~~[m[K
[1.356s] In file included from [01m[K/usr/include/c++/11/list:63[m[K,
[1.356s]                  from [01m[K/opt/ros/humble/include/rclcpp/rclcpp/executor.hpp:23[m[K,
[1.356s]                  from [01m[K/opt/ros/humble/include/rclcpp/rclcpp/executors/multi_threaded_executor.hpp:25[m[K,
[1.356s]                  from [01m[K/opt/ros/humble/include/rclcpp/rclcpp/executors.hpp:21[m[K,
[1.356s]                  from [01m[K/opt/ros/humble/include/rclcpp/rclcpp/rclcpp.hpp:155[m[K,
[1.356s]                  from [01m[K/home/sven/ros2_ws/src/turtlesim_catch_them_all/src/turtle_spawner_node.cpp:1[m[K:
[1.357s] [01m[K/usr/include/c++/11/bits/stl_list.h:2030:5:[m[K [01;36m[Knote: [m[Kcandidate: â€˜[01m[Ktemplate<class _Tp, class _Alloc> bool std::operator==(const std::__cxx11::list<_Tp, _Alloc>&, const std::__cxx11::list<_Tp, _Alloc>&)[m[Kâ€™
[1.357s]  2030 |     [01;36m[Koperator[m[K==(const list<_Tp, _Alloc>& __x, const list<_Tp, _Alloc>& __y)
[1.357s]       |     [01;36m[K^~~~~~~~[m[K
[1.357s] [01m[K/usr/include/c++/11/bits/stl_list.h:2030:5:[m[K [01;36m[Knote: [m[K  template argument deduction/substitution failed:
[1.357s] In file included from [01m[K/usr/include/c++/11/bits/stl_algobase.h:71[m[K,
[1.357s]                  from [01m[K/usr/include/c++/11/memory:63[m[K,
[1.357s]                  from [01m[K/opt/ros/humble/include/rclcpp/rclcpp/rclcpp.hpp:153[m[K,
[1.357s]                  from [01m[K/home/sven/ros2_ws/src/turtlesim_catch_them_all/src/turtle_spawner_node.cpp:1[m[K:
[1.357s] [01m[K/usr/include/c++/11/bits/predefined_ops.h:270:24:[m[K [01;36m[Knote: [m[K  â€˜[01m[Kmy_robot_interfaces::msg::Turtle_<std::allocator<void> >[m[Kâ€™ is not derived from â€˜[01m[Kconst std::__cxx11::list<_Tp, _Alloc>[m[Kâ€™
[1.357s]   270 |         { return [01;36m[K*__it == _M_value[m[K; }
[1.357s]       |                  [01;36m[K~~~~~~^~~~~~~~~~~[m[K
[1.357s] In file included from [01m[K/usr/include/c++/11/map:61[m[K,
[1.357s]                  from [01m[K/opt/ros/humble/include/rclcpp/rclcpp/executor.hpp:24[m[K,
[1.357s]                  from [01m[K/opt/ros/humble/include/rclcpp/rclcpp/executors/multi_threaded_executor.hpp:25[m[K,
[1.357s]                  from [01m[K/opt/ros/humble/include/rclcpp/rclcpp/executors.hpp:21[m[K,
[1.357s]                  from [01m[K/opt/ros/humble/include/rclcpp/rclcpp/rclcpp.hpp:155[m[K,
[1.357s]                  from [01m[K/home/sven/ros2_ws/src/turtlesim_catch_them_all/src/turtle_spawner_node.cpp:1[m[K:
[1.357s] [01m[K/usr/include/c++/11/bits/stl_map.h:1463:5:[m[K [01;36m[Knote: [m[Kcandidate: â€˜[01m[Ktemplate<class _Key, class _Tp, class _Compare, class _Alloc> bool std::operator==(const std::map<_Key, _Tp, _Compare, _Allocator>&, const std::map<_Key, _Tp, _Compare, _Allocator>&)[m[Kâ€™
[1.357s]  1463 |     [01;36m[Koperator[m[K==(const map<_Key, _Tp, _Compare, _Alloc>& __x,
[1.357s]       |     [01;36m[K^~~~~~~~[m[K
[1.357s] [01m[K/usr/include/c++/11/bits/stl_map.h:1463:5:[m[K [01;36m[Knote: [m[K  template argument deduction/substitution failed:
[1.357s] In file included from [01m[K/usr/include/c++/11/bits/stl_algobase.h:71[m[K,
[1.357s]                  from [01m[K/usr/include/c++/11/memory:63[m[K,
[1.357s]                  from [01m[K/opt/ros/humble/include/rclcpp/rclcpp/rclcpp.hpp:153[m[K,
[1.357s]                  from [01m[K/home/sven/ros2_ws/src/turtlesim_catch_them_all/src/turtle_spawner_node.cpp:1[m[K:
[1.357s] [01m[K/usr/include/c++/11/bits/predefined_ops.h:270:24:[m[K [01;36m[Knote: [m[K  â€˜[01m[Kmy_robot_interfaces::msg::Turtle_<std::allocator<void> >[m[Kâ€™ is not derived from â€˜[01m[Kconst std::map<_Key, _Tp, _Compare, _Allocator>[m[Kâ€™
[1.357s]   270 |         { return [01;36m[K*__it == _M_value[m[K; }
[1.357s]       |                  [01;36m[K~~~~~~^~~~~~~~~~~[m[K
[1.357s] In file included from [01m[K/usr/include/c++/11/map:62[m[K,
[1.357s]                  from [01m[K/opt/ros/humble/include/rclcpp/rclcpp/executor.hpp:24[m[K,
[1.357s]                  from [01m[K/opt/ros/humble/include/rclcpp/rclcpp/executors/multi_threaded_executor.hpp:25[m[K,
[1.357s]                  from [01m[K/opt/ros/humble/include/rclcpp/rclcpp/executors.hpp:21[m[K,
[1.357s]                  from [01m[K/opt/ros/humble/include/rclcpp/rclcpp/rclcpp.hpp:155[m[K,
[1.357s]                  from [01m[K/home/sven/ros2_ws/src/turtlesim_catch_them_all/src/turtle_spawner_node.cpp:1[m[K:
[1.357s] [01m[K/usr/include/c++/11/bits/stl_multimap.h:1128:5:[m[K [01;36m[Knote: [m[Kcandidate: â€˜[01m[Ktemplate<class _Key, class _Tp, class _Compare, class _Alloc> bool std::operator==(const std::multimap<_Key, _Tp, _Compare, _Allocator>&, const std::multimap<_Key, _Tp, _Compare, _Allocator>&)[m[Kâ€™
[1.357s]  1128 |     [01;36m[Koperator[m[K==(const multimap<_Key, _Tp, _Compare, _Alloc>& __x,
[1.357s]       |     [01;36m[K^~~~~~~~[m[K
[1.357s] [01m[K/usr/include/c++/11/bits/stl_multimap.h:1128:5:[m[K [01;36m[Knote: [m[K  template argument deduction/substitution failed:
[1.357s] In file included from [01m[K/usr/include/c++/11/bits/stl_algobase.h:71[m[K,
[1.357s]                  from [01m[K/usr/include/c++/11/memory:63[m[K,
[1.357s]                  from [01m[K/opt/ros/humble/include/rclcpp/rclcpp/rclcpp.hpp:153[m[K,
[1.357s]                  from [01m[K/home/sven/ros2_ws/src/turtlesim_catch_them_all/src/turtle_spawner_node.cpp:1[m[K:
[1.357s] [01m[K/usr/include/c++/11/bits/predefined_ops.h:270:24:[m[K [01;36m[Knote: [m[K  â€˜[01m[Kmy_robot_interfaces::msg::Turtle_<std::allocator<void> >[m[Kâ€™ is not derived from â€˜[01m[Kconst std::multimap<_Key, _Tp, _Compare, _Allocator>[m[Kâ€™
[1.357s]   270 |         { return [01;36m[K*__it == _M_value[m[K; }
[1.357s]       |                  [01;36m[K~~~~~~^~~~~~~~~~~[m[K
[1.357s] In file included from [01m[K/usr/include/c++/11/unordered_set:47[m[K,
[1.357s]                  from [01m[K/opt/ros/humble/include/rclcpp/rclcpp/context.hpp:26[m[K,
[1.357s]                  from [01m[K/opt/ros/humble/include/rclcpp/rclcpp/executor.hpp:34[m[K,
[1.357s]                  from [01m[K/opt/ros/humble/include/rclcpp/rclcpp/executors/multi_threaded_executor.hpp:25[m[K,
[1.358s]                  from [01m[K/opt/ros/humble/include/rclcpp/rclcpp/executors.hpp:21[m[K,
[1.358s]                  from [01m[K/opt/ros/humble/include/rclcpp/rclcpp/rclcpp.hpp:155[m[K,
[1.358s]                  from [01m[K/home/sven/ros2_ws/src/turtlesim_catch_them_all/src/turtle_spawner_node.cpp:1[m[K:
[1.358s] [01m[K/usr/include/c++/11/bits/unordered_set.h:1804:5:[m[K [01;36m[Knote: [m[Kcandidate: â€˜[01m[Ktemplate<class _Value1, class _Hash1, class _Pred1, class _Alloc1> bool std::operator==(const std::unordered_set<_Value1, _Hash1, _Pred1, _Alloc1>&, const std::unordered_set<_Value1, _Hash1, _Pred1, _Alloc1>&)[m[Kâ€™
[1.358s]  1804 |     [01;36m[Koperator[m[K==(const unordered_set<_Value, _Hash, _Pred, _Alloc>& __x,
[1.358s]       |     [01;36m[K^~~~~~~~[m[K
[1.358s] [01m[K/usr/include/c++/11/bits/unordered_set.h:1804:5:[m[K [01;36m[Knote: [m[K  template argument deduction/substitution failed:
[1.358s] In file included from [01m[K/usr/include/c++/11/bits/stl_algobase.h:71[m[K,
[1.358s]                  from [01m[K/usr/include/c++/11/memory:63[m[K,
[1.358s]                  from [01m[K/opt/ros/humble/include/rclcpp/rclcpp/rclcpp.hpp:153[m[K,
[1.358s]                  from [01m[K/home/sven/ros2_ws/src/turtlesim_catch_them_all/src/turtle_spawner_node.cpp:1[m[K:
[1.358s] [01m[K/usr/include/c++/11/bits/predefined_ops.h:270:24:[m[K [01;36m[Knote: [m[K  â€˜[01m[Kmy_robot_interfaces::msg::Turtle_<std::allocator<void> >[m[Kâ€™ is not derived from â€˜[01m[Kconst std::unordered_set<_Value1, _Hash1, _Pred1, _Alloc1>[m[Kâ€™
[1.358s]   270 |         { return [01;36m[K*__it == _M_value[m[K; }
[1.358s]       |                  [01;36m[K~~~~~~^~~~~~~~~~~[m[K
[1.358s] In file included from [01m[K/usr/include/c++/11/unordered_set:47[m[K,
[1.358s]                  from [01m[K/opt/ros/humble/include/rclcpp/rclcpp/context.hpp:26[m[K,
[1.358s]                  from [01m[K/opt/ros/humble/include/rclcpp/rclcpp/executor.hpp:34[m[K,
[1.358s]                  from [01m[K/opt/ros/humble/include/rclcpp/rclcpp/executors/multi_threaded_executor.hpp:25[m[K,
[1.358s]                  from [01m[K/opt/ros/humble/include/rclcpp/rclcpp/executors.hpp:21[m[K,
[1.358s]                  from [01m[K/opt/ros/humble/include/rclcpp/rclcpp/rclcpp.hpp:155[m[K,
[1.358s]                  from [01m[K/home/sven/ros2_ws/src/turtlesim_catch_them_all/src/turtle_spawner_node.cpp:1[m[K:
[1.358s] [01m[K/usr/include/c++/11/bits/unordered_set.h:1818:5:[m[K [01;36m[Knote: [m[Kcandidate: â€˜[01m[Ktemplate<class _Value1, class _Hash1, class _Pred1, class _Alloc1> bool std::operator==(const std::unordered_multiset<_Value1, _Hash1, _Pred1, _Alloc1>&, const std::unordered_multiset<_Value1, _Hash1, _Pred1, _Alloc1>&)[m[Kâ€™
[1.358s]  1818 |     [01;36m[Koperator[m[K==(const unordered_multiset<_Value, _Hash, _Pred, _Alloc>& __x,
[1.358s]       |     [01;36m[K^~~~~~~~[m[K
[1.358s] [01m[K/usr/include/c++/11/bits/unordered_set.h:1818:5:[m[K [01;36m[Knote: [m[K  template argument deduction/substitution failed:
[1.358s] In file included from [01m[K/usr/include/c++/11/bits/stl_algobase.h:71[m[K,
[1.358s]                  from [01m[K/usr/include/c++/11/memory:63[m[K,
[1.358s]                  from [01m[K/opt/ros/humble/include/rclcpp/rclcpp/rclcpp.hpp:153[m[K,
[1.358s]                  from [01m[K/home/sven/ros2_ws/src/turtlesim_catch_them_all/src/turtle_spawner_node.cpp:1[m[K:
[1.358s] [01m[K/usr/include/c++/11/bits/predefined_ops.h:270:24:[m[K [01;36m[Knote: [m[K  â€˜[01m[Kmy_robot_interfaces::msg::Turtle_<std::allocator<void> >[m[Kâ€™ is not derived from â€˜[01m[Kconst std::unordered_multiset<_Value1, _Hash1, _Pred1, _Alloc1>[m[Kâ€™
[1.358s]   270 |         { return [01;36m[K*__it == _M_value[m[K; }
[1.358s]       |                  [01;36m[K~~~~~~^~~~~~~~~~~[m[K
[1.358s] In file included from [01m[K/opt/ros/humble/include/rclcpp/rclcpp/client.hpp:23[m[K,
[1.358s]                  from [01m[K/opt/ros/humble/include/rclcpp/rclcpp/callback_group.hpp:24[m[K,
[1.358s]                  from [01m[K/opt/ros/humble/include/rclcpp/rclcpp/any_executable.hpp:20[m[K,
[1.358s]                  from [01m[K/opt/ros/humble/include/rclcpp/rclcpp/memory_strategy.hpp:25[m[K,
[1.358s]                  from [01m[K/opt/ros/humble/include/rclcpp/rclcpp/memory_strategies.hpp:18[m[K,
[1.358s]                  from [01m[K/opt/ros/humble/include/rclcpp/rclcpp/executor_options.hpp:20[m[K,
[1.358s]                  from [01m[K/opt/ros/humble/include/rclcpp/rclcpp/executor.hpp:37[m[K,
[1.358s]                  from [01m[K/opt/ros/humble/include/rclcpp/rclcpp/executors/multi_threaded_executor.hpp:25[m[K,
[1.358s]                  from [01m[K/opt/ros/humble/include/rclcpp/rclcpp/executors.hpp:21[m[K,
[1.358s]                  from [01m[K/opt/ros/humble/include/rclcpp/rclcpp/rclcpp.hpp:155[m[K,
[1.358s]                  from [01m[K/home/sven/ros2_ws/src/turtlesim_catch_them_all/src/turtle_spawner_node.cpp:1[m[K:
[1.358s] [01m[K/usr/include/c++/11/optional:1045:5:[m[K [01;36m[Knote: [m[Kcandidate: â€˜[01m[Ktemplate<class _Tp, class _Up> constexpr std::__optional_eq_t<_Tp, _Up> std::operator==(const std::optional<_Tp>&, const std::optional<_Up>&)[m[Kâ€™
[1.358s]  1045 |     [01;36m[Koperator[m[K==(const optional<_Tp>& __lhs, const optional<_Up>& __rhs)
[1.358s]       |     [01;36m[K^~~~~~~~[m[K
[1.358s] [01m[K/usr/include/c++/11/optional:1045:5:[m[K [01;36m[Knote: [m[K  template argument deduction/substitution failed:
[1.358s] In file included from [01m[K/usr/include/c++/11/bits/stl_algobase.h:71[m[K,
[1.359s]                  from [01m[K/usr/include/c++/11/memory:63[m[K,
[1.359s]                  from [01m[K/opt/ros/humble/include/rclcpp/rclcpp/rclcpp.hpp:153[m[K,
[1.359s]                  from [01m[K/home/sven/ros2_ws/src/turtlesim_catch_them_all/src/turtle_spawner_node.cpp:1[m[K:
[1.359s] [01m[K/usr/include/c++/11/bits/predefined_ops.h:270:24:[m[K [01;36m[Knote: [m[K  â€˜[01m[Kmy_robot_interfaces::msg::Turtle_<std::allocator<void> >[m[Kâ€™ is not derived from â€˜[01m[Kconst std::optional<_Tp>[m[Kâ€™
[1.359s]   270 |         { return [01;36m[K*__it == _M_value[m[K; }
[1.359s]       |                  [01;36m[K~~~~~~^~~~~~~~~~~[m[K
[1.359s] In file included from [01m[K/opt/ros/humble/include/rclcpp/rclcpp/client.hpp:23[m[K,
[1.359s]                  from [01m[K/opt/ros/humble/include/rclcpp/rclcpp/callback_group.hpp:24[m[K,
[1.359s]                  from [01m[K/opt/ros/humble/include/rclcpp/rclcpp/any_executable.hpp:20[m[K,
[1.359s]                  from [01m[K/opt/ros/humble/include/rclcpp/rclcpp/memory_strategy.hpp:25[m[K,
[1.359s]                  from [01m[K/opt/ros/humble/include/rclcpp/rclcpp/memory_strategies.hpp:18[m[K,
[1.359s]                  from [01m[K/opt/ros/humble/include/rclcpp/rclcpp/executor_options.hpp:20[m[K,
[1.359s]                  from [01m[K/opt/ros/humble/include/rclcpp/rclcpp/executor.hpp:37[m[K,
[1.359s]                  from [01m[K/opt/ros/humble/include/rclcpp/rclcpp/executors/multi_threaded_executor.hpp:25[m[K,
[1.359s]                  from [01m[K/opt/ros/humble/include/rclcpp/rclcpp/executors.hpp:21[m[K,
[1.359s]                  from [01m[K/opt/ros/humble/include/rclcpp/rclcpp/rclcpp.hpp:155[m[K,
[1.359s]                  from [01m[K/home/sven/ros2_ws/src/turtlesim_catch_them_all/src/turtle_spawner_node.cpp:1[m[K:
[1.359s] [01m[K/usr/include/c++/11/optional:1105:5:[m[K [01;36m[Knote: [m[Kcandidate: â€˜[01m[Ktemplate<class _Tp> constexpr bool std::operator==(const std::optional<_Tp>&, std::nullopt_t)[m[Kâ€™
[1.359s]  1105 |     [01;36m[Koperator[m[K==(const optional<_Tp>& __lhs, nullopt_t) noexcept
[1.359s]       |     [01;36m[K^~~~~~~~[m[K
[1.359s] [01m[K/usr/include/c++/11/optional:1105:5:[m[K [01;36m[Knote: [m[K  template argument deduction/substitution failed:
[1.359s] In file included from [01m[K/usr/include/c++/11/bits/stl_algobase.h:71[m[K,
[1.359s]                  from [01m[K/usr/include/c++/11/memory:63[m[K,
[1.359s]                  from [01m[K/opt/ros/humble/include/rclcpp/rclcpp/rclcpp.hpp:153[m[K,
[1.359s]                  from [01m[K/home/sven/ros2_ws/src/turtlesim_catch_them_all/src/turtle_spawner_node.cpp:1[m[K:
[1.359s] [01m[K/usr/include/c++/11/bits/predefined_ops.h:270:24:[m[K [01;36m[Knote: [m[K  â€˜[01m[Kmy_robot_interfaces::msg::Turtle_<std::allocator<void> >[m[Kâ€™ is not derived from â€˜[01m[Kconst std::optional<_Tp>[m[Kâ€™
[1.359s]   270 |         { return [01;36m[K*__it == _M_value[m[K; }
[1.359s]       |                  [01;36m[K~~~~~~^~~~~~~~~~~[m[K
[1.359s] In file included from [01m[K/opt/ros/humble/include/rclcpp/rclcpp/client.hpp:23[m[K,
[1.359s]                  from [01m[K/opt/ros/humble/include/rclcpp/rclcpp/callback_group.hpp:24[m[K,
[1.359s]                  from [01m[K/opt/ros/humble/include/rclcpp/rclcpp/any_executable.hpp:20[m[K,
[1.359s]                  from [01m[K/opt/ros/humble/include/rclcpp/rclcpp/memory_strategy.hpp:25[m[K,
[1.359s]                  from [01m[K/opt/ros/humble/include/rclcpp/rclcpp/memory_strategies.hpp:18[m[K,
[1.359s]                  from [01m[K/opt/ros/humble/include/rclcpp/rclcpp/executor_options.hpp:20[m[K,
[1.359s]                  from [01m[K/opt/ros/humble/include/rclcpp/rclcpp/executor.hpp:37[m[K,
[1.359s]                  from [01m[K/opt/ros/humble/include/rclcpp/rclcpp/executors/multi_threaded_executor.hpp:25[m[K,
[1.359s]                  from [01m[K/opt/ros/humble/include/rclcpp/rclcpp/executors.hpp:21[m[K,
[1.359s]                  from [01m[K/opt/ros/humble/include/rclcpp/rclcpp/rclcpp.hpp:155[m[K,
[1.359s]                  from [01m[K/home/sven/ros2_ws/src/turtlesim_catch_them_all/src/turtle_spawner_node.cpp:1[m[K:
[1.359s] [01m[K/usr/include/c++/11/optional:1116:5:[m[K [01;36m[Knote: [m[Kcandidate: â€˜[01m[Ktemplate<class _Tp> constexpr bool std::operator==(std::nullopt_t, const std::optional<_Tp>&)[m[Kâ€™
[1.359s]  1116 |     [01;36m[Koperator[m[K==(nullopt_t, const optional<_Tp>& __rhs) noexcept
[1.359s]       |     [01;36m[K^~~~~~~~[m[K
[1.359s] [01m[K/usr/include/c++/11/optional:1116:5:[m[K [01;36m[Knote: [m[K  template argument deduction/substitution failed:
[1.359s] In file included from [01m[K/usr/include/c++/11/bits/stl_algobase.h:71[m[K,
[1.359s]                  from [01m[K/usr/include/c++/11/memory:63[m[K,
[1.359s]                  from [01m[K/opt/ros/humble/include/rclcpp/rclcpp/rclcpp.hpp:153[m[K,
[1.359s]                  from [01m[K/home/sven/ros2_ws/src/turtlesim_catch_them_all/src/turtle_spawner_node.cpp:1[m[K:
[1.359s] [01m[K/usr/include/c++/11/bits/predefined_ops.h:270:24:[m[K [01;36m[Knote: [m[K  â€˜[01m[Kconst std::__cxx11::basic_string<char>[m[Kâ€™ is not derived from â€˜[01m[Kconst std::optional<_Tp>[m[Kâ€™
[1.359s]   270 |         { return [01;36m[K*__it == _M_value[m[K; }
[1.360s]       |                  [01;36m[K~~~~~~^~~~~~~~~~~[m[K
[1.360s] In file included from [01m[K/opt/ros/humble/include/rclcpp/rclcpp/client.hpp:23[m[K,
[1.360s]                  from [01m[K/opt/ros/humble/include/rclcpp/rclcpp/callback_group.hpp:24[m[K,
[1.360s]                  from [01m[K/opt/ros/humble/include/rclcpp/rclcpp/any_executable.hpp:20[m[K,
[1.360s]                  from [01m[K/opt/ros/humble/include/rclcpp/rclcpp/memory_strategy.hpp:25[m[K,
[1.360s]                  from [01m[K/opt/ros/humble/include/rclcpp/rclcpp/memory_strategies.hpp:18[m[K,
[1.360s]                  from [01m[K/opt/ros/humble/include/rclcpp/rclcpp/executor_options.hpp:20[m[K,
[1.360s]                  from [01m[K/opt/ros/humble/include/rclcpp/rclcpp/executor.hpp:37[m[K,
[1.360s]                  from [01m[K/opt/ros/humble/include/rclcpp/rclcpp/executors/multi_threaded_executor.hpp:25[m[K,
[1.360s]                  from [01m[K/opt/ros/humble/include/rclcpp/rclcpp/executors.hpp:21[m[K,
[1.360s]                  from [01m[K/opt/ros/humble/include/rclcpp/rclcpp/rclcpp.hpp:155[m[K,
[1.360s]                  from [01m[K/home/sven/ros2_ws/src/turtlesim_catch_them_all/src/turtle_spawner_node.cpp:1[m[K:
[1.360s] [01m[K/usr/include/c++/11/optional:1173:5:[m[K [01;36m[Knote: [m[Kcandidate: â€˜[01m[Ktemplate<class _Tp, class _Up> constexpr std::__optional_eq_t<_Tp, _Up> std::operator==(const std::optional<_Tp>&, const _Up&)[m[Kâ€™
[1.360s]  1173 |     [01;36m[Koperator[m[K==(const optional<_Tp>& __lhs, const _Up& __rhs)
[1.360s]       |     [01;36m[K^~~~~~~~[m[K
[1.360s] [01m[K/usr/include/c++/11/optional:1173:5:[m[K [01;36m[Knote: [m[K  template argument deduction/substitution failed:
[1.360s] In file included from [01m[K/usr/include/c++/11/bits/stl_algobase.h:71[m[K,
[1.360s]                  from [01m[K/usr/include/c++/11/memory:63[m[K,
[1.360s]                  from [01m[K/opt/ros/humble/include/rclcpp/rclcpp/rclcpp.hpp:153[m[K,
[1.360s]                  from [01m[K/home/sven/ros2_ws/src/turtlesim_catch_them_all/src/turtle_spawner_node.cpp:1[m[K:
[1.360s] [01m[K/usr/include/c++/11/bits/predefined_ops.h:270:24:[m[K [01;36m[Knote: [m[K  â€˜[01m[Kmy_robot_interfaces::msg::Turtle_<std::allocator<void> >[m[Kâ€™ is not derived from â€˜[01m[Kconst std::optional<_Tp>[m[Kâ€™
[1.360s]   270 |         { return [01;36m[K*__it == _M_value[m[K; }
[1.360s]       |                  [01;36m[K~~~~~~^~~~~~~~~~~[m[K
[1.360s] In file included from [01m[K/opt/ros/humble/include/rclcpp/rclcpp/client.hpp:23[m[K,
[1.360s]                  from [01m[K/opt/ros/humble/include/rclcpp/rclcpp/callback_group.hpp:24[m[K,
[1.360s]                  from [01m[K/opt/ros/humble/include/rclcpp/rclcpp/any_executable.hpp:20[m[K,
[1.360s]                  from [01m[K/opt/ros/humble/include/rclcpp/rclcpp/memory_strategy.hpp:25[m[K,
[1.360s]                  from [01m[K/opt/ros/humble/include/rclcpp/rclcpp/memory_strategies.hpp:18[m[K,
[1.360s]                  from [01m[K/opt/ros/humble/include/rclcpp/rclcpp/executor_options.hpp:20[m[K,
[1.360s]                  from [01m[K/opt/ros/humble/include/rclcpp/rclcpp/executor.hpp:37[m[K,
[1.360s]                  from [01m[K/opt/ros/humble/include/rclcpp/rclcpp/executors/multi_threaded_executor.hpp:25[m[K,
[1.360s]                  from [01m[K/opt/ros/humble/include/rclcpp/rclcpp/executors.hpp:21[m[K,
[1.360s]                  from [01m[K/opt/ros/humble/include/rclcpp/rclcpp/rclcpp.hpp:155[m[K,
[1.360s]                  from [01m[K/home/sven/ros2_ws/src/turtlesim_catch_them_all/src/turtle_spawner_node.cpp:1[m[K:
[1.360s] [01m[K/usr/include/c++/11/optional:1179:5:[m[K [01;36m[Knote: [m[Kcandidate: â€˜[01m[Ktemplate<class _Tp, class _Up> constexpr std::__optional_eq_t<_Up, _Tp> std::operator==(const _Up&, const std::optional<_Tp>&)[m[Kâ€™
[1.360s]  1179 |     [01;36m[Koperator[m[K==(const _Up& __lhs, const optional<_Tp>& __rhs)
[1.360s]       |     [01;36m[K^~~~~~~~[m[K
[1.360s] [01m[K/usr/include/c++/11/optional:1179:5:[m[K [01;36m[Knote: [m[K  template argument deduction/substitution failed:
[1.360s] In file included from [01m[K/usr/include/c++/11/bits/stl_algobase.h:71[m[K,
[1.360s]                  from [01m[K/usr/include/c++/11/memory:63[m[K,
[1.360s]                  from [01m[K/opt/ros/humble/include/rclcpp/rclcpp/rclcpp.hpp:153[m[K,
[1.360s]                  from [01m[K/home/sven/ros2_ws/src/turtlesim_catch_them_all/src/turtle_spawner_node.cpp:1[m[K:
[1.360s] [01m[K/usr/include/c++/11/bits/predefined_ops.h:270:24:[m[K [01;36m[Knote: [m[K  â€˜[01m[Kconst std::__cxx11::basic_string<char>[m[Kâ€™ is not derived from â€˜[01m[Kconst std::optional<_Tp>[m[Kâ€™
[1.360s]   270 |         { return [01;36m[K*__it == _M_value[m[K; }
[1.360s]       |                  [01;36m[K~~~~~~^~~~~~~~~~~[m[K
[1.360s] In file included from [01m[K/opt/ros/humble/include/rclcpp/rclcpp/client.hpp:28[m[K,
[1.360s]                  from [01m[K/opt/ros/humble/include/rclcpp/rclcpp/callback_group.hpp:24[m[K,
[1.361s]                  from [01m[K/opt/ros/humble/include/rclcpp/rclcpp/any_executable.hpp:20[m[K,
[1.361s]                  from [01m[K/opt/ros/humble/include/rclcpp/rclcpp/memory_strategy.hpp:25[m[K,
[1.361s]                  from [01m[K/opt/ros/humble/include/rclcpp/rclcpp/memory_strategies.hpp:18[m[K,
[1.361s]                  from [01m[K/opt/ros/humble/include/rclcpp/rclcpp/executor_options.hpp:20[m[K,
[1.361s]                  from [01m[K/opt/ros/humble/include/rclcpp/rclcpp/executor.hpp:37[m[K,
[1.361s]                  from [01m[K/opt/ros/humble/include/rclcpp/rclcpp/executors/multi_threaded_executor.hpp:25[m[K,
[1.361s]                  from [01m[K/opt/ros/humble/include/rclcpp/rclcpp/executors.hpp:21[m[K,
[1.361s]                  from [01m[K/opt/ros/humble/include/rclcpp/rclcpp/rclcpp.hpp:155[m[K,
[1.361s]                  from [01m[K/home/sven/ros2_ws/src/turtlesim_catch_them_all/src/turtle_spawner_node.cpp:1[m[K:
[1.361s] [01m[K/usr/include/c++/11/variant:1232:3:[m[K [01;36m[Knote: [m[Kcandidate: â€˜[01m[Ktemplate<class ... _Types> constexpr bool std::operator==(const std::variant<_Types ...>&, const std::variant<_Types ...>&)[m[Kâ€™
[1.361s]  1232 |   [01;36m[K_VARIANT_RELATION_FUNCTION_TEMPLATE[m[K(==, equal)
[1.361s]       |   [01;36m[K^~~~~~~~~~~~~~~~~~~~~~~~~~~~~~~~~~~[m[K
[1.361s] [01m[K/usr/include/c++/11/variant:1232:3:[m[K [01;36m[Knote: [m[K  template argument deduction/substitution failed:
[1.361s] In file included from [01m[K/usr/include/c++/11/bits/stl_algobase.h:71[m[K,
[1.361s]                  from [01m[K/usr/include/c++/11/memory:63[m[K,
[1.361s]                  from [01m[K/opt/ros/humble/include/rclcpp/rclcpp/rclcpp.hpp:153[m[K,
[1.361s]                  from [01m[K/home/sven/ros2_ws/src/turtlesim_catch_them_all/src/turtle_spawner_node.cpp:1[m[K:
[1.361s] [01m[K/usr/include/c++/11/bits/predefined_ops.h:270:24:[m[K [01;36m[Knote: [m[K  â€˜[01m[Kmy_robot_interfaces::msg::Turtle_<std::allocator<void> >[m[Kâ€™ is not derived from â€˜[01m[Kconst std::variant<_Types ...>[m[Kâ€™
[1.361s]   270 |         { return [01;36m[K*__it == _M_value[m[K; }
[1.361s]       |                  [01;36m[K~~~~~~^~~~~~~~~~~[m[K
[1.361s] In file included from [01m[K/usr/include/c++/11/memory:64[m[K,
[1.361s]                  from [01m[K/opt/ros/humble/include/rclcpp/rclcpp/rclcpp.hpp:153[m[K,
[1.361s]                  from [01m[K/home/sven/ros2_ws/src/turtlesim_catch_them_all/src/turtle_spawner_node.cpp:1[m[K:
[1.361s] [01m[K/usr/include/c++/11/bits/allocator.h:204:7:[m[K [01;36m[Knote: [m[Kcandidate: â€˜[01m[Kbool std::operator==(const std::allocator<char>&, const std::allocator<char>&)[m[Kâ€™
[1.361s]   204 |       [01;36m[Koperator[m[K==(const allocator&, const allocator&) _GLIBCXX_NOTHROW
[1.361s]       |       [01;36m[K^~~~~~~~[m[K
[1.361s] [01m[K/usr/include/c++/11/bits/allocator.h:204:18:[m[K [01;36m[Knote: [m[K  no known conversion for argument 1 from â€˜[01m[Kmy_robot_interfaces::msg::Turtle_<std::allocator<void> >[m[Kâ€™ to â€˜[01m[Kconst std::allocator<char>&[m[Kâ€™
[1.361s]   204 |       operator==([01;36m[Kconst allocator&[m[K, const allocator&) _GLIBCXX_NOTHROW
[1.361s]       |                  [01;36m[K^~~~~~~~~~~~~~~~[m[K
[1.361s] In file included from [01m[K/usr/include/c++/11/mutex:42[m[K,
[1.361s]                  from [01m[K/usr/include/c++/11/future:38[m[K,
[1.361s]                  from [01m[K/opt/ros/humble/include/rclcpp/rclcpp/executors.hpp:18[m[K,
[1.361s]                  from [01m[K/opt/ros/humble/include/rclcpp/rclcpp/rclcpp.hpp:155[m[K,
[1.361s]                  from [01m[K/home/sven/ros2_ws/src/turtlesim_catch_them_all/src/turtle_spawner_node.cpp:1[m[K:
[1.361s] [01m[K/usr/include/c++/11/system_error:362:3:[m[K [01;36m[Knote: [m[Kcandidate: â€˜[01m[Kbool std::operator==(const std::error_code&, const std::error_code&)[m[Kâ€™
[1.361s]   362 |   [01;36m[Koperator[m[K==(const error_code& __lhs, const error_code& __rhs) noexcept
[1.361s]       |   [01;36m[K^~~~~~~~[m[K
[1.361s] [01m[K/usr/include/c++/11/system_error:362:32:[m[K [01;36m[Knote: [m[K  no known conversion for argument 1 from â€˜[01m[Kmy_robot_interfaces::msg::Turtle_<std::allocator<void> >[m[Kâ€™ to â€˜[01m[Kconst std::error_code&[m[Kâ€™
[1.361s]   362 |   operator==([01;36m[Kconst error_code& __lhs[m[K, const error_code& __rhs) noexcept
[1.361s]       |              [01;36m[K~~~~~~~~~~~~~~~~~~^~~~~[m[K
[1.361s] [01m[K/usr/include/c++/11/system_error:368:3:[m[K [01;36m[Knote: [m[Kcandidate: â€˜[01m[Kbool std::operator==(const std::error_code&, const std::error_condition&)[m[Kâ€™
[1.361s]   368 |   [01;36m[Koperator[m[K==(const error_code& __lhs, const error_condition& __rhs) noexcept
[1.361s]       |   [01;36m[K^~~~~~~~[m[K
[1.361s] [01m[K/usr/include/c++/11/system_error:368:32:[m[K [01;36m[Knote: [m[K  no known conversion for argument 1 from â€˜[01m[Kmy_robot_interfaces::msg::Turtle_<std::allocator<void> >[m[Kâ€™ to â€˜[01m[Kconst std::error_code&[m[Kâ€™
[1.361s]   368 |   operator==([01;36m[Kconst error_code& __lhs[m[K, const error_condition& __rhs) noexcept
[1.361s]       |              [01;36m[K~~~~~~~~~~~~~~~~~~^~~~~[m[K
[1.361s] [01m[K/usr/include/c++/11/system_error:376:3:[m[K [01;36m[Knote: [m[Kcandidate: â€˜[01m[Kbool std::operator==(const std::error_condition&, const std::error_condition&)[m[Kâ€™
[1.361s]   376 |   [01;36m[Koperator[m[K==(const error_condition& __lhs,
[1.362s]       |   [01;36m[K^~~~~~~~[m[K
[1.362s] [01m[K/usr/include/c++/11/system_error:376:37:[m[K [01;36m[Knote: [m[K  no known conversion for argument 1 from â€˜[01m[Kmy_robot_interfaces::msg::Turtle_<std::allocator<void> >[m[Kâ€™ to â€˜[01m[Kconst std::error_condition&[m[Kâ€™
[1.362s]   376 |   operator==([01;36m[Kconst error_condition& __lhs[m[K,
[1.362s]       |              [01;36m[K~~~~~~~~~~~~~~~~~~~~~~~^~~~~[m[K
[1.362s] [01m[K/usr/include/c++/11/system_error:408:3:[m[K [01;36m[Knote: [m[Kcandidate: â€˜[01m[Kbool std::operator==(const std::error_condition&, const std::error_code&)[m[Kâ€™
[1.362s]   408 |   [01;36m[Koperator[m[K==(const error_condition& __lhs, const error_code& __rhs) noexcept
[1.362s]       |   [01;36m[K^~~~~~~~[m[K
[1.362s] [01m[K/usr/include/c++/11/system_error:408:37:[m[K [01;36m[Knote: [m[K  no known conversion for argument 1 from â€˜[01m[Kmy_robot_interfaces::msg::Turtle_<std::allocator<void> >[m[Kâ€™ to â€˜[01m[Kconst std::error_condition&[m[Kâ€™
[1.362s]   408 |   operator==([01;36m[Kconst error_condition& __lhs[m[K, const error_code& __rhs) noexcept
[1.362s]       |              [01;36m[K~~~~~~~~~~~~~~~~~~~~~~~^~~~~[m[K
[1.362s] In file included from [01m[K/usr/include/c++/11/future:48[m[K,
[1.362s]                  from [01m[K/opt/ros/humble/include/rclcpp/rclcpp/executors.hpp:18[m[K,
[1.362s]                  from [01m[K/opt/ros/humble/include/rclcpp/rclcpp/rclcpp.hpp:155[m[K,
[1.362s]                  from [01m[K/home/sven/ros2_ws/src/turtlesim_catch_them_all/src/turtle_spawner_node.cpp:1[m[K:
[1.362s] [01m[K/usr/include/c++/11/bits/std_thread.h:287:3:[m[K [01;36m[Knote: [m[Kcandidate: â€˜[01m[Kbool std::operator==(std::thread::id, std::thread::id)[m[Kâ€™
[1.362s]   287 |   [01;36m[Koperator[m[K==(thread::id __x, thread::id __y) noexcept
[1.362s]       |   [01;36m[K^~~~~~~~[m[K
[1.362s] [01m[K/usr/include/c++/11/bits/std_thread.h:287:25:[m[K [01;36m[Knote: [m[K  no known conversion for argument 1 from â€˜[01m[Kmy_robot_interfaces::msg::Turtle_<std::allocator<void> >[m[Kâ€™ to â€˜[01m[Kstd::thread::id[m[Kâ€™
[1.362s]   287 |   operator==([01;36m[Kthread::id __x[m[K, thread::id __y) noexcept
[1.362s]       |              [01;36m[K~~~~~~~~~~~^~~[m[K
[1.362s] In file included from [01m[K/opt/ros/humble/include/rclcpp/rclcpp/client.hpp:28[m[K,
[1.362s]                  from [01m[K/opt/ros/humble/include/rclcpp/rclcpp/callback_group.hpp:24[m[K,
[1.362s]                  from [01m[K/opt/ros/humble/include/rclcpp/rclcpp/any_executable.hpp:20[m[K,
[1.362s]                  from [01m[K/opt/ros/humble/include/rclcpp/rclcpp/memory_strategy.hpp:25[m[K,
[1.362s]                  from [01m[K/opt/ros/humble/include/rclcpp/rclcpp/memory_strategies.hpp:18[m[K,
[1.362s]                  from [01m[K/opt/ros/humble/include/rclcpp/rclcpp/executor_options.hpp:20[m[K,
[1.362s]                  from [01m[K/opt/ros/humble/include/rclcpp/rclcpp/executor.hpp:37[m[K,
[1.362s]                  from [01m[K/opt/ros/humble/include/rclcpp/rclcpp/executors/multi_threaded_executor.hpp:25[m[K,
[1.362s]                  from [01m[K/opt/ros/humble/include/rclcpp/rclcpp/executors.hpp:21[m[K,
[1.362s]                  from [01m[K/opt/ros/humble/include/rclcpp/rclcpp/rclcpp.hpp:155[m[K,
[1.362s]                  from [01m[K/home/sven/ros2_ws/src/turtlesim_catch_them_all/src/turtle_spawner_node.cpp:1[m[K:
[1.362s] [01m[K/usr/include/c++/11/variant:1239:18:[m[K [01;36m[Knote: [m[Kcandidate: â€˜[01m[Kconstexpr bool std::operator==(std::monostate, std::monostate)[m[Kâ€™
[1.362s]  1239 |   constexpr bool [01;36m[Koperator[m[K==(monostate, monostate) noexcept { return true; }
[1.362s]       |                  [01;36m[K^~~~~~~~[m[K
[1.362s] [01m[K/usr/include/c++/11/variant:1239:29:[m[K [01;36m[Knote: [m[K  no known conversion for argument 1 from â€˜[01m[Kmy_robot_interfaces::msg::Turtle_<std::allocator<void> >[m[Kâ€™ to â€˜[01m[Kstd::monostate[m[Kâ€™
[1.362s]  1239 |   constexpr bool operator==([01;36m[Kmonostate[m[K, monostate) noexcept { return true; }
[1.362s]       |                             [01;36m[K^~~~~~~~~[m[K
[2.014s] gmake[2]: *** [CMakeFiles/turtle_spawner.dir/build.make:76: CMakeFiles/turtle_spawner.dir/src/turtle_spawner_node.cpp.o] Error 1
[2.014s] gmake[1]: *** [CMakeFiles/Makefile2:165: CMakeFiles/turtle_spawner.dir/all] Error 2
[2.014s] gmake[1]: *** Waiting for unfinished jobs....
[5.518s] [ 75%] [32m[1mLinking CXX executable turtle_controller[0m
[5.808s] [ 75%] Built target turtle_controller
[5.808s] gmake: *** [Makefile:146: all] Error 2
[5.809s] Invoked command in '/home/sven/ros2_ws/build/turtlesim_catch_them_all' returned '2': CMAKE_PREFIX_PATH=/home/sven/ros2_ws/install/my_robot_interfaces:/home/sven/ros2_ws/install/turtlesim_catch_them_all:/home/sven/ros2_ws/install/my_robot_bringup:/home/sven/ros2_ws/install/my_cpp_pkg:/home/sven/ros2_ws/install/my_py_pkg:/opt/ros/humble /usr/bin/cmake --build /home/sven/ros2_ws/build/turtlesim_catch_them_all -- -j20 -l20
