[0.030s] Invoking command in '/home/cleanseasolutions/ros2_ws/build/turtlesim_catch_them_all': CMAKE_PREFIX_PATH=/home/cleanseasolutions/ros2_ws/install/my_robot_interfaces:/home/cleanseasolutions/ros2_ws/install/turtlesim_catch_them_all:/home/cleanseasolutions/ros2_ws/install/my_robot_bringup:/home/cleanseasolutions/ros2_ws/install/my_cpp_pkg:/home/cleanseasolutions/ros2_ws/install/my_py_pkg:/opt/ros/humble /usr/bin/cmake --build /home/cleanseasolutions/ros2_ws/build/turtlesim_catch_them_all -- -j16 -l16
[0.053s] [35m[1mConsolidate compiler generated dependencies of target turtle_controller[0m
[0.053s] [35m[1mConsolidate compiler generated dependencies of target turtle_spawner[0m
[0.063s] [ 50%] [32mBuilding CXX object CMakeFiles/turtle_spawner.dir/src/turtle_spawner_node.cpp.o[0m
[0.063s] [ 50%] [32mBuilding CXX object CMakeFiles/turtle_controller.dir/src/turtle_controller_node.cpp.o[0m
[1.300s] [01m[K/home/cleanseasolutions/ros2_ws/src/turtlesim_catch_them_all/src/turtle_spawner_node.cpp:32:6:[m[K [01;31m[Kerror: [m[KISO C++ forbids declaration of â€˜[01m[KcallSpawnService[m[Kâ€™ with no type [[01;31m[K]8;;https://gcc.gnu.org/onlinedocs/gcc/Warning-Options.html#index-fpermissive-fpermissive]8;;[m[K]
[1.300s]    32 |      [01;31m[KcallSpawnService[m[K()
[1.300s]       |      [01;31m[K^~~~~~~~~~~~~~~~[m[K
[1.305s] [01m[K/home/cleanseasolutions/ros2_ws/src/turtlesim_catch_them_all/src/turtle_spawner_node.cpp:[m[K In constructor â€˜[01m[KTurtleSpawnerNode::TurtleSpawnerNode()[m[Kâ€™:
[1.305s] [01m[K/home/cleanseasolutions/ros2_ws/src/turtlesim_catch_them_all/src/turtle_spawner_node.cpp:13:9:[m[K [01;31m[Kerror: [m[Kâ€˜[01m[Kpublisher_[m[Kâ€™ was not declared in this scope; did you mean â€˜[01m[Krmw_publisher_t[m[Kâ€™?
[1.305s]    13 |         [01;31m[Kpublisher_[m[K = this->create_publisher<example_interfaces::msg::String>(
[1.305s]       |         [01;31m[K^~~~~~~~~~[m[K
[1.305s]       |         [32m[Krmw_publisher_t[m[K
[1.310s] [01m[K/home/cleanseasolutions/ros2_ws/src/turtlesim_catch_them_all/src/turtle_spawner_node.cpp:13:45:[m[K [01;31m[Kerror: [m[Kâ€˜[01m[Kexample_interfaces[m[Kâ€™ was not declared in this scope; did you mean â€˜[01m[Krcl_interfaces[m[Kâ€™?
[1.310s]    13 |         publisher_ = this->create_publisher<[01;31m[Kexample_interfaces[m[K::msg::String>(
[1.310s]       |                                             [01;31m[K^~~~~~~~~~~~~~~~~~[m[K
[1.310s]       |                                             [32m[Krcl_interfaces[m[K
[1.310s] [01m[K/home/cleanseasolutions/ros2_ws/src/turtlesim_catch_them_all/src/turtle_spawner_node.cpp:13:28:[m[K [01;31m[Kerror: [m[Kparse error in template argument list
[1.310s]    13 |         publisher_ = this->[01;31m[Kcreate_publisher<example_interfaces::msg::String>[m[K(
[1.310s]       |                            [01;31m[K^~~~~~~~~~~~~~~~~~~~~~~~~~~~~~~~~~~~~~~~~~~~~~~~~[m[K
[1.310s] [01m[K/home/cleanseasolutions/ros2_ws/src/turtlesim_catch_them_all/src/turtle_spawner_node.cpp:13:77:[m[K [01;31m[Kerror: [m[Kno matching function for call to â€˜[01m[KTurtleSpawnerNode::create_publisher<<expression error> >(const char [14], int)[m[Kâ€™
[1.310s]    13 |         publisher_ = [01;31m[Kthis->create_publisher<example_interfaces::msg::String>([m[K
[1.310s]       |                      [01;31m[K~~~~~~~~~~~~~~~~~~~~~~~~~~~~~~~~~~~~~~~~~~~~~~~~~~~~~~~^[m[K
[1.310s]    14 | [01;31m[K            "alive_turtles",[m[K
[1.310s]       |             [01;31m[K~~~~~~~~~~~~~~~~[m[K                                                 
[1.310s]    15 | [01;31m[K            10)[m[K;
[1.310s]       |             [01;31m[K~~~[m[K                                                              
[1.310s] In file included from [01m[K/opt/ros/humble/include/rclcpp/rclcpp/executors/single_threaded_executor.hpp:28[m[K,
[1.311s]                  from [01m[K/opt/ros/humble/include/rclcpp/rclcpp/executors.hpp:22[m[K,
[1.311s]                  from [01m[K/opt/ros/humble/include/rclcpp/rclcpp/rclcpp.hpp:155[m[K,
[1.311s]                  from [01m[K/home/cleanseasolutions/ros2_ws/src/turtlesim_catch_them_all/src/turtle_spawner_node.cpp:1[m[K:
[1.311s] [01m[K/opt/ros/humble/include/rclcpp/rclcpp/node.hpp:195:3:[m[K [01;36m[Knote: [m[Kcandidate: â€˜[01m[Ktemplate<class MessageT, class AllocatorT, class PublisherT> std::shared_ptr<PublisherT> rclcpp::Node::create_publisher(const string&, const rclcpp::QoS&, const rclcpp::PublisherOptionsWithAllocator<AllocatorT>&)[m[Kâ€™
[1.311s]   195 |   [01;36m[Kcreate_publisher[m[K(
[1.311s]       |   [01;36m[K^~~~~~~~~~~~~~~~[m[K
[1.311s] [01m[K/opt/ros/humble/include/rclcpp/rclcpp/node.hpp:195:3:[m[K [01;36m[Knote: [m[K  template argument deduction/substitution failed:
[1.311s] [01m[K/home/cleanseasolutions/ros2_ws/src/turtlesim_catch_them_all/src/turtle_spawner_node.cpp:13:77:[m[K [01;31m[Kerror: [m[Ktemplate argument 1 is invalid
[1.311s]    13 |         publisher_ = [01;31m[Kthis->create_publisher<example_interfaces::msg::String>([m[K
[1.311s]       |                      [01;31m[K~~~~~~~~~~~~~~~~~~~~~~~~~~~~~~~~~~~~~~~~~~~~~~~~~~~~~~~^[m[K
[1.311s]    14 | [01;31m[K            "alive_turtles",[m[K
[1.311s]       |             [01;31m[K~~~~~~~~~~~~~~~~[m[K                                                 
[1.311s]    15 | [01;31m[K            10)[m[K;
[1.311s]       |             [01;31m[K~~~[m[K                                                              
[1.316s] [01m[K/home/cleanseasolutions/ros2_ws/src/turtlesim_catch_them_all/src/turtle_spawner_node.cpp:[m[K In member function â€˜[01m[Kvoid TurtleSpawnerNode::publishFunction()[m[Kâ€™:
[1.316s] [01m[K/home/cleanseasolutions/ros2_ws/src/turtlesim_catch_them_all/src/turtle_spawner_node.cpp:25:20:[m[K [01;31m[Kerror: [m[Kâ€˜[01m[Kexample_interfaces[m[Kâ€™ has not been declared
[1.316s]    25 |         auto msg = [01;31m[Kexample_interfaces[m[K::msg::String(); //TODO (Ex: String, Int64...)
[1.316s]       |                    [01;31m[K^~~~~~~~~~~~~~~~~~[m[K
[1.320s] [01m[K/home/cleanseasolutions/ros2_ws/src/turtlesim_catch_them_all/src/turtle_spawner_node.cpp:29:9:[m[K [01;31m[Kerror: [m[Kâ€˜[01m[Kpublisher_[m[Kâ€™ was not declared in this scope; did you mean â€˜[01m[Krmw_publisher_t[m[Kâ€™?
[1.320s]    29 |         [01;31m[Kpublisher_[m[K->publish(msg);
[1.320s]       |         [01;31m[K^~~~~~~~~~[m[K
[1.320s]       |         [32m[Krmw_publisher_t[m[K
[1.323s] [01m[K/home/cleanseasolutions/ros2_ws/src/turtlesim_catch_them_all/src/turtle_spawner_node.cpp:[m[K In member function â€˜[01m[Kint TurtleSpawnerNode::callSpawnService()[m[Kâ€™:
[1.323s] [01m[K/home/cleanseasolutions/ros2_ws/src/turtlesim_catch_them_all/src/turtle_spawner_node.cpp:36:43:[m[K [01;31m[Kerror: [m[Kâ€˜[01m[Kturtlesim[m[Kâ€™ was not declared in this scope
[1.323s]    36 |         auto client = this->create_client<[01;31m[Kturtlesim[m[K::srv::Spawn>("spawn");
[1.323s]       |                                           [01;31m[K^~~~~~~~~[m[K
[1.323s] [01m[K/home/cleanseasolutions/ros2_ws/src/turtlesim_catch_them_all/src/turtle_spawner_node.cpp:36:29:[m[K [01;31m[Kerror: [m[Kparse error in template argument list
[1.323s]    36 |         auto client = this->[01;31m[Kcreate_client<turtlesim::srv::Spawn>[m[K("spawn");
[1.324s]       |                             [01;31m[K^~~~~~~~~~~~~~~~~~~~~~~~~~~~~~~~~~~~[m[K
[1.324s] [01m[K/home/cleanseasolutions/ros2_ws/src/turtlesim_catch_them_all/src/turtle_spawner_node.cpp:36:65:[m[K [01;31m[Kerror: [m[Kno matching function for call to â€˜[01m[KTurtleSpawnerNode::create_client<<expression error> >(const char [6])[m[Kâ€™
[1.324s]    36 |         auto client = [01;31m[Kthis->create_client<turtlesim::srv::Spawn>("spawn")[m[K;
[1.324s]       |                       [01;31m[K~~~~~~~~~~~~~~~~~~~~~~~~~~~~~~~~~~~~~~~~~~^~~~~~~~~[m[K
[1.324s] In file included from [01m[K/opt/ros/humble/include/rclcpp/rclcpp/executors/single_threaded_executor.hpp:28[m[K,
[1.324s]                  from [01m[K/opt/ros/humble/include/rclcpp/rclcpp/executors.hpp:22[m[K,
[1.324s]                  from [01m[K/opt/ros/humble/include/rclcpp/rclcpp/rclcpp.hpp:155[m[K,
[1.324s]                  from [01m[K/home/cleanseasolutions/ros2_ws/src/turtlesim_catch_them_all/src/turtle_spawner_node.cpp:1[m[K:
[1.324s] [01m[K/opt/ros/humble/include/rclcpp/rclcpp/node.hpp:252:3:[m[K [01;36m[Knote: [m[Kcandidate: â€˜[01m[Ktemplate<class ServiceT> typename rclcpp::Client<ServiceT>::SharedPtr rclcpp::Node::create_client(const string&, const rmw_qos_profile_t&, rclcpp::CallbackGroup::SharedPtr)[m[Kâ€™
[1.324s]   252 |   [01;36m[Kcreate_client[m[K(
[1.324s]       |   [01;36m[K^~~~~~~~~~~~~[m[K
[1.324s] [01m[K/opt/ros/humble/include/rclcpp/rclcpp/node.hpp:252:3:[m[K [01;36m[Knote: [m[K  template argument deduction/substitution failed:
[1.324s] [01m[K/home/cleanseasolutions/ros2_ws/src/turtlesim_catch_them_all/src/turtle_spawner_node.cpp:36:65:[m[K [01;31m[Kerror: [m[Ktemplate argument 1 is invalid
[1.324s]    36 |         auto client = [01;31m[Kthis->create_client<turtlesim::srv::Spawn>("spawn")[m[K;
[1.324s]       |                       [01;31m[K~~~~~~~~~~~~~~~~~~~~~~~~~~~~~~~~~~~~~~~~~~^~~~~~~~~[m[K
[1.324s] [01m[K/home/cleanseasolutions/ros2_ws/src/turtlesim_catch_them_all/src/turtle_spawner_node.cpp:42:29:[m[K [01;31m[Kerror: [m[Kparse error in template argument list
[1.324s]    42 |         auto request = std::[01;31m[Kmake_shared<turtlesim::srv::Spawn::Request>[m[K();
[1.324s]       |                             [01;31m[K^~~~~~~~~~~~~~~~~~~~~~~~~~~~~~~~~~~~~~~~~~~[m[K
[1.324s] [01m[K/home/cleanseasolutions/ros2_ws/src/turtlesim_catch_them_all/src/turtle_spawner_node.cpp:42:72:[m[K [01;31m[Kerror: [m[Kno matching function for call to â€˜[01m[Kmake_shared<turtlesim>()[m[Kâ€™
[1.324s]    42 |         auto request = [01;31m[Kstd::make_shared<turtlesim::srv::Spawn::Request>()[m[K;
[1.324s]       |                        [01;31m[K~~~~~~~~~~~~~~~~~~~~~~~~~~~~~~~~~~~~~~~~~~~~~~~~^~[m[K
[1.324s] In file included from [01m[K/usr/include/c++/11/memory:77[m[K,
[1.324s]                  from [01m[K/opt/ros/humble/include/rclcpp/rclcpp/rclcpp.hpp:153[m[K,
[1.324s]                  from [01m[K/home/cleanseasolutions/ros2_ws/src/turtlesim_catch_them_all/src/turtle_spawner_node.cpp:1[m[K:
[1.325s] [01m[K/usr/include/c++/11/bits/shared_ptr.h:875:5:[m[K [01;36m[Knote: [m[Kcandidate: â€˜[01m[Ktemplate<class _Tp, class ... _Args> std::shared_ptr<_Tp> std::make_shared(_Args&& ...)[m[Kâ€™
[1.325s]   875 |     [01;36m[Kmake_shared[m[K(_Args&&... __args)
[1.325s]       |     [01;36m[K^~~~~~~~~~~[m[K
[1.325s] [01m[K/usr/include/c++/11/bits/shared_ptr.h:875:5:[m[K [01;36m[Knote: [m[K  template argument deduction/substitution failed:
[1.325s] [01m[K/home/cleanseasolutions/ros2_ws/src/turtlesim_catch_them_all/src/turtle_spawner_node.cpp:64:5:[m[K [01;35m[Kwarning: [m[Kno return statement in function returning non-void [[01;35m[K]8;;https://gcc.gnu.org/onlinedocs/gcc/Warning-Options.html#index-Wreturn-type-Wreturn-type]8;;[m[K]
[1.325s]    64 |     [01;35m[K}[m[K
[1.325s]       |     [01;35m[K^[m[K
[1.361s] [01m[K/home/cleanseasolutions/ros2_ws/src/turtlesim_catch_them_all/src/turtle_controller_node.cpp:[m[K In member function â€˜[01m[Kstd::pair<int, int> TurtleControllerNode::callbackFindNextTarget(my_robot_interfaces::msg::TurtleArray_<std::allocator<void> >::SharedPtr)[m[Kâ€™:
[1.361s] [01m[K/home/cleanseasolutions/ros2_ws/src/turtlesim_catch_them_all/src/turtle_controller_node.cpp:39:107:[m[K [01;35m[Kwarning: [m[Kunused parameter â€˜[01m[Kturtle_msg[m[Kâ€™ [[01;35m[K]8;;https://gcc.gnu.org/onlinedocs/gcc/Warning-Options.html#index-Wunused-parameter-Wunused-parameter]8;;[m[K]
[1.361s]    39 | > callbackFindNextTarget([01;35m[Kconst my_robot_interfaces::msg::TurtleArray::SharedPtr turtle_msg[m[K)
[1.361s]       |                          [01;35m[K~~~~~~~~~~~~~~~~~~~~~~~~~~~~~~~~~~~~~~~~~~~~~~~~~~~~~~~^~~~~~~~~~[m[K
[1.361s] 
[1.584s] gmake[2]: *** [CMakeFiles/turtle_spawner.dir/build.make:76: CMakeFiles/turtle_spawner.dir/src/turtle_spawner_node.cpp.o] Error 1
[1.584s] gmake[1]: *** [CMakeFiles/Makefile2:165: CMakeFiles/turtle_spawner.dir/all] Error 2
[1.584s] gmake[1]: *** Waiting for unfinished jobs....
[5.601s] [ 75%] [32m[1mLinking CXX executable turtle_controller[0m
[5.904s] [ 75%] Built target turtle_controller
[5.905s] gmake: *** [Makefile:146: all] Error 2
[5.907s] Invoked command in '/home/cleanseasolutions/ros2_ws/build/turtlesim_catch_them_all' returned '2': CMAKE_PREFIX_PATH=/home/cleanseasolutions/ros2_ws/install/my_robot_interfaces:/home/cleanseasolutions/ros2_ws/install/turtlesim_catch_them_all:/home/cleanseasolutions/ros2_ws/install/my_robot_bringup:/home/cleanseasolutions/ros2_ws/install/my_cpp_pkg:/home/cleanseasolutions/ros2_ws/install/my_py_pkg:/opt/ros/humble /usr/bin/cmake --build /home/cleanseasolutions/ros2_ws/build/turtlesim_catch_them_all -- -j16 -l16
