[0.034s] Invoking command in '/home/sven/ros2_ws/build/lifecycle_cpp': CMAKE_PREFIX_PATH=/home/sven/ros2_ws/install/my_robot_interfaces:/home/sven/ros2_ws/install/turtlesim_catch_them_all:/home/sven/ros2_ws/install/my_robot_bringup:/home/sven/ros2_ws/install/my_cpp_pkg:/home/sven/ros2_ws/install/actions_cpp:/home/sven/ros2_ws/install/my_robot_description:/home/sven/ros2_ws/install/lifecycle_cpp:/home/sven/install/my_robot_description:/home/sven/ros2_ws/install/my_py_pkg:/home/sven/ros2_ws/install/actions_py:/home/sven/ros2_ws/install/lifecycle_py:/opt/ros/humble LD_LIBRARY_PATH=/home/sven/ros2_ws/install/my_robot_interfaces/lib:/usr/lib/x86_64-linux-gnu/gazebo-11/plugins:/opt/ros/humble/opt/rviz_ogre_vendor/lib:/opt/ros/humble/lib/x86_64-linux-gnu:/opt/ros/humble/lib:/usr/share/gazebo/../../lib/x86_64-linux-gnu/gazebo-11/plugins /usr/bin/cmake --build /home/sven/ros2_ws/build/lifecycle_cpp -- -j20 -l20
[0.047s] -- Found ament_cmake: 1.3.8 (/opt/ros/humble/share/ament_cmake/cmake)
[0.111s] -- Found rclcpp: 16.0.8 (/opt/ros/humble/share/rclcpp/cmake)
[0.128s] -- Found rosidl_generator_c: 3.1.5 (/opt/ros/humble/share/rosidl_generator_c/cmake)
[0.129s] -- Found rosidl_adapter: 3.1.5 (/opt/ros/humble/share/rosidl_adapter/cmake)
[0.132s] -- Found rosidl_generator_cpp: 3.1.5 (/opt/ros/humble/share/rosidl_generator_cpp/cmake)
[0.137s] -- Using all available rosidl_typesupport_c: rosidl_typesupport_fastrtps_c;rosidl_typesupport_introspection_c
[0.145s] -- Using all available rosidl_typesupport_cpp: rosidl_typesupport_fastrtps_cpp;rosidl_typesupport_introspection_cpp
[0.173s] -- Found rmw_implementation_cmake: 6.1.1 (/opt/ros/humble/share/rmw_implementation_cmake/cmake)
[0.174s] -- Found rmw_fastrtps_cpp: 6.2.6 (/opt/ros/humble/share/rmw_fastrtps_cpp/cmake)
[0.230s] -- Using RMW implementation 'rmw_fastrtps_cpp' as default
[0.305s] -- Found rclcpp_action: 16.0.8 (/opt/ros/humble/share/rclcpp_action/cmake)
[0.347s] -- Found rclcpp_lifecycle: 16.0.8 (/opt/ros/humble/share/rclcpp_lifecycle/cmake)
[0.365s] -- Found example_interfaces: 0.9.3 (/opt/ros/humble/share/example_interfaces/cmake)
[0.390s] -- Found my_robot_interfaces: 0.0.0 (/home/sven/ros2_ws/install/my_robot_interfaces/share/my_robot_interfaces/cmake)
[0.449s] -- Configuring done
[0.455s] -- Generating done
[0.456s] -- Build files have been written to: /home/sven/ros2_ws/build/lifecycle_cpp
[0.469s] [35m[1mConsolidate compiler generated dependencies of target number_publisher[0m
[0.473s] [ 25%] [32mBuilding CXX object CMakeFiles/move_robot_server_lifecycle.dir/src/move_robot_server_lifecycle.cpp.o[0m
[0.477s] [ 75%] Built target number_publisher
[1.551s] [01m[K/home/sven/ros2_ws/src/lifecycle_cpp/src/move_robot_server_lifecycle.cpp:[m[K In constructor â€˜[01m[KMoveRobotServerNode::MoveRobotServerNode()[m[Kâ€™:
[1.551s] [01m[K/home/sven/ros2_ws/src/lifecycle_cpp/src/move_robot_server_lifecycle.cpp:16:29:[m[K [01;31m[Kerror: [m[Kclass â€˜[01m[KMoveRobotServerNode[m[Kâ€™ does not have any field named â€˜[01m[KNode[m[Kâ€™
[1.551s]    16 |     MoveRobotServerNode() : [01;31m[KNode[m[K("move_robot_server"), current_position_(50) // Default position for the robot
[1.551s]       |                             [01;31m[K^~~~[m[K
[1.551s] [01m[K/home/sven/ros2_ws/src/lifecycle_cpp/src/move_robot_server_lifecycle.cpp:16:76:[m[K [01;31m[Kerror: [m[Kno matching function for call to â€˜[01m[Krclcpp_lifecycle::LifecycleNode::LifecycleNode()[m[Kâ€™
[1.551s]    16 |     MoveRobotServerNode() : Node("move_robot_server"), current_position_(50[01;31m[K)[m[K // Default position for the robot
[1.551s]       |                                                                            [01;31m[K^[m[K
[1.551s] In file included from [01m[K/home/sven/ros2_ws/src/lifecycle_cpp/src/move_robot_server_lifecycle.cpp:3[m[K:
[1.551s] [01m[K/opt/ros/humble/include/rclcpp_lifecycle/rclcpp_lifecycle/lifecycle_node.hpp:148:3:[m[K [01;36m[Knote: [m[Kcandidate: â€˜[01m[Krclcpp_lifecycle::LifecycleNode::LifecycleNode(const string&, const string&, const rclcpp::NodeOptions&, bool)[m[Kâ€™
[1.551s]   148 |   [01;36m[KLifecycleNode[m[K(
[1.551s]       |   [01;36m[K^~~~~~~~~~~~~[m[K
[1.551s] [01m[K/opt/ros/humble/include/rclcpp_lifecycle/rclcpp_lifecycle/lifecycle_node.hpp:148:3:[m[K [01;36m[Knote: [m[K  candidate expects 4 arguments, 0 provided
[1.551s] [01m[K/opt/ros/humble/include/rclcpp_lifecycle/rclcpp_lifecycle/lifecycle_node.hpp:135:12:[m[K [01;36m[Knote: [m[Kcandidate: â€˜[01m[Krclcpp_lifecycle::LifecycleNode::LifecycleNode(const string&, const rclcpp::NodeOptions&, bool)[m[Kâ€™
[1.551s]   135 |   explicit [01;36m[KLifecycleNode[m[K(
[1.551s]       |            [01;36m[K^~~~~~~~~~~~~[m[K
[1.551s] [01m[K/opt/ros/humble/include/rclcpp_lifecycle/rclcpp_lifecycle/lifecycle_node.hpp:135:12:[m[K [01;36m[Knote: [m[K  candidate expects 3 arguments, 0 provided
[1.569s] [01m[K/home/sven/ros2_ws/src/lifecycle_cpp/src/move_robot_server_lifecycle.cpp:[m[K In function â€˜[01m[Kint main(int, char**)[m[Kâ€™:
[1.570s] [01m[K/home/sven/ros2_ws/src/lifecycle_cpp/src/move_robot_server_lifecycle.cpp:253:22:[m[K [01;31m[Kerror: [m[Kno matching function for call to â€˜[01m[Krclcpp::executors::MultiThreadedExecutor::add_node(std::shared_ptr<MoveRobotServerNode>&)[m[Kâ€™
[1.570s]   253 |     [01;31m[Kexecutor.add_node(node)[m[K;
[1.570s]       |     [01;31m[K~~~~~~~~~~~~~~~~~^~~~~~[m[K
[1.570s] In file included from [01m[K/opt/ros/humble/include/rclcpp/rclcpp/executors/multi_threaded_executor.hpp:25[m[K,
[1.570s]                  from [01m[K/opt/ros/humble/include/rclcpp/rclcpp/executors.hpp:21[m[K,
[1.570s]                  from [01m[K/opt/ros/humble/include/rclcpp/rclcpp/rclcpp.hpp:155[m[K,
[1.570s]                  from [01m[K/home/sven/ros2_ws/src/lifecycle_cpp/src/move_robot_server_lifecycle.cpp:1[m[K:
[1.570s] [01m[K/opt/ros/humble/include/rclcpp/rclcpp/executor.hpp:201:3:[m[K [01;36m[Knote: [m[Kcandidate: â€˜[01m[Kvirtual void rclcpp::Executor::add_node(rclcpp::node_interfaces::NodeBaseInterface::SharedPtr, bool)[m[Kâ€™
[1.570s]   201 |   [01;36m[Kadd_node[m[K(rclcpp::node_interfaces::NodeBaseInterface::SharedPtr node_ptr, bool notify = true);
[1.570s]       |   [01;36m[K^~~~~~~~[m[K
[1.570s] [01m[K/opt/ros/humble/include/rclcpp/rclcpp/executor.hpp:201:66:[m[K [01;36m[Knote: [m[K  no known conversion for argument 1 from â€˜[01m[Kshared_ptr<[01;32m[KMoveRobotServerNode[m[K>[m[Kâ€™ to â€˜[01m[Kshared_ptr<[01;32m[Krclcpp::node_interfaces::NodeBaseInterface[m[K>[m[Kâ€™
[1.570s]   201 |   add_node([01;36m[Krclcpp::node_interfaces::NodeBaseInterface::SharedPtr node_ptr[m[K, bool notify = true);
[1.570s]       |            [01;36m[K~~~~~~~~~~~~~~~~~~~~~~~~~~~~~~~~~~~~~~~~~~~~~~~~~~~~~~^~~~~~~~[m[K
[1.570s] [01m[K/opt/ros/humble/include/rclcpp/rclcpp/executor.hpp:209:3:[m[K [01;36m[Knote: [m[Kcandidate: â€˜[01m[Kvirtual void rclcpp::Executor::add_node(std::shared_ptr<rclcpp::Node>, bool)[m[Kâ€™
[1.570s]   209 |   [01;36m[Kadd_node[m[K(std::shared_ptr<rclcpp::Node> node_ptr, bool notify = true);
[1.570s]       |   [01;36m[K^~~~~~~~[m[K
[1.570s] [01m[K/opt/ros/humble/include/rclcpp/rclcpp/executor.hpp:209:42:[m[K [01;36m[Knote: [m[K  no known conversion for argument 1 from â€˜[01m[Kshared_ptr<[01;32m[KMoveRobotServerNode[m[K>[m[Kâ€™ to â€˜[01m[Kshared_ptr<[01;32m[Krclcpp::Node[m[K>[m[Kâ€™
[1.570s]   209 |   add_node([01;36m[Kstd::shared_ptr<rclcpp::Node> node_ptr[m[K, bool notify = true);
[1.570s]       |            [01;36m[K~~~~~~~~~~~~~~~~~~~~~~~~~~~~~~^~~~~~~~[m[K
[1.867s] gmake[2]: *** [CMakeFiles/move_robot_server_lifecycle.dir/build.make:76: CMakeFiles/move_robot_server_lifecycle.dir/src/move_robot_server_lifecycle.cpp.o] Error 1
[1.867s] gmake[1]: *** [CMakeFiles/Makefile2:165: CMakeFiles/move_robot_server_lifecycle.dir/all] Error 2
[1.867s] gmake: *** [Makefile:146: all] Error 2
[1.869s] Invoked command in '/home/sven/ros2_ws/build/lifecycle_cpp' returned '2': CMAKE_PREFIX_PATH=/home/sven/ros2_ws/install/my_robot_interfaces:/home/sven/ros2_ws/install/turtlesim_catch_them_all:/home/sven/ros2_ws/install/my_robot_bringup:/home/sven/ros2_ws/install/my_cpp_pkg:/home/sven/ros2_ws/install/actions_cpp:/home/sven/ros2_ws/install/my_robot_description:/home/sven/ros2_ws/install/lifecycle_cpp:/home/sven/install/my_robot_description:/home/sven/ros2_ws/install/my_py_pkg:/home/sven/ros2_ws/install/actions_py:/home/sven/ros2_ws/install/lifecycle_py:/opt/ros/humble LD_LIBRARY_PATH=/home/sven/ros2_ws/install/my_robot_interfaces/lib:/usr/lib/x86_64-linux-gnu/gazebo-11/plugins:/opt/ros/humble/opt/rviz_ogre_vendor/lib:/opt/ros/humble/lib/x86_64-linux-gnu:/opt/ros/humble/lib:/usr/share/gazebo/../../lib/x86_64-linux-gnu/gazebo-11/plugins /usr/bin/cmake --build /home/sven/ros2_ws/build/lifecycle_cpp -- -j20 -l20
