[35m[1mConsolidate compiler generated dependencies of target battery[0m
[  9%] Built target cpp_node
[ 18%] Built target robot_news_station
[ 27%] Built target number_publisher
[ 36%] Built target smartphone
[ 45%] Built target add_two_ints_client
[ 54%] Built target add_two_ints_server
[ 63%] Built target hardware_status_publisher
[ 72%] Built target number_counter
[ 81%] Built target add_two_ints_client_no_oop
[ 86%] [32mBuilding CXX object CMakeFiles/battery.dir/src/battery_node.cpp.o[0m
[ 95%] Built target led_panel_status_publisher
[01m[K/home/cleanseasolutions/ros2_ws/src/my_cpp_pkg/src/battery_node.cpp:[m[K In member function â€˜[01m[Kvoid BatteryNode::checkBatteryState()[m[Kâ€™:
[01m[K/home/cleanseasolutions/ros2_ws/src/my_cpp_pkg/src/battery_node.cpp:63:51:[m[K [01;31m[Kerror: [m[Kbase operand of â€˜[01m[K->[m[Kâ€™ has non-pointer type â€˜[01m[Krclcpp::Time[m[Kâ€™
   63 |         double time_now = this->get_clock()->now()[01;31m[K->[m[Kseconds();
      |                                                   [01;31m[K^~[m[K
gmake[2]: *** [CMakeFiles/battery.dir/build.make:76: CMakeFiles/battery.dir/src/battery_node.cpp.o] Error 1
gmake[1]: *** [CMakeFiles/Makefile2:417: CMakeFiles/battery.dir/all] Error 2
gmake: *** [Makefile:146: all] Error 2
