[01m[K/home/sven/ros2_ws/src/actions_cpp/src/move_robot_client.cpp:[m[K In member function â€˜[01m[Kvoid MoveRobotClientNode::goal_response_callback(const SharedPtr&)[m[Kâ€™:
[01m[K/home/sven/ros2_ws/src/actions_cpp/src/move_robot_client.cpp:56:19:[m[K [01;31m[Kerror: [m[Kâ€˜[01m[Kclass MoveRobotClientNode[m[Kâ€™ has no member named â€˜[01m[Kgoal_handle_[m[Kâ€™
   56 |             this->[01;31m[Kgoal_handle_[m[K = goal_handle;
      |                   [01;31m[K^~~~~~~~~~~~[m[K
gmake[2]: *** [CMakeFiles/move_robot_client.dir/build.make:76: CMakeFiles/move_robot_client.dir/src/move_robot_client.cpp.o] Error 1
gmake[1]: *** [CMakeFiles/Makefile2:249: CMakeFiles/move_robot_client.dir/all] Error 2
gmake: *** [Makefile:146: all] Error 2
