[0.030s] Invoking command in '/home/cleanseasolutions/ros2_ws/build/my_cpp_pkg': CMAKE_PREFIX_PATH=${CMAKE_PREFIX_PATH}:/home/cleanseasolutions/ros2_ws/install/my_py_pkg:/opt/ros/humble /usr/bin/cmake --build /home/cleanseasolutions/ros2_ws/build/my_cpp_pkg -- -j16 -l16
[0.060s] [35m[1mConsolidate compiler generated dependencies of target led_panel_status_publisher[0m
[0.061s] [35m[1mConsolidate compiler generated dependencies of target hardware_status_publisher[0m
[0.064s] [ 15%] Built target cpp_node
[0.064s] [ 25%] Built target robot_news_station
[0.064s] [ 30%] Built target smartphone
[0.067s] [ 40%] Built target number_publisher
[0.069s] [ 50%] Built target number_counter
[0.070s] [ 60%] Built target add_two_ints_client
[0.070s] [ 70%] Built target add_two_ints_server
[0.072s] [ 75%] [32mBuilding CXX object CMakeFiles/led_panel_status_publisher.dir/src/led_panel_node.cpp.o[0m
[0.072s] [ 85%] Built target add_two_ints_client_no_oop
[0.074s] [ 95%] Built target hardware_status_publisher
[1.213s] [01m[K/home/cleanseasolutions/ros2_ws/src/my_cpp_pkg/src/led_panel_node.cpp:33:49:[m[K [01;31m[Kerror: [m[Kâ€˜[01m[KLEDStatus[m[Kâ€™ is not a member of â€˜[01m[Kmy_robot_interfaces::msg[m[Kâ€™; did you mean â€˜[01m[KLedStatus[m[Kâ€™?
[1.213s]    33 |     rclcpp::Publisher<my_robot_interfaces::msg::[01;31m[KLEDStatus[m[K::SharedPtr publisher_;
[1.213s]       |                                                 [01;31m[K^~~~~~~~~[m[K
[1.213s]       |                                                 [32m[KLedStatus[m[K
[1.213s] [01m[K/home/cleanseasolutions/ros2_ws/src/my_cpp_pkg/src/led_panel_node.cpp:33:70:[m[K [01;31m[Kerror: [m[Ktemplate argument 1 is invalid
[1.213s]    33 |     rclcpp::Publisher<my_robot_interfaces::msg::LEDStatus::SharedPtr [01;31m[Kpublisher_[m[K;
[1.213s]       |                                                                      [01;31m[K^~~~~~~~~~[m[K
[1.217s] [01m[K/home/cleanseasolutions/ros2_ws/src/my_cpp_pkg/src/led_panel_node.cpp:[m[K In constructor â€˜[01m[KLEDPanelPublisherNode::LEDPanelPublisherNode()[m[Kâ€™:
[1.217s] [01m[K/home/cleanseasolutions/ros2_ws/src/my_cpp_pkg/src/led_panel_node.cpp:12:9:[m[K [01;31m[Kerror: [m[Kâ€˜[01m[Kpublisher_[m[Kâ€™ was not declared in this scope; did you mean â€˜[01m[Krmw_publisher_t[m[Kâ€™?
[1.217s]    12 |         [01;31m[Kpublisher_[m[K = this->create_publisher<my_robot_interfaces::msg::LedStatus>("led_panel_status", 10);
[1.217s]       |         [01;31m[K^~~~~~~~~~[m[K
[1.217s]       |         [32m[Krmw_publisher_t[m[K
[1.225s] [01m[K/home/cleanseasolutions/ros2_ws/src/my_cpp_pkg/src/led_panel_node.cpp:[m[K In member function â€˜[01m[Kvoid LEDPanelPublisherNode::publishLedPanelStatus()[m[Kâ€™:
[1.225s] [01m[K/home/cleanseasolutions/ros2_ws/src/my_cpp_pkg/src/led_panel_node.cpp:25:13:[m[K [01;31m[Kerror: [m[Kâ€˜[01m[Kstruct my_robot_interfaces::msg::LedStatus_<std::allocator<void> >[m[Kâ€™ has no member named â€˜[01m[Kdata[m[Kâ€™
[1.225s]    25 |         msg.[01;31m[Kdata[m[K = [0, 0, 0];
[1.225s]       |             [01;31m[K^~~~[m[K
[1.225s] [01m[K/home/cleanseasolutions/ros2_ws/src/my_cpp_pkg/src/led_panel_node.cpp:25:21:[m[K [01;31m[Kerror: [m[Kexpected identifier before numeric constant
[1.225s]    25 |         msg.data = [[01;31m[K0[m[K, 0, 0];
[1.225s]       |                     [01;31m[K^[m[K
[1.225s] [01m[K/home/cleanseasolutions/ros2_ws/src/my_cpp_pkg/src/led_panel_node.cpp:25:22:[m[K [01;31m[Kerror: [m[Kexpected â€˜[01m[K][m[Kâ€™ before â€˜[01m[K,[m[Kâ€™ token
[1.225s]    25 |         msg.data = [0[01;31m[K,[m[K 0, 0];
[1.225s]       |                      [01;31m[K^[m[K
[1.225s] [01m[K/home/cleanseasolutions/ros2_ws/src/my_cpp_pkg/src/led_panel_node.cpp:[m[K In lambda function:
[1.225s] [01m[K/home/cleanseasolutions/ros2_ws/src/my_cpp_pkg/src/led_panel_node.cpp:25:22:[m[K [01;31m[Kerror: [m[Kexpected â€˜[01m[K{[m[Kâ€™ before â€˜[01m[K,[m[Kâ€™ token
[1.229s] [01m[K/home/cleanseasolutions/ros2_ws/src/my_cpp_pkg/src/led_panel_node.cpp:[m[K In member function â€˜[01m[Kvoid LEDPanelPublisherNode::publishLedPanelStatus()[m[Kâ€™:
[1.229s] [01m[K/home/cleanseasolutions/ros2_ws/src/my_cpp_pkg/src/led_panel_node.cpp:30:9:[m[K [01;31m[Kerror: [m[Kâ€˜[01m[Kpublisher_[m[Kâ€™ was not declared in this scope; did you mean â€˜[01m[Krmw_publisher_t[m[Kâ€™?
[1.229s]    30 |         [01;31m[Kpublisher_[m[K->publish(msg);
[1.229s]       |         [01;31m[K^~~~~~~~~~[m[K
[1.229s]       |         [32m[Krmw_publisher_t[m[K
[1.589s] gmake[2]: *** [CMakeFiles/led_panel_status_publisher.dir/build.make:76: CMakeFiles/led_panel_status_publisher.dir/src/led_panel_node.cpp.o] Error 1
[1.589s] gmake[1]: *** [CMakeFiles/Makefile2:389: CMakeFiles/led_panel_status_publisher.dir/all] Error 2
[1.589s] gmake: *** [Makefile:146: all] Error 2
[1.591s] Invoked command in '/home/cleanseasolutions/ros2_ws/build/my_cpp_pkg' returned '2': CMAKE_PREFIX_PATH=${CMAKE_PREFIX_PATH}:/home/cleanseasolutions/ros2_ws/install/my_py_pkg:/opt/ros/humble /usr/bin/cmake --build /home/cleanseasolutions/ros2_ws/build/my_cpp_pkg -- -j16 -l16
