[0.031s] Invoking command in '/home/sven/ros2_ws/build/actions_cpp': CMAKE_PREFIX_PATH=/home/sven/ros2_ws/install/my_robot_interfaces:/home/sven/ros2_ws/install/turtlesim_catch_them_all:/home/sven/ros2_ws/install/my_robot_bringup:/home/sven/ros2_ws/install/my_cpp_pkg:/home/sven/ros2_ws/install/actions_cpp:/home/sven/ros2_ws/install/my_robot_description:/home/sven/install/my_robot_description:/home/sven/ros2_ws/install/my_py_pkg:/home/sven/ros2_ws/install/actions_py:/opt/ros/humble LD_LIBRARY_PATH=/home/sven/ros2_ws/install/my_robot_interfaces/lib:/usr/lib/x86_64-linux-gnu/gazebo-11/plugins:/opt/ros/humble/opt/rviz_ogre_vendor/lib:/opt/ros/humble/lib/x86_64-linux-gnu:/opt/ros/humble/lib:/usr/share/gazebo/../../lib/x86_64-linux-gnu/gazebo-11/plugins /usr/bin/cmake --build /home/sven/ros2_ws/build/actions_cpp -- -j20 -l20
[0.052s] [35m[1mConsolidate compiler generated dependencies of target move_robot_client[0m
[0.059s] [ 60%] Built target count_until_client
[0.059s] [ 60%] Built target count_until_server_queue_goals
[0.059s] [ 60%] Built target move_robot_server
[0.060s] [ 80%] Built target count_until_server
[0.060s] [ 90%] [32mBuilding CXX object CMakeFiles/move_robot_client.dir/src/move_robot_client.cpp.o[0m
[1.115s] [01m[K/home/sven/ros2_ws/src/actions_cpp/src/move_robot_client.cpp:48:39:[m[K [01;31m[Kerror: [m[Kâ€˜[01m[KRobotMoveGoalHandle[m[Kâ€™ does not name a type
[1.115s]    48 |     void goal_response_callback(const [01;31m[KRobotMoveGoalHandle[m[K::SharedPtr &goal_handle)
[1.115s]       |                                       [01;31m[K^~~~~~~~~~~~~~~~~~~[m[K
[1.115s] [01m[K/home/sven/ros2_ws/src/actions_cpp/src/move_robot_client.cpp:48:70:[m[K [01;31m[Kerror: [m[Kexpected unqualified-id before â€˜[01m[K&[m[Kâ€™ token
[1.115s]    48 |     void goal_response_callback(const RobotMoveGoalHandle::SharedPtr [01;31m[K&[m[Kgoal_handle)
[1.115s]       |                                                                      [01;31m[K^[m[K
[1.115s] [01m[K/home/sven/ros2_ws/src/actions_cpp/src/move_robot_client.cpp:48:69:[m[K [01;31m[Kerror: [m[Kexpected â€˜[01m[K)[m[Kâ€™ before â€˜[01m[K&[m[Kâ€™ token
[1.115s]    48 |     void goal_response_callback[34m[K([m[Kconst RobotMoveGoalHandle::SharedPtr[01;31m[K [m[K[32m[K&[m[Kgoal_handle)
[1.115s]       |                                [34m[K~[m[K                                    [01;31m[K^[m[K[32m[K~[m[K
[1.115s]       |                                                                     [32m[K)[m[K
[1.115s] [01m[K/home/sven/ros2_ws/src/actions_cpp/src/move_robot_client.cpp:48:70:[m[K [01;31m[Kerror: [m[Kexpected â€˜[01m[K;[m[Kâ€™ at end of member declaration
[1.116s]    48 |     void goal_response_callback(const RobotMoveGoalHandle::SharedPtr [01;31m[K&[m[Kgoal_handle)
[1.116s]       |                                                                      [01;31m[K^[m[K
[1.116s]       |                                                                       [32m[K;[m[K
[1.116s] [01m[K/home/sven/ros2_ws/src/actions_cpp/src/move_robot_client.cpp:48:71:[m[K [01;31m[Kerror: [m[Kâ€˜[01m[Kgoal_handle[m[Kâ€™ does not name a type
[1.116s]    48 |     void goal_response_callback(const RobotMoveGoalHandle::SharedPtr &[01;31m[Kgoal_handle[m[K)
[1.116s]       |                                                                       [01;31m[K^~~~~~~~~~~[m[K
[1.117s] [01m[K/home/sven/ros2_ws/src/actions_cpp/src/move_robot_client.cpp:63:37:[m[K [01;31m[Kerror: [m[Kâ€˜[01m[KRobotMoveGoalHandle[m[Kâ€™ does not name a type
[1.117s]    63 |     void goal_result_callback(const [01;31m[KRobotMoveGoalHandle[m[K::WrappedResult &result)
[1.117s]       |                                     [01;31m[K^~~~~~~~~~~~~~~~~~~[m[K
[1.117s] [01m[K/home/sven/ros2_ws/src/actions_cpp/src/move_robot_client.cpp:63:72:[m[K [01;31m[Kerror: [m[Kexpected unqualified-id before â€˜[01m[K&[m[Kâ€™ token
[1.117s]    63 |     void goal_result_callback(const RobotMoveGoalHandle::WrappedResult [01;31m[K&[m[Kresult)
[1.117s]       |                                                                        [01;31m[K^[m[K
[1.117s] [01m[K/home/sven/ros2_ws/src/actions_cpp/src/move_robot_client.cpp:63:71:[m[K [01;31m[Kerror: [m[Kexpected â€˜[01m[K)[m[Kâ€™ before â€˜[01m[K&[m[Kâ€™ token
[1.117s]    63 |     void goal_result_callback[34m[K([m[Kconst RobotMoveGoalHandle::WrappedResult[01;31m[K [m[K[32m[K&[m[Kresult)
[1.118s]       |                              [34m[K~[m[K                                        [01;31m[K^[m[K[32m[K~[m[K
[1.118s]       |                                                                       [32m[K)[m[K
[1.118s] [01m[K/home/sven/ros2_ws/src/actions_cpp/src/move_robot_client.cpp:63:72:[m[K [01;31m[Kerror: [m[Kexpected â€˜[01m[K;[m[Kâ€™ at end of member declaration
[1.118s]    63 |     void goal_result_callback(const RobotMoveGoalHandle::WrappedResult [01;31m[K&[m[Kresult)
[1.118s]       |                                                                        [01;31m[K^[m[K
[1.118s]       |                                                                         [32m[K;[m[K
[1.118s] [01m[K/home/sven/ros2_ws/src/actions_cpp/src/move_robot_client.cpp:63:73:[m[K [01;31m[Kerror: [m[Kâ€˜[01m[Kresult[m[Kâ€™ does not name a type
[1.118s]    63 |     void goal_result_callback(const RobotMoveGoalHandle::WrappedResult &[01;31m[Kresult[m[K)
[1.118s]       |                                                                         [01;31m[K^~~~~~[m[K
[1.465s] gmake[2]: *** [CMakeFiles/move_robot_client.dir/build.make:76: CMakeFiles/move_robot_client.dir/src/move_robot_client.cpp.o] Error 1
[1.465s] gmake[1]: *** [CMakeFiles/Makefile2:249: CMakeFiles/move_robot_client.dir/all] Error 2
[1.465s] gmake: *** [Makefile:146: all] Error 2
[1.467s] Invoked command in '/home/sven/ros2_ws/build/actions_cpp' returned '2': CMAKE_PREFIX_PATH=/home/sven/ros2_ws/install/my_robot_interfaces:/home/sven/ros2_ws/install/turtlesim_catch_them_all:/home/sven/ros2_ws/install/my_robot_bringup:/home/sven/ros2_ws/install/my_cpp_pkg:/home/sven/ros2_ws/install/actions_cpp:/home/sven/ros2_ws/install/my_robot_description:/home/sven/install/my_robot_description:/home/sven/ros2_ws/install/my_py_pkg:/home/sven/ros2_ws/install/actions_py:/opt/ros/humble LD_LIBRARY_PATH=/home/sven/ros2_ws/install/my_robot_interfaces/lib:/usr/lib/x86_64-linux-gnu/gazebo-11/plugins:/opt/ros/humble/opt/rviz_ogre_vendor/lib:/opt/ros/humble/lib/x86_64-linux-gnu:/opt/ros/humble/lib:/usr/share/gazebo/../../lib/x86_64-linux-gnu/gazebo-11/plugins /usr/bin/cmake --build /home/sven/ros2_ws/build/actions_cpp -- -j20 -l20
