[0.036s] Invoking command in '/home/cleanseasolutions/ros2_ws/build/turtlesim_catch_them_all': CMAKE_PREFIX_PATH=/home/cleanseasolutions/ros2_ws/install/my_robot_interfaces:/home/cleanseasolutions/ros2_ws/install/my_robot_bringup:/home/cleanseasolutions/ros2_ws/install/my_cpp_pkg:/home/cleanseasolutions/ros2_ws/install/my_py_pkg:/opt/ros/humble /usr/bin/cmake --build /home/cleanseasolutions/ros2_ws/build/turtlesim_catch_them_all -- -j16 -l16
[0.052s] -- Found ament_cmake: 1.3.7 (/opt/ros/humble/share/ament_cmake/cmake)
[0.139s] -- Found my_robot_interfaces: 0.0.0 (/home/cleanseasolutions/ros2_ws/install/my_robot_interfaces/share/my_robot_interfaces/cmake)
[0.155s] -- Found rosidl_generator_c: 3.1.5 (/opt/ros/humble/share/rosidl_generator_c/cmake)
[0.157s] -- Found rosidl_adapter: 3.1.5 (/opt/ros/humble/share/rosidl_adapter/cmake)
[0.163s] -- Found rosidl_generator_cpp: 3.1.5 (/opt/ros/humble/share/rosidl_generator_cpp/cmake)
[0.171s] -- Using all available rosidl_typesupport_c: rosidl_typesupport_fastrtps_c;rosidl_typesupport_introspection_c
[0.180s] -- Using all available rosidl_typesupport_cpp: rosidl_typesupport_fastrtps_cpp;rosidl_typesupport_introspection_cpp
[0.189s] -- Found rclcpp: 16.0.8 (/opt/ros/humble/share/rclcpp/cmake)
[0.229s] -- Found rmw_implementation_cmake: 6.1.1 (/opt/ros/humble/share/rmw_implementation_cmake/cmake)
[0.230s] -- Found rmw_fastrtps_cpp: 6.2.6 (/opt/ros/humble/share/rmw_fastrtps_cpp/cmake)
[0.297s] -- Using RMW implementation 'rmw_fastrtps_cpp' as default
[0.385s] -- Found turtlesim: 1.4.2 (/opt/ros/humble/share/turtlesim/cmake)
[0.499s] -- Configuring done
[0.506s] -- Generating done
[0.506s] -- Build files have been written to: /home/cleanseasolutions/ros2_ws/build/turtlesim_catch_them_all
[0.521s] [35m[1mConsolidate compiler generated dependencies of target turtle_controller[0m
[0.526s] [ 25%] [32mBuilding CXX object CMakeFiles/turtle_spawner.dir/src/turtle_spawner_node.cpp.o[0m
[0.531s] [ 50%] [32mBuilding CXX object CMakeFiles/turtle_controller.dir/src/turtle_controller_node.cpp.o[0m
[0.633s] [01m[K/home/cleanseasolutions/ros2_ws/src/turtlesim_catch_them_all/src/turtle_spawner_node.cpp:2:10:[m[K [01;31m[Kfatal error: [m[Kmy_robot_interfaces/msg/turtle.hpp: No such file or directory
[0.633s]     2 | #include [01;31m[K"my_robot_interfaces/msg/turtle.hpp"[m[K
[0.633s]       |          [01;31m[K^~~~~~~~~~~~~~~~~~~~~~~~~~~~~~~~~~~~[m[K
[0.633s] compilation terminated.
[0.637s] [01m[K/home/cleanseasolutions/ros2_ws/src/turtlesim_catch_them_all/src/turtle_controller_node.cpp:3:10:[m[K [01;31m[Kfatal error: [m[Kmy_robot_interfaces/msg/turtle.hpp: No such file or directory
[0.637s]     3 | #include [01;31m[K"my_robot_interfaces/msg/turtle.hpp"[m[K
[0.638s]       |          [01;31m[K^~~~~~~~~~~~~~~~~~~~~~~~~~~~~~~~~~~~[m[K
[0.638s] compilation terminated.
[0.642s] gmake[2]: *** [CMakeFiles/turtle_controller.dir/build.make:76: CMakeFiles/turtle_controller.dir/src/turtle_controller_node.cpp.o] Error 1
[0.642s] gmake[2]: *** [CMakeFiles/turtle_spawner.dir/build.make:76: CMakeFiles/turtle_spawner.dir/src/turtle_spawner_node.cpp.o] Error 1
[0.642s] gmake[1]: *** [CMakeFiles/Makefile2:139: CMakeFiles/turtle_controller.dir/all] Error 2
[0.642s] gmake[1]: *** Waiting for unfinished jobs....
[0.642s] gmake[1]: *** [CMakeFiles/Makefile2:165: CMakeFiles/turtle_spawner.dir/all] Error 2
[0.642s] gmake: *** [Makefile:146: all] Error 2
[0.644s] Invoked command in '/home/cleanseasolutions/ros2_ws/build/turtlesim_catch_them_all' returned '2': CMAKE_PREFIX_PATH=/home/cleanseasolutions/ros2_ws/install/my_robot_interfaces:/home/cleanseasolutions/ros2_ws/install/my_robot_bringup:/home/cleanseasolutions/ros2_ws/install/my_cpp_pkg:/home/cleanseasolutions/ros2_ws/install/my_py_pkg:/opt/ros/humble /usr/bin/cmake --build /home/cleanseasolutions/ros2_ws/build/turtlesim_catch_them_all -- -j16 -l16
