-- Found ament_cmake: 1.3.7 (/opt/ros/humble/share/ament_cmake/cmake)
-- Found rclcpp: 16.0.8 (/opt/ros/humble/share/rclcpp/cmake)
-- Found rosidl_generator_c: 3.1.5 (/opt/ros/humble/share/rosidl_generator_c/cmake)
-- Found rosidl_adapter: 3.1.5 (/opt/ros/humble/share/rosidl_adapter/cmake)
-- Found rosidl_generator_cpp: 3.1.5 (/opt/ros/humble/share/rosidl_generator_cpp/cmake)
-- Using all available rosidl_typesupport_c: rosidl_typesupport_fastrtps_c;rosidl_typesupport_introspection_c
-- Using all available rosidl_typesupport_cpp: rosidl_typesupport_fastrtps_cpp;rosidl_typesupport_introspection_cpp
-- Found rmw_implementation_cmake: 6.1.1 (/opt/ros/humble/share/rmw_implementation_cmake/cmake)
-- Found rmw_fastrtps_cpp: 6.2.6 (/opt/ros/humble/share/rmw_fastrtps_cpp/cmake)
-- Using RMW implementation 'rmw_fastrtps_cpp' as default
-- Found turtlesim: 1.4.2 (/opt/ros/humble/share/turtlesim/cmake)
-- Configuring done
-- Generating done
-- Build files have been written to: /home/cleanseasolutions/ros2_ws/build/turtlesim_catch_them_all
[35m[1mConsolidate compiler generated dependencies of target turtle_controller[0m
[ 50%] [32mBuilding CXX object CMakeFiles/turtle_controller.dir/src/turtle_controller_node.cpp.o[0m
In file included from [01m[K/opt/ros/humble/include/rclcpp/rclcpp/logging.hpp:24[m[K,
                 from [01m[K/opt/ros/humble/include/rclcpp/rclcpp/client.hpp:40[m[K,
                 from [01m[K/opt/ros/humble/include/rclcpp/rclcpp/callback_group.hpp:24[m[K,
                 from [01m[K/opt/ros/humble/include/rclcpp/rclcpp/any_executable.hpp:20[m[K,
                 from [01m[K/opt/ros/humble/include/rclcpp/rclcpp/memory_strategy.hpp:25[m[K,
                 from [01m[K/opt/ros/humble/include/rclcpp/rclcpp/memory_strategies.hpp:18[m[K,
                 from [01m[K/opt/ros/humble/include/rclcpp/rclcpp/executor_options.hpp:20[m[K,
                 from [01m[K/opt/ros/humble/include/rclcpp/rclcpp/executor.hpp:37[m[K,
                 from [01m[K/opt/ros/humble/include/rclcpp/rclcpp/executors/multi_threaded_executor.hpp:25[m[K,
                 from [01m[K/opt/ros/humble/include/rclcpp/rclcpp/executors.hpp:21[m[K,
                 from [01m[K/opt/ros/humble/include/rclcpp/rclcpp/rclcpp.hpp:155[m[K,
                 from [01m[K/home/cleanseasolutions/ros2_ws/src/turtlesim_catch_them_all/src/turtle_controller_node.cpp:1[m[K:
[01m[K/home/cleanseasolutions/ros2_ws/src/turtlesim_catch_them_all/src/turtle_controller_node.cpp:[m[K In member function â€˜[01m[Kvoid TurtleControllerNode::callbackTurtlePose(turtlesim::msg::Pose_<std::allocator<void> >::SharedPtr)[m[Kâ€™:
[01m[K/home/cleanseasolutions/ros2_ws/src/turtlesim_catch_them_all/src/turtle_controller_node.cpp:21:26:[m[K [01;31m[Kerror: [m[Kâ€˜[01m[Kusing element_type = struct turtlesim::msg::Pose_<std::allocator<void> >[m[Kâ€™ {aka â€˜[01m[Kstruct turtlesim::msg::Pose_<std::allocator<void> >[m[Kâ€™} has no member named â€˜[01m[Klinear[m[Kâ€™
   21 |                     msg->[01;31m[Klinear[m[K.x, msg->linear.y, msg->linear.z,
      |                          [01;31m[K^~~~~~[m[K
[01m[K/home/cleanseasolutions/ros2_ws/src/turtlesim_catch_them_all/src/turtle_controller_node.cpp:21:41:[m[K [01;31m[Kerror: [m[Kâ€˜[01m[Kusing element_type = struct turtlesim::msg::Pose_<std::allocator<void> >[m[Kâ€™ {aka â€˜[01m[Kstruct turtlesim::msg::Pose_<std::allocator<void> >[m[Kâ€™} has no member named â€˜[01m[Klinear[m[Kâ€™
   21 |                     msg->linear.x, msg->[01;31m[Klinear[m[K.y, msg->linear.z,
      |                                         [01;31m[K^~~~~~[m[K
[01m[K/home/cleanseasolutions/ros2_ws/src/turtlesim_catch_them_all/src/turtle_controller_node.cpp:21:56:[m[K [01;31m[Kerror: [m[Kâ€˜[01m[Kusing element_type = struct turtlesim::msg::Pose_<std::allocator<void> >[m[Kâ€™ {aka â€˜[01m[Kstruct turtlesim::msg::Pose_<std::allocator<void> >[m[Kâ€™} has no member named â€˜[01m[Klinear[m[Kâ€™
   21 |                     msg->linear.x, msg->linear.y, msg->[01;31m[Klinear[m[K.z,
      |                                                        [01;31m[K^~~~~~[m[K
[01m[K/home/cleanseasolutions/ros2_ws/src/turtlesim_catch_them_all/src/turtle_controller_node.cpp:22:26:[m[K [01;31m[Kerror: [m[Kâ€˜[01m[Kusing element_type = struct turtlesim::msg::Pose_<std::allocator<void> >[m[Kâ€™ {aka â€˜[01m[Kstruct turtlesim::msg::Pose_<std::allocator<void> >[m[Kâ€™} has no member named â€˜[01m[Kangular[m[Kâ€™
   22 |                     msg->[01;31m[Kangular[m[K.x, msg->angular.y, msg->angular.z);
      |                          [01;31m[K^~~~~~~[m[K
[01m[K/home/cleanseasolutions/ros2_ws/src/turtlesim_catch_them_all/src/turtle_controller_node.cpp:22:42:[m[K [01;31m[Kerror: [m[Kâ€˜[01m[Kusing element_type = struct turtlesim::msg::Pose_<std::allocator<void> >[m[Kâ€™ {aka â€˜[01m[Kstruct turtlesim::msg::Pose_<std::allocator<void> >[m[Kâ€™} has no member named â€˜[01m[Kangular[m[Kâ€™
   22 |                     msg->angular.x, msg->[01;31m[Kangular[m[K.y, msg->angular.z);
      |                                          [01;31m[K^~~~~~~[m[K
[01m[K/home/cleanseasolutions/ros2_ws/src/turtlesim_catch_them_all/src/turtle_controller_node.cpp:22:58:[m[K [01;31m[Kerror: [m[Kâ€˜[01m[Kusing element_type = struct turtlesim::msg::Pose_<std::allocator<void> >[m[Kâ€™ {aka â€˜[01m[Kstruct turtlesim::msg::Pose_<std::allocator<void> >[m[Kâ€™} has no member named â€˜[01m[Kangular[m[Kâ€™
   22 |                     msg->angular.x, msg->angular.y, msg->[01;31m[Kangular[m[K.z);
      |                                                          [01;31m[K^~~~~~~[m[K
gmake[2]: *** [CMakeFiles/turtle_controller.dir/build.make:76: CMakeFiles/turtle_controller.dir/src/turtle_controller_node.cpp.o] Error 1
gmake[1]: *** [CMakeFiles/Makefile2:137: CMakeFiles/turtle_controller.dir/all] Error 2
gmake: *** [Makefile:146: all] Error 2
