[0.029s] Invoking command in '/home/cleanseasolutions/ros2_ws/build/turtlesim_catch_them_all': CMAKE_PREFIX_PATH=/home/cleanseasolutions/ros2_ws/install/my_robot_interfaces:/home/cleanseasolutions/ros2_ws/install/turtlesim_catch_them_all:/home/cleanseasolutions/ros2_ws/install/my_robot_bringup:/home/cleanseasolutions/ros2_ws/install/my_cpp_pkg:/home/cleanseasolutions/ros2_ws/install/my_py_pkg:/opt/ros/humble /usr/bin/cmake --build /home/cleanseasolutions/ros2_ws/build/turtlesim_catch_them_all -- -j16 -l16
[0.061s] [ 75%] [32mBuilding CXX object CMakeFiles/turtle_spawner.dir/src/turtle_spawner_node.cpp.o[0m
[0.061s] [ 75%] Built target turtle_controller
[1.224s] In file included from [01m[K/opt/ros/humble/include/rclcpp/rclcpp/logging.hpp:24[m[K,
[1.224s]                  from [01m[K/opt/ros/humble/include/rclcpp/rclcpp/client.hpp:40[m[K,
[1.224s]                  from [01m[K/opt/ros/humble/include/rclcpp/rclcpp/callback_group.hpp:24[m[K,
[1.224s]                  from [01m[K/opt/ros/humble/include/rclcpp/rclcpp/any_executable.hpp:20[m[K,
[1.224s]                  from [01m[K/opt/ros/humble/include/rclcpp/rclcpp/memory_strategy.hpp:25[m[K,
[1.224s]                  from [01m[K/opt/ros/humble/include/rclcpp/rclcpp/memory_strategies.hpp:18[m[K,
[1.224s]                  from [01m[K/opt/ros/humble/include/rclcpp/rclcpp/executor_options.hpp:20[m[K,
[1.224s]                  from [01m[K/opt/ros/humble/include/rclcpp/rclcpp/executor.hpp:37[m[K,
[1.224s]                  from [01m[K/opt/ros/humble/include/rclcpp/rclcpp/executors/multi_threaded_executor.hpp:25[m[K,
[1.224s]                  from [01m[K/opt/ros/humble/include/rclcpp/rclcpp/executors.hpp:21[m[K,
[1.224s]                  from [01m[K/opt/ros/humble/include/rclcpp/rclcpp/rclcpp.hpp:155[m[K,
[1.224s]                  from [01m[K/home/cleanseasolutions/ros2_ws/src/turtlesim_catch_them_all/src/turtle_spawner_node.cpp:1[m[K:
[1.224s] [01m[K/home/cleanseasolutions/ros2_ws/src/turtlesim_catch_them_all/src/turtle_spawner_node.cpp:[m[K In member function â€˜[01m[Kvoid TurtleSpawnerNode::callSpawnService()[m[Kâ€™:
[1.224s] [01m[K/home/cleanseasolutions/ros2_ws/src/turtlesim_catch_them_all/src/turtle_spawner_node.cpp:104:70:[m[K [01;31m[Kerror: [m[Kâ€˜[01m[Kusing element_type = struct turtlesim::srv::Spawn_Request_<std::allocator<void> >[m[Kâ€™ {aka â€˜[01m[Kstruct turtlesim::srv::Spawn_Request_<std::allocator<void> >[m[Kâ€™} has no member named â€˜[01m[Ka[m[Kâ€™
[1.224s]   104 |             RCLCPP_INFO(this->get_logger(), "%f + %f = %f", request->[01;31m[Ka[m[K, request->b, response->sum);
[1.224s]       |                                                                      [01;31m[K^[m[K
[1.224s] [01m[K/home/cleanseasolutions/ros2_ws/src/turtlesim_catch_them_all/src/turtle_spawner_node.cpp:104:82:[m[K [01;31m[Kerror: [m[Kâ€˜[01m[Kusing element_type = struct turtlesim::srv::Spawn_Request_<std::allocator<void> >[m[Kâ€™ {aka â€˜[01m[Kstruct turtlesim::srv::Spawn_Request_<std::allocator<void> >[m[Kâ€™} has no member named â€˜[01m[Kb[m[Kâ€™
[1.224s]   104 |             RCLCPP_INFO(this->get_logger(), "%f + %f = %f", request->a, request->[01;31m[Kb[m[K, response->sum);
[1.224s]       |                                                                                  [01;31m[K^[m[K
[1.224s] [01m[K/home/cleanseasolutions/ros2_ws/src/turtlesim_catch_them_all/src/turtle_spawner_node.cpp:104:95:[m[K [01;31m[Kerror: [m[Kâ€˜[01m[Kusing element_type = struct turtlesim::srv::Spawn_Response_<std::allocator<void> >[m[Kâ€™ {aka â€˜[01m[Kstruct turtlesim::srv::Spawn_Response_<std::allocator<void> >[m[Kâ€™} has no member named â€˜[01m[Ksum[m[Kâ€™
[1.224s]   104 |             RCLCPP_INFO(this->get_logger(), "%f + %f = %f", request->a, request->b, response->[01;31m[Ksum[m[K);
[1.224s]       |                                                                                               [01;31m[K^~~[m[K
[1.744s] gmake[2]: *** [CMakeFiles/turtle_spawner.dir/build.make:76: CMakeFiles/turtle_spawner.dir/src/turtle_spawner_node.cpp.o] Error 1
[1.744s] gmake[1]: *** [CMakeFiles/Makefile2:165: CMakeFiles/turtle_spawner.dir/all] Error 2
[1.744s] gmake: *** [Makefile:146: all] Error 2
[1.746s] Invoked command in '/home/cleanseasolutions/ros2_ws/build/turtlesim_catch_them_all' returned '2': CMAKE_PREFIX_PATH=/home/cleanseasolutions/ros2_ws/install/my_robot_interfaces:/home/cleanseasolutions/ros2_ws/install/turtlesim_catch_them_all:/home/cleanseasolutions/ros2_ws/install/my_robot_bringup:/home/cleanseasolutions/ros2_ws/install/my_cpp_pkg:/home/cleanseasolutions/ros2_ws/install/my_py_pkg:/opt/ros/humble /usr/bin/cmake --build /home/cleanseasolutions/ros2_ws/build/turtlesim_catch_them_all -- -j16 -l16
