[01m[K/home/cleanseasolutions/ros2_ws/src/turtlesim_catch_them_all/src/turtle_spawner_node.cpp:88:53:[m[K [01;31m[Kerror: [m[Kwrong number of template arguments (1, should be 2)
   88 |     std::array<my_robot_interfaces::msg::TurtleArray[01;31m[K>[m[K turtles_;
      |                                                     [01;31m[K^[m[K
In file included from [01m[K/usr/include/c++/11/tuple:39[m[K,
                 from [01m[K/usr/include/c++/11/bits/unique_ptr.h:37[m[K,
                 from [01m[K/usr/include/c++/11/memory:76[m[K,
                 from [01m[K/opt/ros/humble/include/rclcpp/rclcpp/rclcpp.hpp:153[m[K,
                 from [01m[K/home/cleanseasolutions/ros2_ws/src/turtlesim_catch_them_all/src/turtle_spawner_node.cpp:1[m[K:
[01m[K/usr/include/c++/11/array:95:12:[m[K [01;36m[Knote: [m[Kprovided for â€˜[01m[Ktemplate<class _Tp, long unsigned int _Nm> struct std::array[m[Kâ€™
   95 |     struct [01;36m[Karray[m[K
      |            [01;36m[K^~~~~[m[K
[01m[K/home/cleanseasolutions/ros2_ws/src/turtlesim_catch_them_all/src/turtle_spawner_node.cpp:[m[K In member function â€˜[01m[Kvoid TurtleSpawnerNode::publishTurtleArray()[m[Kâ€™:
[01m[K/home/cleanseasolutions/ros2_ws/src/turtlesim_catch_them_all/src/turtle_spawner_node.cpp:29:13:[m[K [01;31m[Kerror: [m[Kâ€˜[01m[Kstruct my_robot_interfaces::msg::TurtleArray_<std::allocator<void> >[m[Kâ€™ has no member named â€˜[01m[Kdata[m[Kâ€™
   29 |         msg.[01;31m[Kdata[m[K = ; // TODO: Replace with turtles_[] (list of alive turtles)
      |             [01;31m[K^~~~[m[K
[01m[K/home/cleanseasolutions/ros2_ws/src/turtlesim_catch_them_all/src/turtle_spawner_node.cpp:29:20:[m[K [01;31m[Kerror: [m[Kexpected primary-expression before â€˜[01m[K;[m[Kâ€™ token
   29 |         msg.data = [01;31m[K;[m[K // TODO: Replace with turtles_[] (list of alive turtles)
      |                    [01;31m[K^[m[K
gmake[2]: *** [CMakeFiles/turtle_spawner.dir/build.make:76: CMakeFiles/turtle_spawner.dir/src/turtle_spawner_node.cpp.o] Error 1
gmake[1]: *** [CMakeFiles/Makefile2:165: CMakeFiles/turtle_spawner.dir/all] Error 2
gmake: *** [Makefile:146: all] Error 2
