[01m[K/home/sven/ros2_ws/src/actions_cpp/src/move_robot_client.cpp:[m[K In constructor â€˜[01m[KMoveRobotClientNode::MoveRobotClientNode()[m[Kâ€™:
[01m[K/home/sven/ros2_ws/src/actions_cpp/src/move_robot_client.cpp:21:71:[m[K [01;31m[Kerror: [m[Kexpected â€˜[01m[K)[m[Kâ€™ before â€˜[01m[K;[m[Kâ€™ token
   21 |             std::bind(&MoveRobotClientNode::cancel_callback, this, _1)[01;31m[K;[m[K
      |                                                                       [01;31m[K^[m[K
[01m[K/home/sven/ros2_ws/src/actions_cpp/src/move_robot_client.cpp:18:88:[m[K [01;36m[Knote: [m[Kto match this â€˜[01m[K([m[Kâ€™
   18 |         cancel_subscriber_ = this->create_subscription<example_interfaces::msg::String>[01;36m[K([m[K
      |                                                                                        [01;36m[K^[m[K
[01m[K/home/sven/ros2_ws/src/actions_cpp/src/move_robot_client.cpp:22:9:[m[K [01;31m[Kerror: [m[Kexpected primary-expression before â€˜[01m[K)[m[Kâ€™ token
   22 |         [01;31m[K)[m[K
      |         [01;31m[K^[m[K
[01m[K/home/sven/ros2_ws/src/actions_cpp/src/move_robot_client.cpp:[m[K In member function â€˜[01m[Kvoid MoveRobotClientNode::cancel_callback(example_interfaces::msg::String)[m[Kâ€™:
[01m[K/home/sven/ros2_ws/src/actions_cpp/src/move_robot_client.cpp:119:9:[m[K [01;31m[Kerror: [m[Kâ€˜[01m[Kcount_until_client_[m[Kâ€™ was not declared in this scope
  119 |         [01;31m[Kcount_until_client_[m[K->async_cancel_goal(goal_handle_);
      |         [01;31m[K^~~~~~~~~~~~~~~~~~~[m[K
gmake[2]: *** [CMakeFiles/move_robot_client.dir/build.make:76: CMakeFiles/move_robot_client.dir/src/move_robot_client.cpp.o] Error 1
gmake[1]: *** [CMakeFiles/Makefile2:249: CMakeFiles/move_robot_client.dir/all] Error 2
gmake: *** [Makefile:146: all] Error 2
