[35m[1mConsolidate compiler generated dependencies of target move_robot_client[0m
[ 80%] Built target count_until_client
[ 80%] Built target move_robot_server
[ 80%] Built target count_until_server
[ 80%] Built target count_until_server_queue_goals
[ 90%] [32mBuilding CXX object CMakeFiles/move_robot_client.dir/src/move_robot_client.cpp.o[0m
[01m[K/home/sven/ros2_ws/src/actions_cpp/src/move_robot_client.cpp:[m[K In member function â€˜[01m[Kvoid MoveRobotClientNode::goal_response_callback(const SharedPtr&)[m[Kâ€™:
[01m[K/home/sven/ros2_ws/src/actions_cpp/src/move_robot_client.cpp:56:19:[m[K [01;31m[Kerror: [m[Kâ€˜[01m[Kclass MoveRobotClientNode[m[Kâ€™ has no member named â€˜[01m[Kgoal_handle_[m[Kâ€™
   56 |             this->[01;31m[Kgoal_handle_[m[K = goal_handle;
      |                   [01;31m[K^~~~~~~~~~~~[m[K
[01m[K/home/sven/ros2_ws/src/actions_cpp/src/move_robot_client.cpp:[m[K In member function â€˜[01m[Kvoid MoveRobotClientNode::goal_result_callback(const rclcpp_action::ClientGoalHandle<my_robot_interfaces::action::MoveRobot>::WrappedResult&)[m[Kâ€™:
[01m[K/home/sven/ros2_ws/src/actions_cpp/src/move_robot_client.cpp:79:45:[m[K [01;31m[Kerror: [m[Kâ€˜[01m[Kusing element_type = struct my_robot_interfaces::action::MoveRobot_Result_<std::allocator<void> >[m[Kâ€™ {aka â€˜[01m[Kstruct my_robot_interfaces::action::MoveRobot_Result_<std::allocator<void> >[m[Kâ€™} has no member named â€˜[01m[Kreached_number[m[Kâ€™
   79 |         int reached_number = result.result->[01;31m[Kreached_number[m[K;
      |                                             [01;31m[K^~~~~~~~~~~~~~[m[K
gmake[2]: *** [CMakeFiles/move_robot_client.dir/build.make:76: CMakeFiles/move_robot_client.dir/src/move_robot_client.cpp.o] Error 1
gmake[1]: *** [CMakeFiles/Makefile2:249: CMakeFiles/move_robot_client.dir/all] Error 2
gmake: *** [Makefile:146: all] Error 2
