[35m[1mConsolidate compiler generated dependencies of target move_robot_client[0m
[ 40%] Built target move_robot_server
[ 50%] Built target count_until_server
[ 60%] Built target count_until_server_queue_goals
[ 80%] Built target count_until_client
[ 90%] [32mBuilding CXX object CMakeFiles/move_robot_client.dir/src/move_robot_client.cpp.o[0m
[01m[K/home/sven/ros2_ws/src/actions_cpp/src/move_robot_client.cpp:49:71:[m[K [01;31m[Kerror: [m[KISO C++ forbids declaration of â€˜[01m[Ktype name[m[Kâ€™ with no type [[01;31m[K]8;;https://gcc.gnu.org/onlinedocs/gcc/Warning-Options.html#index-fpermissive-fpermissive]8;;[m[K]
   49 |                                 const std::shared_ptr<const CountUntil[01;31m[K::[m[KFeedback> feedback)
      |                                                                       [01;31m[K^~[m[K
[01m[K/home/sven/ros2_ws/src/actions_cpp/src/move_robot_client.cpp:49:81:[m[K [01;31m[Kerror: [m[Ktemplate argument 1 is invalid
   49 |                                 const std::shared_ptr<const CountUntil::Feedback[01;31m[K>[m[K feedback)
      |                                                                                 [01;31m[K^[m[K
[01m[K/home/sven/ros2_ws/src/actions_cpp/src/move_robot_client.cpp:49:71:[m[K [01;31m[Kerror: [m[KISO C++ forbids declaration of â€˜[01m[Ktype name[m[Kâ€™ with no type [[01;31m[K]8;;https://gcc.gnu.org/onlinedocs/gcc/Warning-Options.html#index-fpermissive-fpermissive]8;;[m[K]
   49 |                                 const std::shared_ptr<const CountUntil[01;31m[K::[m[KFeedback> feedback)
      |                                                                       [01;31m[K^~[m[K
[01m[K/home/sven/ros2_ws/src/actions_cpp/src/move_robot_client.cpp:49:81:[m[K [01;31m[Kerror: [m[Ktemplate argument 1 is invalid
   49 |                                 const std::shared_ptr<const CountUntil::Feedback[01;31m[K>[m[K feedback)
      |                                                                                 [01;31m[K^[m[K
[01m[K/home/sven/ros2_ws/src/actions_cpp/src/move_robot_client.cpp:49:71:[m[K [01;31m[Kerror: [m[KISO C++ forbids declaration of â€˜[01m[Ktype name[m[Kâ€™ with no type [[01;31m[K]8;;https://gcc.gnu.org/onlinedocs/gcc/Warning-Options.html#index-fpermissive-fpermissive]8;;[m[K]
   49 |                                 const std::shared_ptr<const CountUntil[01;31m[K::[m[KFeedback> feedback)
      |                                                                       [01;31m[K^~[m[K
[01m[K/home/sven/ros2_ws/src/actions_cpp/src/move_robot_client.cpp:49:81:[m[K [01;31m[Kerror: [m[Ktemplate argument 1 is invalid
   49 |                                 const std::shared_ptr<const CountUntil::Feedback[01;31m[K>[m[K feedback)
      |                                                                                 [01;31m[K^[m[K
[01m[K/home/sven/ros2_ws/src/actions_cpp/src/move_robot_client.cpp:49:39:[m[K [01;31m[Kerror: [m[Kinvalid template-id
   49 |                                 const [01;31m[Kstd[m[K::shared_ptr<const CountUntil::Feedback> feedback)
      |                                       [01;31m[K^~~[m[K
[01m[K/home/sven/ros2_ws/src/actions_cpp/src/move_robot_client.cpp:49:71:[m[K [01;31m[Kerror: [m[KISO C++ forbids declaration of â€˜[01m[Ktype name[m[Kâ€™ with no type [[01;31m[K]8;;https://gcc.gnu.org/onlinedocs/gcc/Warning-Options.html#index-fpermissive-fpermissive]8;;[m[K]
   49 |                                 const std::shared_ptr<const CountUntil[01;31m[K::[m[KFeedback> feedback)
      |                                                                       [01;31m[K^~[m[K
[01m[K/home/sven/ros2_ws/src/actions_cpp/src/move_robot_client.cpp:49:55:[m[K [01;31m[Kerror: [m[Kexpected primary-expression before â€˜[01m[Kconst[m[Kâ€™
   49 |                                 const std::shared_ptr<[01;31m[Kconst[m[K CountUntil::Feedback> feedback)
      |                                                       [01;31m[K^~~~~[m[K
[01m[K/home/sven/ros2_ws/src/actions_cpp/src/move_robot_client.cpp:49:55:[m[K [01;31m[Kerror: [m[Kexpected â€˜[01m[K>[m[Kâ€™ before â€˜[01m[Kconst[m[Kâ€™
[01m[K/home/sven/ros2_ws/src/actions_cpp/src/move_robot_client.cpp:49:33:[m[K [01;31m[Kerror: [m[Kclass template placeholder â€˜[01m[Kstd::shared_ptr[m[Kâ€™ not permitted in this context
   49 |                                 [01;31m[Kconst[m[K std::shared_ptr<const CountUntil::Feedback> feedback)
      |                                 [01;31m[K^~~~~[m[K
[01m[K/home/sven/ros2_ws/src/actions_cpp/src/move_robot_client.cpp:[m[K In member function â€˜[01m[Kvoid MoveRobotClientNode::goal_feedback_callback(...)[m[Kâ€™:
[01m[K/home/sven/ros2_ws/src/actions_cpp/src/move_robot_client.cpp:53:22:[m[K [01;31m[Kerror: [m[Kâ€˜[01m[Kfeedback[m[Kâ€™ was not declared in this scope
   53 |         int number = [01;31m[Kfeedback[m[K->current_number;
      |                      [01;31m[K^~~~~~~~[m[K
gmake[2]: *** [CMakeFiles/move_robot_client.dir/build.make:76: CMakeFiles/move_robot_client.dir/src/move_robot_client.cpp.o] Error 1
gmake[1]: *** [CMakeFiles/Makefile2:249: CMakeFiles/move_robot_client.dir/all] Error 2
gmake: *** [Makefile:146: all] Error 2
