[0.032s] Invoking command in '/home/sven/ros2_ws/build/actions_cpp': CMAKE_PREFIX_PATH=/home/sven/ros2_ws/install/my_robot_interfaces:/home/sven/ros2_ws/install/turtlesim_catch_them_all:/home/sven/ros2_ws/install/my_robot_bringup:/home/sven/ros2_ws/install/my_cpp_pkg:/home/sven/ros2_ws/install/actions_cpp:/home/sven/ros2_ws/install/my_robot_description:/home/sven/install/my_robot_description:/home/sven/ros2_ws/install/my_py_pkg:/home/sven/ros2_ws/install/actions_py:/opt/ros/humble LD_LIBRARY_PATH=/home/sven/ros2_ws/install/my_robot_interfaces/lib:/usr/lib/x86_64-linux-gnu/gazebo-11/plugins:/opt/ros/humble/opt/rviz_ogre_vendor/lib:/opt/ros/humble/lib/x86_64-linux-gnu:/opt/ros/humble/lib:/usr/share/gazebo/../../lib/x86_64-linux-gnu/gazebo-11/plugins /usr/bin/cmake --build /home/sven/ros2_ws/build/actions_cpp -- -j20 -l20
[0.052s] [35m[1mConsolidate compiler generated dependencies of target move_robot_client[0m
[0.058s] [ 40%] Built target move_robot_server
[0.058s] [ 50%] Built target count_until_server
[0.058s] [ 60%] Built target count_until_server_queue_goals
[0.058s] [ 80%] Built target count_until_client
[0.060s] [ 90%] [32mBuilding CXX object CMakeFiles/move_robot_client.dir/src/move_robot_client.cpp.o[0m
[1.119s] [01m[K/home/sven/ros2_ws/src/actions_cpp/src/move_robot_client.cpp:49:71:[m[K [01;31m[Kerror: [m[KISO C++ forbids declaration of â€˜[01m[Ktype name[m[Kâ€™ with no type [[01;31m[K]8;;https://gcc.gnu.org/onlinedocs/gcc/Warning-Options.html#index-fpermissive-fpermissive]8;;[m[K]
[1.119s]    49 |                                 const std::shared_ptr<const CountUntil[01;31m[K::[m[KFeedback> feedback)
[1.119s]       |                                                                       [01;31m[K^~[m[K
[1.119s] [01m[K/home/sven/ros2_ws/src/actions_cpp/src/move_robot_client.cpp:49:81:[m[K [01;31m[Kerror: [m[Ktemplate argument 1 is invalid
[1.119s]    49 |                                 const std::shared_ptr<const CountUntil::Feedback[01;31m[K>[m[K feedback)
[1.119s]       |                                                                                 [01;31m[K^[m[K
[1.119s] [01m[K/home/sven/ros2_ws/src/actions_cpp/src/move_robot_client.cpp:49:71:[m[K [01;31m[Kerror: [m[KISO C++ forbids declaration of â€˜[01m[Ktype name[m[Kâ€™ with no type [[01;31m[K]8;;https://gcc.gnu.org/onlinedocs/gcc/Warning-Options.html#index-fpermissive-fpermissive]8;;[m[K]
[1.119s]    49 |                                 const std::shared_ptr<const CountUntil[01;31m[K::[m[KFeedback> feedback)
[1.119s]       |                                                                       [01;31m[K^~[m[K
[1.119s] [01m[K/home/sven/ros2_ws/src/actions_cpp/src/move_robot_client.cpp:49:81:[m[K [01;31m[Kerror: [m[Ktemplate argument 1 is invalid
[1.119s]    49 |                                 const std::shared_ptr<const CountUntil::Feedback[01;31m[K>[m[K feedback)
[1.119s]       |                                                                                 [01;31m[K^[m[K
[1.119s] [01m[K/home/sven/ros2_ws/src/actions_cpp/src/move_robot_client.cpp:49:71:[m[K [01;31m[Kerror: [m[KISO C++ forbids declaration of â€˜[01m[Ktype name[m[Kâ€™ with no type [[01;31m[K]8;;https://gcc.gnu.org/onlinedocs/gcc/Warning-Options.html#index-fpermissive-fpermissive]8;;[m[K]
[1.119s]    49 |                                 const std::shared_ptr<const CountUntil[01;31m[K::[m[KFeedback> feedback)
[1.119s]       |                                                                       [01;31m[K^~[m[K
[1.119s] [01m[K/home/sven/ros2_ws/src/actions_cpp/src/move_robot_client.cpp:49:81:[m[K [01;31m[Kerror: [m[Ktemplate argument 1 is invalid
[1.119s]    49 |                                 const std::shared_ptr<const CountUntil::Feedback[01;31m[K>[m[K feedback)
[1.119s]       |                                                                                 [01;31m[K^[m[K
[1.119s] [01m[K/home/sven/ros2_ws/src/actions_cpp/src/move_robot_client.cpp:49:39:[m[K [01;31m[Kerror: [m[Kinvalid template-id
[1.119s]    49 |                                 const [01;31m[Kstd[m[K::shared_ptr<const CountUntil::Feedback> feedback)
[1.119s]       |                                       [01;31m[K^~~[m[K
[1.119s] [01m[K/home/sven/ros2_ws/src/actions_cpp/src/move_robot_client.cpp:49:71:[m[K [01;31m[Kerror: [m[KISO C++ forbids declaration of â€˜[01m[Ktype name[m[Kâ€™ with no type [[01;31m[K]8;;https://gcc.gnu.org/onlinedocs/gcc/Warning-Options.html#index-fpermissive-fpermissive]8;;[m[K]
[1.119s]    49 |                                 const std::shared_ptr<const CountUntil[01;31m[K::[m[KFeedback> feedback)
[1.119s]       |                                                                       [01;31m[K^~[m[K
[1.119s] [01m[K/home/sven/ros2_ws/src/actions_cpp/src/move_robot_client.cpp:49:55:[m[K [01;31m[Kerror: [m[Kexpected primary-expression before â€˜[01m[Kconst[m[Kâ€™
[1.120s]    49 |                                 const std::shared_ptr<[01;31m[Kconst[m[K CountUntil::Feedback> feedback)
[1.120s]       |                                                       [01;31m[K^~~~~[m[K
[1.120s] [01m[K/home/sven/ros2_ws/src/actions_cpp/src/move_robot_client.cpp:49:55:[m[K [01;31m[Kerror: [m[Kexpected â€˜[01m[K>[m[Kâ€™ before â€˜[01m[Kconst[m[Kâ€™
[1.120s] [01m[K/home/sven/ros2_ws/src/actions_cpp/src/move_robot_client.cpp:49:33:[m[K [01;31m[Kerror: [m[Kclass template placeholder â€˜[01m[Kstd::shared_ptr[m[Kâ€™ not permitted in this context
[1.120s]    49 |                                 [01;31m[Kconst[m[K std::shared_ptr<const CountUntil::Feedback> feedback)
[1.120s]       |                                 [01;31m[K^~~~~[m[K
[1.134s] [01m[K/home/sven/ros2_ws/src/actions_cpp/src/move_robot_client.cpp:[m[K In member function â€˜[01m[Kvoid MoveRobotClientNode::goal_feedback_callback(...)[m[Kâ€™:
[1.134s] [01m[K/home/sven/ros2_ws/src/actions_cpp/src/move_robot_client.cpp:53:22:[m[K [01;31m[Kerror: [m[Kâ€˜[01m[Kfeedback[m[Kâ€™ was not declared in this scope
[1.134s]    53 |         int number = [01;31m[Kfeedback[m[K->current_number;
[1.134s]       |                      [01;31m[K^~~~~~~~[m[K
[1.454s] gmake[2]: *** [CMakeFiles/move_robot_client.dir/build.make:76: CMakeFiles/move_robot_client.dir/src/move_robot_client.cpp.o] Error 1
[1.455s] gmake[1]: *** [CMakeFiles/Makefile2:249: CMakeFiles/move_robot_client.dir/all] Error 2
[1.455s] gmake: *** [Makefile:146: all] Error 2
[1.457s] Invoked command in '/home/sven/ros2_ws/build/actions_cpp' returned '2': CMAKE_PREFIX_PATH=/home/sven/ros2_ws/install/my_robot_interfaces:/home/sven/ros2_ws/install/turtlesim_catch_them_all:/home/sven/ros2_ws/install/my_robot_bringup:/home/sven/ros2_ws/install/my_cpp_pkg:/home/sven/ros2_ws/install/actions_cpp:/home/sven/ros2_ws/install/my_robot_description:/home/sven/install/my_robot_description:/home/sven/ros2_ws/install/my_py_pkg:/home/sven/ros2_ws/install/actions_py:/opt/ros/humble LD_LIBRARY_PATH=/home/sven/ros2_ws/install/my_robot_interfaces/lib:/usr/lib/x86_64-linux-gnu/gazebo-11/plugins:/opt/ros/humble/opt/rviz_ogre_vendor/lib:/opt/ros/humble/lib/x86_64-linux-gnu:/opt/ros/humble/lib:/usr/share/gazebo/../../lib/x86_64-linux-gnu/gazebo-11/plugins /usr/bin/cmake --build /home/sven/ros2_ws/build/actions_cpp -- -j20 -l20
