[35m[1mConsolidate compiler generated dependencies of target move_robot_server_lifecycle[0m
[ 50%] Built target number_publisher
[ 75%] [32mBuilding CXX object CMakeFiles/move_robot_server_lifecycle.dir/src/move_robot_server_lifecycle.cpp.o[0m
[01m[K/home/sven/ros2_ws/src/lifecycle_cpp/src/move_robot_server_lifecycle.cpp:[m[K In member function â€˜[01m[Kvirtual LifeCycleCallbackReturn MoveRobotServerNode::on_deactivate(const rclcpp_lifecycle::State&)[m[Kâ€™:
[01m[K/home/sven/ros2_ws/src/lifecycle_cpp/src/move_robot_server_lifecycle.cpp:82:21:[m[K [01;31m[Kerror: [m[Kâ€˜[01m[Kgoal_handle[m[Kâ€™ was not declared in this scope; did you mean â€˜[01m[Kgoal_handle_[m[Kâ€™?
   82 |                     [01;31m[Kgoal_handle[m[K->abort(result);
      |                     [01;31m[K^~~~~~~~~~~[m[K
      |                     [32m[Kgoal_handle_[m[K
[01m[K/home/sven/ros2_ws/src/lifecycle_cpp/src/move_robot_server_lifecycle.cpp:82:40:[m[K [01;31m[Kerror: [m[Kâ€˜[01m[Kresult[m[Kâ€™ was not declared in this scope
   82 |                     goal_handle->abort([01;31m[Kresult[m[K);
      |                                        [01;31m[K^~~~~~[m[K
gmake[2]: *** [CMakeFiles/move_robot_server_lifecycle.dir/build.make:76: CMakeFiles/move_robot_server_lifecycle.dir/src/move_robot_server_lifecycle.cpp.o] Error 1
gmake[1]: *** [CMakeFiles/Makefile2:165: CMakeFiles/move_robot_server_lifecycle.dir/all] Error 2
gmake: *** [Makefile:146: all] Error 2
