[0.031s] Invoking command in '/home/sven/ros2_ws/build/actions_cpp': CMAKE_PREFIX_PATH=/home/sven/ros2_ws/install/my_robot_interfaces:/home/sven/ros2_ws/install/turtlesim_catch_them_all:/home/sven/ros2_ws/install/my_robot_bringup:/home/sven/ros2_ws/install/my_cpp_pkg:/home/sven/ros2_ws/install/actions_cpp:/home/sven/ros2_ws/install/my_robot_description:/home/sven/install/my_robot_description:/home/sven/ros2_ws/install/my_py_pkg:/home/sven/ros2_ws/install/actions_py:/opt/ros/humble LD_LIBRARY_PATH=/home/sven/ros2_ws/install/my_robot_interfaces/lib:/usr/lib/x86_64-linux-gnu/gazebo-11/plugins:/opt/ros/humble/opt/rviz_ogre_vendor/lib:/opt/ros/humble/lib/x86_64-linux-gnu:/opt/ros/humble/lib:/usr/share/gazebo/../../lib/x86_64-linux-gnu/gazebo-11/plugins /usr/bin/cmake --build /home/sven/ros2_ws/build/actions_cpp -- -j20 -l20
[0.053s] [35m[1mConsolidate compiler generated dependencies of target move_robot_server[0m
[0.059s] [ 60%] [32mBuilding CXX object CMakeFiles/move_robot_client.dir/src/move_robot_client.cpp.o[0m
[0.060s] [ 60%] Built target count_until_server_queue_goals
[0.060s] [ 70%] Built target count_until_client
[0.060s] [ 70%] Built target count_until_server
[0.061s] [ 80%] [32mBuilding CXX object CMakeFiles/move_robot_server.dir/src/move_robot_server.cpp.o[0m
[1.156s] [01m[K/home/sven/ros2_ws/src/actions_cpp/src/move_robot_client.cpp:50:5:[m[K [01;31m[Kerror: [m[Kinvalid use of qualified-name â€˜[01m[Krclcpp_action::Client<my_robot_interfaces::action::MoveRobot>::SharedPtr[m[Kâ€™
[1.156s]    50 |     [01;31m[Krclcpp_action[m[K::Client<MoveRobot>::SharedPtr move_robot_client_;
[1.156s]       |     [01;31m[K^~~~~~~~~~~~~[m[K
[1.156s] [01m[K/home/sven/ros2_ws/src/actions_cpp/src/move_robot_client.cpp:50:39:[m[K [01;31m[Kerror: [m[Kexpected â€˜[01m[K;[m[Kâ€™ at end of member declaration
[1.156s]    50 |     rclcpp_action::Client<MoveRobot>::[01;31m[KSharedPtr[m[K move_robot_client_;
[1.156s]       |                                       [01;31m[K^~~~~~~~~[m[K
[1.156s]       |                                                [32m[K;[m[K
[1.158s] [01m[K/home/sven/ros2_ws/src/actions_cpp/src/move_robot_client.cpp:50:49:[m[K [01;31m[Kerror: [m[Kâ€˜[01m[Kmove_robot_client_[m[Kâ€™ does not name a type
[1.158s]    50 |     rclcpp_action::Client<MoveRobot>::SharedPtr [01;31m[Kmove_robot_client_[m[K;
[1.158s]       |                                                 [01;31m[K^~~~~~~~~~~~~~~~~~[m[K
[1.163s] [01m[K/home/sven/ros2_ws/src/actions_cpp/src/move_robot_client.cpp:[m[K In constructor â€˜[01m[KMoveRobotClientNode::MoveRobotClientNode()[m[Kâ€™:
[1.163s] [01m[K/home/sven/ros2_ws/src/actions_cpp/src/move_robot_client.cpp:14:9:[m[K [01;31m[Kerror: [m[Kâ€˜[01m[Kmove_robot_client_[m[Kâ€™ was not declared in this scope
[1.163s]    14 |         [01;31m[Kmove_robot_client_[m[K =
[1.163s]       |         [01;31m[K^~~~~~~~~~~~~~~~~~[m[K
[1.169s] [01m[K/home/sven/ros2_ws/src/actions_cpp/src/move_robot_client.cpp:[m[K In member function â€˜[01m[Kvoid MoveRobotClientNode::send_goal(int, int)[m[Kâ€™:
[1.169s] [01m[K/home/sven/ros2_ws/src/actions_cpp/src/move_robot_client.cpp:24:9:[m[K [01;31m[Kerror: [m[Kâ€˜[01m[Kmove_robot_client_[m[Kâ€™ was not declared in this scope
[1.169s]    24 |         [01;31m[Kmove_robot_client_[m[K->wait_for_action_server();
[1.169s]       |         [01;31m[K^~~~~~~~~~~~~~~~~~[m[K
[1.170s] [01m[K/home/sven/ros2_ws/src/actions_cpp/src/move_robot_client.cpp:34:45:[m[K [01;31m[Kerror: [m[Kâ€˜[01m[Kgoal_result_callback[m[Kâ€™ is not a member of â€˜[01m[KMoveRobotClientNode[m[Kâ€™
[1.170s]    34 |             std::bind(&MoveRobotClientNode::[01;31m[Kgoal_result_callback[m[K, this, _1);
[1.170s]       |                                             [01;31m[K^~~~~~~~~~~~~~~~~~~~[m[K
[1.170s] [01m[K/home/sven/ros2_ws/src/actions_cpp/src/move_robot_client.cpp:36:45:[m[K [01;31m[Kerror: [m[Kâ€˜[01m[Kgoal_response_callback[m[Kâ€™ is not a member of â€˜[01m[KMoveRobotClientNode[m[Kâ€™
[1.170s]    36 |             std::bind(&MoveRobotClientNode::[01;31m[Kgoal_response_callback[m[K, this, _1);
[1.170s]       |                                             [01;31m[K^~~~~~~~~~~~~~~~~~~~~~[m[K
[1.170s] [01m[K/home/sven/ros2_ws/src/actions_cpp/src/move_robot_client.cpp:38:45:[m[K [01;31m[Kerror: [m[Kâ€˜[01m[Kgoal_feedback_callback[m[Kâ€™ is not a member of â€˜[01m[KMoveRobotClientNode[m[Kâ€™
[1.170s]    38 |             std::bind(&MoveRobotClientNode::[01;31m[Kgoal_feedback_callback[m[K, this, _1, _2);
[1.170s]       |                                             [01;31m[K^~~~~~~~~~~~~~~~~~~~~~[m[K
[1.437s] gmake[2]: *** [CMakeFiles/move_robot_client.dir/build.make:76: CMakeFiles/move_robot_client.dir/src/move_robot_client.cpp.o] Error 1
[1.438s] gmake[1]: *** [CMakeFiles/Makefile2:249: CMakeFiles/move_robot_client.dir/all] Error 2
[1.438s] gmake[1]: *** Waiting for unfinished jobs....
[1.723s] [ 90%] [32m[1mLinking CXX executable move_robot_server[0m
[1.793s] [ 90%] Built target move_robot_server
[1.794s] gmake: *** [Makefile:146: all] Error 2
[1.795s] Invoked command in '/home/sven/ros2_ws/build/actions_cpp' returned '2': CMAKE_PREFIX_PATH=/home/sven/ros2_ws/install/my_robot_interfaces:/home/sven/ros2_ws/install/turtlesim_catch_them_all:/home/sven/ros2_ws/install/my_robot_bringup:/home/sven/ros2_ws/install/my_cpp_pkg:/home/sven/ros2_ws/install/actions_cpp:/home/sven/ros2_ws/install/my_robot_description:/home/sven/install/my_robot_description:/home/sven/ros2_ws/install/my_py_pkg:/home/sven/ros2_ws/install/actions_py:/opt/ros/humble LD_LIBRARY_PATH=/home/sven/ros2_ws/install/my_robot_interfaces/lib:/usr/lib/x86_64-linux-gnu/gazebo-11/plugins:/opt/ros/humble/opt/rviz_ogre_vendor/lib:/opt/ros/humble/lib/x86_64-linux-gnu:/opt/ros/humble/lib:/usr/share/gazebo/../../lib/x86_64-linux-gnu/gazebo-11/plugins /usr/bin/cmake --build /home/sven/ros2_ws/build/actions_cpp -- -j20 -l20
