[0.025s] Invoking command in '/home/sven/ros2_ws/build/turtlesim_catch_them_all': CMAKE_PREFIX_PATH=/home/sven/ros2_ws/install/my_robot_interfaces:/home/sven/ros2_ws/install/turtlesim_catch_them_all:/home/sven/ros2_ws/install/my_robot_bringup:/home/sven/ros2_ws/install/my_cpp_pkg:/home/sven/ros2_ws/install/my_py_pkg:/opt/ros/humble /usr/bin/cmake --build /home/sven/ros2_ws/build/turtlesim_catch_them_all -- -j20 -l20
[0.045s] [35m[1mConsolidate compiler generated dependencies of target turtle_spawner[0m
[0.050s] [ 50%] Built target turtle_controller
[0.052s] [ 75%] [32mBuilding CXX object CMakeFiles/turtle_spawner.dir/src/turtle_spawner_node.cpp.o[0m
[1.037s] [01m[K/home/sven/ros2_ws/src/turtlesim_catch_them_all/src/turtle_spawner_node.cpp:151:41:[m[K [01;31m[Kerror: [m[Kâ€˜[01m[KTurtle[m[Kâ€™ was not declared in this scope; did you mean â€˜[01m[Kmy_robot_interfaces::msg::Turtle[m[Kâ€™?
[1.037s]   151 |     void removeTurtleByName(std::vector<[01;31m[KTurtle[m[K>& alive_turtles_, const std::string& turtle_name)
[1.037s]       |                                         [01;31m[K^~~~~~[m[K
[1.037s]       |                                         [32m[Kmy_robot_interfaces::msg::Turtle[m[K
[1.037s] In file included from [01m[K/home/sven/ros2_ws/install/my_robot_interfaces/include/my_robot_interfaces/my_robot_interfaces/msg/turtle.hpp:7[m[K,
[1.037s]                  from [01m[K/home/sven/ros2_ws/src/turtlesim_catch_them_all/src/turtle_spawner_node.cpp:2[m[K:
[1.037s] [01m[K/home/sven/ros2_ws/install/my_robot_interfaces/include/my_robot_interfaces/my_robot_interfaces/msg/detail/turtle__struct.hpp:150:7:[m[K [01;36m[Knote: [m[Kâ€˜[01m[Kmy_robot_interfaces::msg::Turtle[m[Kâ€™ declared here
[1.038s]   150 | using [01;36m[KTurtle[m[K =
[1.038s]       |       [01;36m[K^~~~~~[m[K
[1.038s] [01m[K/home/sven/ros2_ws/src/turtlesim_catch_them_all/src/turtle_spawner_node.cpp:151:47:[m[K [01;31m[Kerror: [m[Ktemplate argument 1 is invalid
[1.038s]   151 |     void removeTurtleByName(std::vector<Turtle[01;31m[K>[m[K& alive_turtles_, const std::string& turtle_name)
[1.038s]       |                                               [01;31m[K^[m[K
[1.038s] [01m[K/home/sven/ros2_ws/src/turtlesim_catch_them_all/src/turtle_spawner_node.cpp:151:47:[m[K [01;31m[Kerror: [m[Ktemplate argument 2 is invalid
[1.110s] [01m[K/home/sven/ros2_ws/src/turtlesim_catch_them_all/src/turtle_spawner_node.cpp:[m[K In member function â€˜[01m[Kvoid TurtleSpawnerNode::callKillTurtleService(std::string)[m[Kâ€™:
[1.110s] [01m[K/home/sven/ros2_ws/src/turtlesim_catch_them_all/src/turtle_spawner_node.cpp:141:32:[m[K [01;31m[Kerror: [m[Kcannot convert â€˜[01m[Kstd::vector<my_robot_interfaces::msg::Turtle_<std::allocator<void> >, std::allocator<my_robot_interfaces::msg::Turtle_<std::allocator<void> > > >[m[Kâ€™ to â€˜[01m[Kint&[m[Kâ€™
[1.110s]   141 |             removeTurtleByName([01;31m[Kalive_turtles_[m[K, turtle_name);
[1.110s]       |                                [01;31m[K^~~~~~~~~~~~~~[m[K
[1.110s]       |                                [01;31m[K|[m[K
[1.110s]       |                                [01;31m[Kstd::vector<my_robot_interfaces::msg::Turtle_<std::allocator<void> >, std::allocator<my_robot_interfaces::msg::Turtle_<std::allocator<void> > > >[m[K
[1.110s] [01m[K/home/sven/ros2_ws/src/turtlesim_catch_them_all/src/turtle_spawner_node.cpp:151:50:[m[K [01;36m[Knote: [m[K  initializing argument 1 of â€˜[01m[Kvoid TurtleSpawnerNode::removeTurtleByName(int&, const string&)[m[Kâ€™
[1.110s]   151 |     void removeTurtleByName([01;36m[Kstd::vector<Turtle>& alive_turtles_[m[K, const std::string& turtle_name)
[1.110s]       |                             [01;36m[K~~~~~~~~~~~~~~~~~~~~~^~~~~~~~~~~~~~[m[K
[1.110s] [01m[K/home/sven/ros2_ws/src/turtlesim_catch_them_all/src/turtle_spawner_node.cpp:[m[K In member function â€˜[01m[Kvoid TurtleSpawnerNode::removeTurtleByName(int&, const string&)[m[Kâ€™:
[1.110s] [01m[K/home/sven/ros2_ws/src/turtlesim_catch_them_all/src/turtle_spawner_node.cpp:154:24:[m[K [01;31m[Kerror: [m[Krequest for member â€˜[01m[Kerase[m[Kâ€™ in â€˜[01m[Kalive_turtles_[m[Kâ€™, which is of non-class type â€˜[01m[Kint[m[Kâ€™
[1.110s]   154 |         alive_turtles_.[01;31m[Kerase[m[K(std::remove_if(alive_turtles_.begin(),
[1.110s]       |                        [01;31m[K^~~~~[m[K
[1.110s] [01m[K/home/sven/ros2_ws/src/turtlesim_catch_them_all/src/turtle_spawner_node.cpp:154:60:[m[K [01;31m[Kerror: [m[Krequest for member â€˜[01m[Kbegin[m[Kâ€™ in â€˜[01m[Kalive_turtles_[m[Kâ€™, which is of non-class type â€˜[01m[Kint[m[Kâ€™
[1.110s]   154 |         alive_turtles_.erase(std::remove_if(alive_turtles_.[01;31m[Kbegin[m[K(),
[1.110s]       |                                                            [01;31m[K^~~~~[m[K
[1.111s] [01m[K/home/sven/ros2_ws/src/turtlesim_catch_them_all/src/turtle_spawner_node.cpp:155:60:[m[K [01;31m[Kerror: [m[Krequest for member â€˜[01m[Kend[m[Kâ€™ in â€˜[01m[Kalive_turtles_[m[Kâ€™, which is of non-class type â€˜[01m[Kint[m[Kâ€™
[1.111s]   155 |                                             alive_turtles_.[01;31m[Kend[m[K(),
[1.111s]       |                                                            [01;31m[K^~~[m[K
[1.111s] [01m[K/home/sven/ros2_ws/src/turtlesim_catch_them_all/src/turtle_spawner_node.cpp:156:66:[m[K [01;31m[Kerror: [m[Kâ€˜[01m[KTurtle[m[Kâ€™ does not name a type
[1.111s]   156 |                                             [&turtle_name](const [01;31m[KTurtle[m[K& turtle){return std::get<0>(turtle) == turtle_name;}),
[1.111s]       |                                                                  [01;31m[K^~~~~~[m[K
[1.111s] [01m[K/home/sven/ros2_ws/src/turtlesim_catch_them_all/src/turtle_spawner_node.cpp:[m[K In lambda function:
[1.111s] [01m[K/home/sven/ros2_ws/src/turtlesim_catch_them_all/src/turtle_spawner_node.cpp:156:126:[m[K [01;31m[Kerror: [m[Kexpected â€˜[01m[K{[m[Kâ€™ before â€˜[01m[K,[m[Kâ€™ token
[1.111s]   156 |                                             [&turtle_name](const Turtle& turtle){return std::get<0>(turtle) == turtle_name;})[01;31m[K,[m[K
[1.111s]       |                                                                                                                              [01;31m[K^[m[K
[1.111s] [01m[K/home/sven/ros2_ws/src/turtlesim_catch_them_all/src/turtle_spawner_node.cpp:[m[K In member function â€˜[01m[Kvoid TurtleSpawnerNode::removeTurtleByName(int&, const string&)[m[Kâ€™:
[1.112s] [01m[K/home/sven/ros2_ws/src/turtlesim_catch_them_all/src/turtle_spawner_node.cpp:157:60:[m[K [01;31m[Kerror: [m[Krequest for member â€˜[01m[Kend[m[Kâ€™ in â€˜[01m[Kalive_turtles_[m[Kâ€™, which is of non-class type â€˜[01m[Kint[m[Kâ€™
[1.112s]   157 |                                             alive_turtles_.[01;31m[Kend[m[K());
[1.112s]       |                                                            [01;31m[K^~~[m[K
[1.935s] gmake[2]: *** [CMakeFiles/turtle_spawner.dir/build.make:76: CMakeFiles/turtle_spawner.dir/src/turtle_spawner_node.cpp.o] Error 1
[1.935s] gmake[1]: *** [CMakeFiles/Makefile2:165: CMakeFiles/turtle_spawner.dir/all] Error 2
[1.935s] gmake: *** [Makefile:146: all] Error 2
[1.937s] Invoked command in '/home/sven/ros2_ws/build/turtlesim_catch_them_all' returned '2': CMAKE_PREFIX_PATH=/home/sven/ros2_ws/install/my_robot_interfaces:/home/sven/ros2_ws/install/turtlesim_catch_them_all:/home/sven/ros2_ws/install/my_robot_bringup:/home/sven/ros2_ws/install/my_cpp_pkg:/home/sven/ros2_ws/install/my_py_pkg:/opt/ros/humble /usr/bin/cmake --build /home/sven/ros2_ws/build/turtlesim_catch_them_all -- -j20 -l20
