[01m[K/home/sven/ros2_ws/src/lifecycle_cpp/src/move_robot_server_lifecycle.cpp:[m[K In member function â€˜[01m[Kvirtual LifeCycleCallbackReturn MoveRobotServerNode::on_deactivate(const rclcpp_lifecycle::State&)[m[Kâ€™:
[01m[K/home/sven/ros2_ws/src/lifecycle_cpp/src/move_robot_server_lifecycle.cpp:82:40:[m[K [01;31m[Kerror: [m[Kno matching function for call to â€˜[01m[Krclcpp_action::ServerGoalHandle<my_robot_interfaces::action::MoveRobot>::abort()[m[Kâ€™
   82 |                     [01;31m[Kgoal_handle_->abort()[m[K; // abort(result) ?
      |                     [01;31m[K~~~~~~~~~~~~~~~~~~~^~[m[K
In file included from [01m[K/opt/ros/humble/include/rclcpp_action/rclcpp_action/server.hpp:35[m[K,
                 from [01m[K/opt/ros/humble/include/rclcpp_action/rclcpp_action/create_server.hpp:29[m[K,
                 from [01m[K/opt/ros/humble/include/rclcpp_action/rclcpp_action/rclcpp_action.hpp:39[m[K,
                 from [01m[K/home/sven/ros2_ws/src/lifecycle_cpp/src/move_robot_server_lifecycle.cpp:2[m[K:
[01m[K/opt/ros/humble/include/rclcpp_action/rclcpp_action/server_goal_handle.hpp:168:3:[m[K [01;36m[Knote: [m[Kcandidate: â€˜[01m[Kvoid rclcpp_action::ServerGoalHandle<ActionT>::abort(typename ActionT::Result::SharedPtr) [with ActionT = my_robot_interfaces::action::MoveRobot; typename ActionT::Result::SharedPtr = std::shared_ptr<my_robot_interfaces::action::MoveRobot_Result_<std::allocator<void> > >; typename ActionT::Result = my_robot_interfaces::action::MoveRobot_Result_<std::allocator<void> >][m[Kâ€™
  168 |   [01;36m[Kabort[m[K(typename ActionT::Result::SharedPtr result_msg)
      |   [01;36m[K^~~~~[m[K
[01m[K/opt/ros/humble/include/rclcpp_action/rclcpp_action/server_goal_handle.hpp:168:3:[m[K [01;36m[Knote: [m[K  candidate expects 1 argument, 0 provided
gmake[2]: *** [CMakeFiles/move_robot_server_lifecycle.dir/build.make:76: CMakeFiles/move_robot_server_lifecycle.dir/src/move_robot_server_lifecycle.cpp.o] Error 1
gmake[1]: *** [CMakeFiles/Makefile2:165: CMakeFiles/move_robot_server_lifecycle.dir/all] Error 2
gmake: *** [Makefile:146: all] Error 2
