[01m[K/home/sven/ros2_ws/src/actions_cpp/src/move_robot_client.cpp:[m[K In member function â€˜[01m[Kvoid MoveRobotClientNode::goal_feedback_callback(const SharedPtr&, std::shared_ptr<const my_robot_interfaces::action::MoveRobot_Feedback_<std::allocator<void> > >)[m[Kâ€™:
[01m[K/home/sven/ros2_ws/src/actions_cpp/src/move_robot_client.cpp:53:32:[m[K [01;31m[Kerror: [m[Kâ€˜[01m[Kusing element_type = const struct my_robot_interfaces::action::MoveRobot_Feedback_<std::allocator<void> >[m[Kâ€™ {aka â€˜[01m[Kconst struct my_robot_interfaces::action::MoveRobot_Feedback_<std::allocator<void> >[m[Kâ€™} has no member named â€˜[01m[Kcurrent_number[m[Kâ€™
   53 |         int number = feedback->[01;31m[Kcurrent_number[m[K;
      |                                [01;31m[K^~~~~~~~~~~~~~[m[K
gmake[2]: *** [CMakeFiles/move_robot_client.dir/build.make:76: CMakeFiles/move_robot_client.dir/src/move_robot_client.cpp.o] Error 1
gmake[1]: *** [CMakeFiles/Makefile2:249: CMakeFiles/move_robot_client.dir/all] Error 2
gmake: *** [Makefile:146: all] Error 2
