[0.032s] Invoking command in '/home/sven/ros2_ws/build/actions_cpp': CMAKE_PREFIX_PATH=/home/sven/ros2_ws/install/my_robot_interfaces:/home/sven/ros2_ws/install/turtlesim_catch_them_all:/home/sven/ros2_ws/install/my_robot_bringup:/home/sven/ros2_ws/install/my_cpp_pkg:/home/sven/ros2_ws/install/actions_cpp:/home/sven/ros2_ws/install/my_robot_description:/home/sven/install/my_robot_description:/home/sven/ros2_ws/install/my_py_pkg:/home/sven/ros2_ws/install/actions_py:/opt/ros/humble LD_LIBRARY_PATH=/home/sven/ros2_ws/install/my_robot_interfaces/lib:/usr/lib/x86_64-linux-gnu/gazebo-11/plugins:/opt/ros/humble/opt/rviz_ogre_vendor/lib:/opt/ros/humble/lib/x86_64-linux-gnu:/opt/ros/humble/lib:/usr/share/gazebo/../../lib/x86_64-linux-gnu/gazebo-11/plugins /usr/bin/cmake --build /home/sven/ros2_ws/build/actions_cpp -- -j20 -l20
[0.054s] [35m[1mConsolidate compiler generated dependencies of target move_robot_client[0m
[0.061s] [ 80%] Built target count_until_server_queue_goals
[0.061s] [ 80%] Built target count_until_client
[0.061s] [ 80%] Built target move_robot_server
[0.061s] [ 80%] Built target count_until_server
[0.062s] [ 90%] [32mBuilding CXX object CMakeFiles/move_robot_client.dir/src/move_robot_client.cpp.o[0m
[1.131s] [01m[K/home/sven/ros2_ws/src/actions_cpp/src/move_robot_client.cpp:[m[K In member function â€˜[01m[Kvoid MoveRobotClientNode::goal_feedback_callback(const SharedPtr&, std::shared_ptr<const my_robot_interfaces::action::MoveRobot_Feedback_<std::allocator<void> > >)[m[Kâ€™:
[1.131s] [01m[K/home/sven/ros2_ws/src/actions_cpp/src/move_robot_client.cpp:53:32:[m[K [01;31m[Kerror: [m[Kâ€˜[01m[Kusing element_type = const struct my_robot_interfaces::action::MoveRobot_Feedback_<std::allocator<void> >[m[Kâ€™ {aka â€˜[01m[Kconst struct my_robot_interfaces::action::MoveRobot_Feedback_<std::allocator<void> >[m[Kâ€™} has no member named â€˜[01m[Kcurrent_number[m[Kâ€™
[1.131s]    53 |         int number = feedback->[01;31m[Kcurrent_number[m[K;
[1.131s]       |                                [01;31m[K^~~~~~~~~~~~~~[m[K
[1.450s] gmake[2]: *** [CMakeFiles/move_robot_client.dir/build.make:76: CMakeFiles/move_robot_client.dir/src/move_robot_client.cpp.o] Error 1
[1.450s] gmake[1]: *** [CMakeFiles/Makefile2:249: CMakeFiles/move_robot_client.dir/all] Error 2
[1.450s] gmake: *** [Makefile:146: all] Error 2
[1.452s] Invoked command in '/home/sven/ros2_ws/build/actions_cpp' returned '2': CMAKE_PREFIX_PATH=/home/sven/ros2_ws/install/my_robot_interfaces:/home/sven/ros2_ws/install/turtlesim_catch_them_all:/home/sven/ros2_ws/install/my_robot_bringup:/home/sven/ros2_ws/install/my_cpp_pkg:/home/sven/ros2_ws/install/actions_cpp:/home/sven/ros2_ws/install/my_robot_description:/home/sven/install/my_robot_description:/home/sven/ros2_ws/install/my_py_pkg:/home/sven/ros2_ws/install/actions_py:/opt/ros/humble LD_LIBRARY_PATH=/home/sven/ros2_ws/install/my_robot_interfaces/lib:/usr/lib/x86_64-linux-gnu/gazebo-11/plugins:/opt/ros/humble/opt/rviz_ogre_vendor/lib:/opt/ros/humble/lib/x86_64-linux-gnu:/opt/ros/humble/lib:/usr/share/gazebo/../../lib/x86_64-linux-gnu/gazebo-11/plugins /usr/bin/cmake --build /home/sven/ros2_ws/build/actions_cpp -- -j20 -l20
