[0.031s] Invoking command in '/home/cleanseasolutions/ros2_ws/build/turtlesim_catch_them_all': CMAKE_PREFIX_PATH=/home/cleanseasolutions/ros2_ws/install/my_robot_interfaces:/home/cleanseasolutions/ros2_ws/install/turtlesim_catch_them_all:/home/cleanseasolutions/ros2_ws/install/my_robot_bringup:/home/cleanseasolutions/ros2_ws/install/my_cpp_pkg:/home/cleanseasolutions/ros2_ws/install/my_py_pkg:/opt/ros/humble /usr/bin/cmake --build /home/cleanseasolutions/ros2_ws/build/turtlesim_catch_them_all -- -j16 -l16
[0.054s] [35m[1mConsolidate compiler generated dependencies of target turtle_spawner[0m
[0.061s] [ 50%] Built target turtle_controller
[0.063s] [ 75%] [32mBuilding CXX object CMakeFiles/turtle_spawner.dir/src/turtle_spawner_node.cpp.o[0m
[1.284s] [01m[K/home/cleanseasolutions/ros2_ws/src/turtlesim_catch_them_all/src/turtle_spawner_node.cpp:32:6:[m[K [01;31m[Kerror: [m[KISO C++ forbids declaration of â€˜[01m[KcallSpawnService[m[Kâ€™ with no type [[01;31m[K]8;;https://gcc.gnu.org/onlinedocs/gcc/Warning-Options.html#index-fpermissive-fpermissive]8;;[m[K]
[1.285s]    32 |      [01;31m[KcallSpawnService[m[K()
[1.285s]       |      [01;31m[K^~~~~~~~~~~~~~~~[m[K
[1.291s] [01m[K/home/cleanseasolutions/ros2_ws/src/turtlesim_catch_them_all/src/turtle_spawner_node.cpp:[m[K In constructor â€˜[01m[KTurtleSpawnerNode::TurtleSpawnerNode()[m[Kâ€™:
[1.291s] [01m[K/home/cleanseasolutions/ros2_ws/src/turtlesim_catch_them_all/src/turtle_spawner_node.cpp:16:9:[m[K [01;31m[Kerror: [m[Kâ€˜[01m[Ktimer_[m[Kâ€™ was not declared in this scope; did you mean â€˜[01m[Ktimer_t[m[Kâ€™?
[1.291s]    16 |         [01;31m[Ktimer_[m[K = this->create_wall_timer(std::chrono::milliseconds(500),
[1.291s]       |         [01;31m[K^~~~~~[m[K
[1.291s]       |         [32m[Ktimer_t[m[K
[1.296s] [01m[K/home/cleanseasolutions/ros2_ws/src/turtlesim_catch_them_all/src/turtle_spawner_node.cpp:[m[K In member function â€˜[01m[Kvoid TurtleSpawnerNode::publishFunction()[m[Kâ€™:
[1.296s] [01m[K/home/cleanseasolutions/ros2_ws/src/turtlesim_catch_them_all/src/turtle_spawner_node.cpp:25:20:[m[K [01;31m[Kerror: [m[Kâ€˜[01m[Kexample_interfaces[m[Kâ€™ has not been declared
[1.296s]    25 |         auto msg = [01;31m[Kexample_interfaces[m[K::msg::String(); //TODO (Ex: String, Int64...)
[1.296s]       |                    [01;31m[K^~~~~~~~~~~~~~~~~~[m[K
[1.300s] [01m[K/home/cleanseasolutions/ros2_ws/src/turtlesim_catch_them_all/src/turtle_spawner_node.cpp:[m[K In member function â€˜[01m[Kint TurtleSpawnerNode::callSpawnService()[m[Kâ€™:
[1.300s] [01m[K/home/cleanseasolutions/ros2_ws/src/turtlesim_catch_them_all/src/turtle_spawner_node.cpp:36:43:[m[K [01;31m[Kerror: [m[Kâ€˜[01m[Kturtlesim[m[Kâ€™ was not declared in this scope
[1.300s]    36 |         auto client = this->create_client<[01;31m[Kturtlesim[m[K::srv::Spawn>("spawn");
[1.300s]       |                                           [01;31m[K^~~~~~~~~[m[K
[1.300s] [01m[K/home/cleanseasolutions/ros2_ws/src/turtlesim_catch_them_all/src/turtle_spawner_node.cpp:36:29:[m[K [01;31m[Kerror: [m[Kparse error in template argument list
[1.300s]    36 |         auto client = this->[01;31m[Kcreate_client<turtlesim::srv::Spawn>[m[K("spawn");
[1.300s]       |                             [01;31m[K^~~~~~~~~~~~~~~~~~~~~~~~~~~~~~~~~~~~[m[K
[1.300s] [01m[K/home/cleanseasolutions/ros2_ws/src/turtlesim_catch_them_all/src/turtle_spawner_node.cpp:36:65:[m[K [01;31m[Kerror: [m[Kno matching function for call to â€˜[01m[KTurtleSpawnerNode::create_client<<expression error> >(const char [6])[m[Kâ€™
[1.300s]    36 |         auto client = [01;31m[Kthis->create_client<turtlesim::srv::Spawn>("spawn")[m[K;
[1.300s]       |                       [01;31m[K~~~~~~~~~~~~~~~~~~~~~~~~~~~~~~~~~~~~~~~~~~^~~~~~~~~[m[K
[1.300s] In file included from [01m[K/opt/ros/humble/include/rclcpp/rclcpp/executors/single_threaded_executor.hpp:28[m[K,
[1.300s]                  from [01m[K/opt/ros/humble/include/rclcpp/rclcpp/executors.hpp:22[m[K,
[1.300s]                  from [01m[K/opt/ros/humble/include/rclcpp/rclcpp/rclcpp.hpp:155[m[K,
[1.300s]                  from [01m[K/home/cleanseasolutions/ros2_ws/src/turtlesim_catch_them_all/src/turtle_spawner_node.cpp:1[m[K:
[1.300s] [01m[K/opt/ros/humble/include/rclcpp/rclcpp/node.hpp:252:3:[m[K [01;36m[Knote: [m[Kcandidate: â€˜[01m[Ktemplate<class ServiceT> typename rclcpp::Client<ServiceT>::SharedPtr rclcpp::Node::create_client(const string&, const rmw_qos_profile_t&, rclcpp::CallbackGroup::SharedPtr)[m[Kâ€™
[1.300s]   252 |   [01;36m[Kcreate_client[m[K(
[1.301s]       |   [01;36m[K^~~~~~~~~~~~~[m[K
[1.301s] [01m[K/opt/ros/humble/include/rclcpp/rclcpp/node.hpp:252:3:[m[K [01;36m[Knote: [m[K  template argument deduction/substitution failed:
[1.301s] [01m[K/home/cleanseasolutions/ros2_ws/src/turtlesim_catch_them_all/src/turtle_spawner_node.cpp:36:65:[m[K [01;31m[Kerror: [m[Ktemplate argument 1 is invalid
[1.301s]    36 |         auto client = [01;31m[Kthis->create_client<turtlesim::srv::Spawn>("spawn")[m[K;
[1.301s]       |                       [01;31m[K~~~~~~~~~~~~~~~~~~~~~~~~~~~~~~~~~~~~~~~~~~^~~~~~~~~[m[K
[1.301s] [01m[K/home/cleanseasolutions/ros2_ws/src/turtlesim_catch_them_all/src/turtle_spawner_node.cpp:42:29:[m[K [01;31m[Kerror: [m[Kparse error in template argument list
[1.301s]    42 |         auto request = std::[01;31m[Kmake_shared<turtlesim::srv::Spawn::Request>[m[K();
[1.301s]       |                             [01;31m[K^~~~~~~~~~~~~~~~~~~~~~~~~~~~~~~~~~~~~~~~~~~[m[K
[1.301s] [01m[K/home/cleanseasolutions/ros2_ws/src/turtlesim_catch_them_all/src/turtle_spawner_node.cpp:42:72:[m[K [01;31m[Kerror: [m[Kno matching function for call to â€˜[01m[Kmake_shared<turtlesim>()[m[Kâ€™
[1.301s]    42 |         auto request = [01;31m[Kstd::make_shared<turtlesim::srv::Spawn::Request>()[m[K;
[1.301s]       |                        [01;31m[K~~~~~~~~~~~~~~~~~~~~~~~~~~~~~~~~~~~~~~~~~~~~~~~~^~[m[K
[1.301s] In file included from [01m[K/usr/include/c++/11/memory:77[m[K,
[1.301s]                  from [01m[K/opt/ros/humble/include/rclcpp/rclcpp/rclcpp.hpp:153[m[K,
[1.301s]                  from [01m[K/home/cleanseasolutions/ros2_ws/src/turtlesim_catch_them_all/src/turtle_spawner_node.cpp:1[m[K:
[1.301s] [01m[K/usr/include/c++/11/bits/shared_ptr.h:875:5:[m[K [01;36m[Knote: [m[Kcandidate: â€˜[01m[Ktemplate<class _Tp, class ... _Args> std::shared_ptr<_Tp> std::make_shared(_Args&& ...)[m[Kâ€™
[1.301s]   875 |     [01;36m[Kmake_shared[m[K(_Args&&... __args)
[1.301s]       |     [01;36m[K^~~~~~~~~~~[m[K
[1.301s] [01m[K/usr/include/c++/11/bits/shared_ptr.h:875:5:[m[K [01;36m[Knote: [m[K  template argument deduction/substitution failed:
[1.301s] [01m[K/home/cleanseasolutions/ros2_ws/src/turtlesim_catch_them_all/src/turtle_spawner_node.cpp:64:5:[m[K [01;35m[Kwarning: [m[Kno return statement in function returning non-void [[01;35m[K]8;;https://gcc.gnu.org/onlinedocs/gcc/Warning-Options.html#index-Wreturn-type-Wreturn-type]8;;[m[K]
[1.301s]    64 |     [01;35m[K}[m[K
[1.301s]       |     [01;35m[K^[m[K
[1.680s] gmake[2]: *** [CMakeFiles/turtle_spawner.dir/build.make:76: CMakeFiles/turtle_spawner.dir/src/turtle_spawner_node.cpp.o] Error 1
[1.680s] gmake[1]: *** [CMakeFiles/Makefile2:165: CMakeFiles/turtle_spawner.dir/all] Error 2
[1.680s] gmake: *** [Makefile:146: all] Error 2
[1.682s] Invoked command in '/home/cleanseasolutions/ros2_ws/build/turtlesim_catch_them_all' returned '2': CMAKE_PREFIX_PATH=/home/cleanseasolutions/ros2_ws/install/my_robot_interfaces:/home/cleanseasolutions/ros2_ws/install/turtlesim_catch_them_all:/home/cleanseasolutions/ros2_ws/install/my_robot_bringup:/home/cleanseasolutions/ros2_ws/install/my_cpp_pkg:/home/cleanseasolutions/ros2_ws/install/my_py_pkg:/opt/ros/humble /usr/bin/cmake --build /home/cleanseasolutions/ros2_ws/build/turtlesim_catch_them_all -- -j16 -l16
