[0.027s] Invoking command in '/home/sven/ros2_ws/build/turtlesim_catch_them_all': CMAKE_PREFIX_PATH=/home/sven/ros2_ws/install/my_robot_interfaces:/home/sven/ros2_ws/install/turtlesim_catch_them_all:/home/sven/ros2_ws/install/my_robot_bringup:/home/sven/ros2_ws/install/my_cpp_pkg:/home/sven/ros2_ws/install/my_py_pkg:/opt/ros/humble /usr/bin/cmake --build /home/sven/ros2_ws/build/turtlesim_catch_them_all -- -j20 -l20
[0.048s] [35m[1mConsolidate compiler generated dependencies of target turtle_controller[0m
[0.053s] [ 25%] [32mBuilding CXX object CMakeFiles/turtle_spawner.dir/src/turtle_spawner_node.cpp.o[0m
[0.056s] [ 75%] Built target turtle_controller
[1.150s] In file included from [01m[K/opt/ros/humble/include/rclcpp/rclcpp/client.hpp:40[m[K,
[1.150s]                  from [01m[K/opt/ros/humble/include/rclcpp/rclcpp/callback_group.hpp:24[m[K,
[1.150s]                  from [01m[K/opt/ros/humble/include/rclcpp/rclcpp/any_executable.hpp:20[m[K,
[1.150s]                  from [01m[K/opt/ros/humble/include/rclcpp/rclcpp/memory_strategy.hpp:25[m[K,
[1.150s]                  from [01m[K/opt/ros/humble/include/rclcpp/rclcpp/memory_strategies.hpp:18[m[K,
[1.150s]                  from [01m[K/opt/ros/humble/include/rclcpp/rclcpp/executor_options.hpp:20[m[K,
[1.150s]                  from [01m[K/opt/ros/humble/include/rclcpp/rclcpp/executor.hpp:37[m[K,
[1.150s]                  from [01m[K/opt/ros/humble/include/rclcpp/rclcpp/executors/multi_threaded_executor.hpp:25[m[K,
[1.150s]                  from [01m[K/opt/ros/humble/include/rclcpp/rclcpp/executors.hpp:21[m[K,
[1.151s]                  from [01m[K/opt/ros/humble/include/rclcpp/rclcpp/rclcpp.hpp:155[m[K,
[1.151s]                  from [01m[K/home/sven/ros2_ws/src/turtlesim_catch_them_all/src/turtle_spawner_node.cpp:1[m[K:
[1.151s] [01m[K/home/sven/ros2_ws/src/turtlesim_catch_them_all/src/turtle_spawner_node.cpp:[m[K In member function â€˜[01m[Kvoid TurtleSpawnerNode::callKillTurtleService(std::string)[m[Kâ€™:
[1.151s] [01m[K/home/sven/ros2_ws/src/turtlesim_catch_them_all/src/turtle_spawner_node.cpp:161:33:[m[K [01;31m[Kerror: [m[Kâ€˜[01m[Knode[m[Kâ€™ was not declared in this scope; did you mean â€˜[01m[KNode[m[Kâ€™?
[1.151s]   161 |                     RCLCPP_INFO([01;31m[Knode[m[K->get_logger(), "Array of Integers: ");
[1.151s]       |                                 [01;31m[K^~~~[m[K
[1.151s] [01m[K/home/sven/ros2_ws/src/turtlesim_catch_them_all/src/turtle_spawner_node.cpp:161:21:[m[K [01;31m[Kerror: [m[Ktemplate argument 1 is invalid
[1.151s]   161 |                     [01;31m[KRCLCPP_INFO[m[K(node->get_logger(), "Array of Integers: ");
[1.151s]       |                     [01;31m[K^~~~~~~~~~~[m[K
[1.151s] [01m[K/home/sven/ros2_ws/src/turtlesim_catch_them_all/src/turtle_spawner_node.cpp:161:21:[m[K [01;31m[Kerror: [m[Kâ€˜[01m[K<declaration error>[m[Kâ€™ is not a template [[01;31m[K]8;;https://gcc.gnu.org/onlinedocs/gcc/Warning-Options.html#index-fpermissive-fpermissive]8;;[m[K]
[1.151s]   161 |                     [01;31m[KRCLCPP_INFO[m[K(node->get_logger(), "Array of Integers: ");
[1.151s]       |                     [01;31m[K^~~~~~~~~~~[m[K
[1.151s] [01m[K/home/sven/ros2_ws/src/turtlesim_catch_them_all/src/turtle_spawner_node.cpp:161:21:[m[K [01;31m[Kerror: [m[Ktemplate argument 1 is invalid
[1.151s]   161 |                     [01;31m[KRCLCPP_INFO[m[K(node->get_logger(), "Array of Integers: ");
[1.151s]       |                     [01;31m[K^~~~~~~~~~~[m[K
[1.151s] [01m[K/home/sven/ros2_ws/src/turtlesim_catch_them_all/src/turtle_spawner_node.cpp:161:21:[m[K [01;31m[Kerror: [m[Kâ€˜[01m[K<declaration error>[m[Kâ€™ is not a template [[01;31m[K]8;;https://gcc.gnu.org/onlinedocs/gcc/Warning-Options.html#index-fpermissive-fpermissive]8;;[m[K]
[1.151s]   161 |                     [01;31m[KRCLCPP_INFO[m[K(node->get_logger(), "Array of Integers: ");
[1.151s]       |                     [01;31m[K^~~~~~~~~~~[m[K
[1.151s] [01m[K/home/sven/ros2_ws/src/turtlesim_catch_them_all/src/turtle_spawner_node.cpp:161:21:[m[K [01;31m[Kerror: [m[Ktemplate argument 1 is invalid
[1.151s]   161 |                     [01;31m[KRCLCPP_INFO[m[K(node->get_logger(), "Array of Integers: ");
[1.152s]       |                     [01;31m[K^~~~~~~~~~~[m[K
[1.152s] [01m[K/home/sven/ros2_ws/src/turtlesim_catch_them_all/src/turtle_spawner_node.cpp:163:54:[m[K [01;31m[Kerror: [m[Kexpected primary-expression before â€˜[01m[K->[m[Kâ€™ token
[1.152s]   163 |                         RCLCPP_INFO(TurtleSpawnerNode[01;31m[K->[m[Kget_logger(), "%d ", alive_turtles_[i]);
[1.152s]       |                                                      [01;31m[K^~[m[K
[1.152s] [01m[K/home/sven/ros2_ws/src/turtlesim_catch_them_all/src/turtle_spawner_node.cpp:163:25:[m[K [01;31m[Kerror: [m[Ktemplate argument 1 is invalid
[1.152s]   163 |                         [01;31m[KRCLCPP_INFO[m[K(TurtleSpawnerNode->get_logger(), "%d ", alive_turtles_[i]);
[1.152s]       |                         [01;31m[K^~~~~~~~~~~[m[K
[1.152s] [01m[K/home/sven/ros2_ws/src/turtlesim_catch_them_all/src/turtle_spawner_node.cpp:163:25:[m[K [01;31m[Kerror: [m[Kâ€˜[01m[K<declaration error>[m[Kâ€™ is not a template [[01;31m[K]8;;https://gcc.gnu.org/onlinedocs/gcc/Warning-Options.html#index-fpermissive-fpermissive]8;;[m[K]
[1.152s]   163 |                         [01;31m[KRCLCPP_INFO[m[K(TurtleSpawnerNode->get_logger(), "%d ", alive_turtles_[i]);
[1.152s]       |                         [01;31m[K^~~~~~~~~~~[m[K
[1.152s] [01m[K/home/sven/ros2_ws/src/turtlesim_catch_them_all/src/turtle_spawner_node.cpp:163:25:[m[K [01;31m[Kerror: [m[Ktemplate argument 1 is invalid
[1.152s]   163 |                         [01;31m[KRCLCPP_INFO[m[K(TurtleSpawnerNode->get_logger(), "%d ", alive_turtles_[i]);
[1.152s]       |                         [01;31m[K^~~~~~~~~~~[m[K
[1.152s] [01m[K/home/sven/ros2_ws/src/turtlesim_catch_them_all/src/turtle_spawner_node.cpp:163:25:[m[K [01;31m[Kerror: [m[Kâ€˜[01m[K<declaration error>[m[Kâ€™ is not a template [[01;31m[K]8;;https://gcc.gnu.org/onlinedocs/gcc/Warning-Options.html#index-fpermissive-fpermissive]8;;[m[K]
[1.152s]   163 |                         [01;31m[KRCLCPP_INFO[m[K(TurtleSpawnerNode->get_logger(), "%d ", alive_turtles_[i]);
[1.152s]       |                         [01;31m[K^~~~~~~~~~~[m[K
[1.152s] [01m[K/home/sven/ros2_ws/src/turtlesim_catch_them_all/src/turtle_spawner_node.cpp:163:25:[m[K [01;31m[Kerror: [m[Ktemplate argument 1 is invalid
[1.152s]   163 |                         [01;31m[KRCLCPP_INFO[m[K(TurtleSpawnerNode->get_logger(), "%d ", alive_turtles_[i]);
[1.152s]       |                         [01;31m[K^~~~~~~~~~~[m[K
[1.152s] In file included from [01m[K/opt/ros/humble/include/rclcpp/rclcpp/logging.hpp:24[m[K,
[1.152s]                  from [01m[K/opt/ros/humble/include/rclcpp/rclcpp/client.hpp:40[m[K,
[1.153s]                  from [01m[K/opt/ros/humble/include/rclcpp/rclcpp/callback_group.hpp:24[m[K,
[1.153s]                  from [01m[K/opt/ros/humble/include/rclcpp/rclcpp/any_executable.hpp:20[m[K,
[1.153s]                  from [01m[K/opt/ros/humble/include/rclcpp/rclcpp/memory_strategy.hpp:25[m[K,
[1.153s]                  from [01m[K/opt/ros/humble/include/rclcpp/rclcpp/memory_strategies.hpp:18[m[K,
[1.153s]                  from [01m[K/opt/ros/humble/include/rclcpp/rclcpp/executor_options.hpp:20[m[K,
[1.153s]                  from [01m[K/opt/ros/humble/include/rclcpp/rclcpp/executor.hpp:37[m[K,
[1.153s]                  from [01m[K/opt/ros/humble/include/rclcpp/rclcpp/executors/multi_threaded_executor.hpp:25[m[K,
[1.153s]                  from [01m[K/opt/ros/humble/include/rclcpp/rclcpp/executors.hpp:21[m[K,
[1.153s]                  from [01m[K/opt/ros/humble/include/rclcpp/rclcpp/rclcpp.hpp:155[m[K,
[1.153s]                  from [01m[K/home/sven/ros2_ws/src/turtlesim_catch_them_all/src/turtle_spawner_node.cpp:1[m[K:
[1.153s] [01m[K/home/sven/ros2_ws/src/turtlesim_catch_them_all/src/turtle_spawner_node.cpp:163:54:[m[K [01;31m[Kerror: [m[Kexpected primary-expression before â€˜[01m[K->[m[Kâ€™ token
[1.153s]   163 |                         RCLCPP_INFO(TurtleSpawnerNode[01;31m[K->[m[Kget_logger(), "%d ", alive_turtles_[i]);
[1.153s]       |                                                      [01;31m[K^~[m[K
[1.153s] [01m[K/home/sven/ros2_ws/src/turtlesim_catch_them_all/src/turtle_spawner_node.cpp:163:54:[m[K [01;31m[Kerror: [m[Kexpected primary-expression before â€˜[01m[K->[m[Kâ€™ token
[1.153s]   163 |                         RCLCPP_INFO(TurtleSpawnerNode[01;31m[K->[m[Kget_logger(), "%d ", alive_turtles_[i]);
[1.153s]       |                                                      [01;31m[K^~[m[K
[1.988s] gmake[2]: *** [CMakeFiles/turtle_spawner.dir/build.make:76: CMakeFiles/turtle_spawner.dir/src/turtle_spawner_node.cpp.o] Error 1
[1.988s] gmake[1]: *** [CMakeFiles/Makefile2:165: CMakeFiles/turtle_spawner.dir/all] Error 2
[1.988s] gmake: *** [Makefile:146: all] Error 2
[1.990s] Invoked command in '/home/sven/ros2_ws/build/turtlesim_catch_them_all' returned '2': CMAKE_PREFIX_PATH=/home/sven/ros2_ws/install/my_robot_interfaces:/home/sven/ros2_ws/install/turtlesim_catch_them_all:/home/sven/ros2_ws/install/my_robot_bringup:/home/sven/ros2_ws/install/my_cpp_pkg:/home/sven/ros2_ws/install/my_py_pkg:/opt/ros/humble /usr/bin/cmake --build /home/sven/ros2_ws/build/turtlesim_catch_them_all -- -j20 -l20
