[01m[K/home/sven/ros2_ws/src/actions_cpp/src/move_robot_client.cpp:48:39:[m[K [01;31m[Kerror: [m[Kâ€˜[01m[KCountUntilGoalHandle[m[Kâ€™ does not name a type
   48 |     void goal_feedback_callback(const [01;31m[KCountUntilGoalHandle[m[K::SharedPtr &goal_handle,
      |                                       [01;31m[K^~~~~~~~~~~~~~~~~~~~[m[K
[01m[K/home/sven/ros2_ws/src/actions_cpp/src/move_robot_client.cpp:48:71:[m[K [01;31m[Kerror: [m[Kexpected unqualified-id before â€˜[01m[K&[m[Kâ€™ token
   48 |     void goal_feedback_callback(const CountUntilGoalHandle::SharedPtr [01;31m[K&[m[Kgoal_handle,
      |                                                                       [01;31m[K^[m[K
[01m[K/home/sven/ros2_ws/src/actions_cpp/src/move_robot_client.cpp:48:70:[m[K [01;31m[Kerror: [m[Kexpected â€˜[01m[K)[m[Kâ€™ before â€˜[01m[K&[m[Kâ€™ token
   48 |     void goal_feedback_callback[34m[K([m[Kconst CountUntilGoalHandle::SharedPtr[01;31m[K [m[K[32m[K&[m[Kgoal_handle,
      |                                [34m[K~[m[K                                     [01;31m[K^[m[K[32m[K~[m[K
      |                                                                      [32m[K)[m[K
[01m[K/home/sven/ros2_ws/src/actions_cpp/src/move_robot_client.cpp:48:71:[m[K [01;31m[Kerror: [m[Kexpected â€˜[01m[K;[m[Kâ€™ at end of member declaration
   48 |     void goal_feedback_callback(const CountUntilGoalHandle::SharedPtr [01;31m[K&[m[Kgoal_handle,
      |                                                                       [01;31m[K^[m[K
      |                                                                        [32m[K;[m[K
[01m[K/home/sven/ros2_ws/src/actions_cpp/src/move_robot_client.cpp:48:72:[m[K [01;31m[Kerror: [m[Kâ€˜[01m[Kgoal_handle[m[Kâ€™ does not name a type
   48 |     void goal_feedback_callback(const CountUntilGoalHandle::SharedPtr &[01;31m[Kgoal_handle[m[K,
      |                                                                        [01;31m[K^~~~~~~~~~~[m[K
gmake[2]: *** [CMakeFiles/move_robot_client.dir/build.make:76: CMakeFiles/move_robot_client.dir/src/move_robot_client.cpp.o] Error 1
gmake[1]: *** [CMakeFiles/Makefile2:249: CMakeFiles/move_robot_client.dir/all] Error 2
gmake: *** [Makefile:146: all] Error 2
