[0.031s] Invoking command in '/home/sven/ros2_ws/build/actions_cpp': CMAKE_PREFIX_PATH=/home/sven/ros2_ws/install/my_robot_interfaces:/home/sven/ros2_ws/install/actions_cpp:/home/sven/ros2_ws/install/turtlesim_catch_them_all:/home/sven/ros2_ws/install/my_robot_bringup:/home/sven/ros2_ws/install/my_cpp_pkg:/home/sven/ros2_ws/install/my_robot_description:/home/sven/install/my_robot_description:/home/sven/ros2_ws/install/my_py_pkg:/home/sven/ros2_ws/install/actions_py:/opt/ros/humble LD_LIBRARY_PATH=/home/sven/ros2_ws/install/my_robot_interfaces/lib:/usr/lib/x86_64-linux-gnu/gazebo-11/plugins:/opt/ros/humble/opt/rviz_ogre_vendor/lib:/opt/ros/humble/lib/x86_64-linux-gnu:/opt/ros/humble/lib:/usr/share/gazebo/../../lib/x86_64-linux-gnu/gazebo-11/plugins /usr/bin/cmake --build /home/sven/ros2_ws/build/actions_cpp -- -j20 -l20
[0.059s] [ 50%] [32mBuilding CXX object CMakeFiles/count_until_client.dir/src/count_until_client.cpp.o[0m
[0.059s] [ 75%] Built target count_until_server
[1.124s] [01m[K/home/sven/ros2_ws/src/actions_cpp/src/count_until_client.cpp:7:17:[m[K [01;31m[Kerror: [m[Kâ€˜[01m[Ktsd[m[Kâ€™ has not been declared
[1.124s]     7 | using namespace [01;31m[Ktsd[m[K::placeholders;
[1.124s]       |                 [01;31m[K^~~[m[K
[1.124s] [01m[K/home/sven/ros2_ws/src/actions_cpp/src/count_until_client.cpp:7:22:[m[K [01;31m[Kerror: [m[Kâ€˜[01m[Kplaceholders[m[Kâ€™ is not a namespace-name
[1.124s]     7 | using namespace tsd::[01;31m[Kplaceholders[m[K;
[1.124s]       |                      [01;31m[K^~~~~~~~~~~~[m[K
[1.134s] [01m[K/home/sven/ros2_ws/src/actions_cpp/src/count_until_client.cpp:[m[K In member function â€˜[01m[Kvoid CountUntilClientNode::send_goal(int, double)[m[Kâ€™:
[1.134s] [01m[K/home/sven/ros2_ws/src/actions_cpp/src/count_until_client.cpp:30:74:[m[K [01;31m[Kerror: [m[Kâ€˜[01m[K_1[m[Kâ€™ was not declared in this scope; did you mean â€˜[01m[Kstd::placeholders::_1[m[Kâ€™?
[1.134s]    30 |             std::bind(&CountUntilClientNode::goal_result_callback, this, [01;31m[K_1[m[K);
[1.134s]       |                                                                          [01;31m[K^~[m[K
[1.134s]       |                                                                          [32m[Kstd::placeholders::_1[m[K
[1.134s] In file included from [01m[K/usr/include/c++/11/pstl/glue_algorithm_defs.h:13[m[K,
[1.134s]                  from [01m[K/usr/include/c++/11/algorithm:74[m[K,
[1.134s]                  from [01m[K/opt/ros/humble/include/rclcpp/rclcpp/executor.hpp:18[m[K,
[1.134s]                  from [01m[K/opt/ros/humble/include/rclcpp/rclcpp/executors/multi_threaded_executor.hpp:25[m[K,
[1.134s]                  from [01m[K/opt/ros/humble/include/rclcpp/rclcpp/executors.hpp:21[m[K,
[1.134s]                  from [01m[K/opt/ros/humble/include/rclcpp/rclcpp/rclcpp.hpp:155[m[K,
[1.134s]                  from [01m[K/home/sven/ros2_ws/src/actions_cpp/src/count_until_client.cpp:1[m[K:
[1.134s] [01m[K/usr/include/c++/11/functional:225:34:[m[K [01;36m[Knote: [m[Kâ€˜[01m[Kstd::placeholders::_1[m[Kâ€™ declared here
[1.134s]   225 |     extern const _Placeholder<1> [01;36m[K_1[m[K;
[1.134s]       |                                  [01;36m[K^~[m[K
[1.136s] In file included from [01m[K/opt/ros/humble/include/rclcpp/rclcpp/logging.hpp:24[m[K,
[1.136s]                  from [01m[K/opt/ros/humble/include/rclcpp/rclcpp/client.hpp:40[m[K,
[1.136s]                  from [01m[K/opt/ros/humble/include/rclcpp/rclcpp/callback_group.hpp:24[m[K,
[1.136s]                  from [01m[K/opt/ros/humble/include/rclcpp/rclcpp/any_executable.hpp:20[m[K,
[1.136s]                  from [01m[K/opt/ros/humble/include/rclcpp/rclcpp/memory_strategy.hpp:25[m[K,
[1.136s]                  from [01m[K/opt/ros/humble/include/rclcpp/rclcpp/memory_strategies.hpp:18[m[K,
[1.136s]                  from [01m[K/opt/ros/humble/include/rclcpp/rclcpp/executor_options.hpp:20[m[K,
[1.136s]                  from [01m[K/opt/ros/humble/include/rclcpp/rclcpp/executor.hpp:37[m[K,
[1.136s]                  from [01m[K/opt/ros/humble/include/rclcpp/rclcpp/executors/multi_threaded_executor.hpp:25[m[K,
[1.136s]                  from [01m[K/opt/ros/humble/include/rclcpp/rclcpp/executors.hpp:21[m[K,
[1.136s]                  from [01m[K/opt/ros/humble/include/rclcpp/rclcpp/rclcpp.hpp:155[m[K,
[1.136s]                  from [01m[K/home/sven/ros2_ws/src/actions_cpp/src/count_until_client.cpp:1[m[K:
[1.136s] [01m[K/home/sven/ros2_ws/src/actions_cpp/src/count_until_client.cpp:[m[K In member function â€˜[01m[Kvoid CountUntilClientNode::goal_result_callback(const rclcpp_action::ClientGoalHandle<my_robot_interfaces::action::CountUntil>::WrappedResult&)[m[Kâ€™:
[1.136s] [01m[K/home/sven/ros2_ws/src/actions_cpp/src/count_until_client.cpp:42:41:[m[K [01;35m[Kwarning: [m[Kformat â€˜[01m[K%d[m[Kâ€™ expects argument of type â€˜[01m[Kint[m[Kâ€™, but argument 5 has type â€˜[01m[Kconst rclcpp_action::ClientGoalHandle<my_robot_interfaces::action::CountUntil>::WrappedResult[m[Kâ€™ [[01;35m[K]8;;https://gcc.gnu.org/onlinedocs/gcc/Warning-Options.html#index-Wformat=-Wformat=]8;;[m[K]
[1.136s]    42 |         RCLCPP_INFO(this->get_logger(), [01;35m[K"Result: %d"[m[K, result);
[1.136s]       |                                         [01;35m[K^~~~~~~~~~~~[m[K
[1.137s] [01m[K/home/sven/ros2_ws/src/actions_cpp/src/count_until_client.cpp:42:51:[m[K [01;36m[Knote: [m[Kformat string is defined here
[1.137s]    42 |         RCLCPP_INFO(this->get_logger(), "Result: [01;36m[K%d[m[K", result);
[1.137s]       |                                                  [01;36m[K~^[m[K
[1.137s]       |                                                   [01;36m[K|[m[K
[1.137s]       |                                                   [01;36m[Kint[m[K
[1.137s] [01m[K/home/sven/ros2_ws/src/actions_cpp/src/count_until_client.cpp:41:13:[m[K [01;35m[Kwarning: [m[Kunused variable â€˜[01m[Kreached_number[m[Kâ€™ [[01;35m[K]8;;https://gcc.gnu.org/onlinedocs/gcc/Warning-Options.html#index-Wunused-variable-Wunused-variable]8;;[m[K]
[1.137s]    41 |         int [01;35m[Kreached_number[m[K = result.result->reached_number;
[1.137s]       |             [01;35m[K^~~~~~~~~~~~~~[m[K
[1.444s] gmake[2]: *** [CMakeFiles/count_until_client.dir/build.make:76: CMakeFiles/count_until_client.dir/src/count_until_client.cpp.o] Error 1
[1.444s] gmake[1]: *** [CMakeFiles/Makefile2:165: CMakeFiles/count_until_client.dir/all] Error 2
[1.445s] gmake: *** [Makefile:146: all] Error 2
[1.447s] Invoked command in '/home/sven/ros2_ws/build/actions_cpp' returned '2': CMAKE_PREFIX_PATH=/home/sven/ros2_ws/install/my_robot_interfaces:/home/sven/ros2_ws/install/actions_cpp:/home/sven/ros2_ws/install/turtlesim_catch_them_all:/home/sven/ros2_ws/install/my_robot_bringup:/home/sven/ros2_ws/install/my_cpp_pkg:/home/sven/ros2_ws/install/my_robot_description:/home/sven/install/my_robot_description:/home/sven/ros2_ws/install/my_py_pkg:/home/sven/ros2_ws/install/actions_py:/opt/ros/humble LD_LIBRARY_PATH=/home/sven/ros2_ws/install/my_robot_interfaces/lib:/usr/lib/x86_64-linux-gnu/gazebo-11/plugins:/opt/ros/humble/opt/rviz_ogre_vendor/lib:/opt/ros/humble/lib/x86_64-linux-gnu:/opt/ros/humble/lib:/usr/share/gazebo/../../lib/x86_64-linux-gnu/gazebo-11/plugins /usr/bin/cmake --build /home/sven/ros2_ws/build/actions_cpp -- -j20 -l20
