[0.032s] Invoking command in '/home/cleanseasolutions/ros2_ws/build/my_cpp_pkg': CMAKE_PREFIX_PATH=${CMAKE_PREFIX_PATH}:/home/cleanseasolutions/ros2_ws/install/my_py_pkg:/opt/ros/humble /usr/bin/cmake --build /home/cleanseasolutions/ros2_ws/build/my_cpp_pkg -- -j16 -l16
[0.066s] [35m[1mConsolidate compiler generated dependencies of target led_panel_status_publisher[0m
[0.068s] [ 10%] Built target smartphone
[0.069s] [ 20%] Built target number_publisher
[0.069s] [ 30%] Built target cpp_node
[0.071s] [ 40%] Built target add_two_ints_server
[0.073s] [ 50%] Built target robot_news_station
[0.074s] [ 70%] Built target add_two_ints_client_no_oop
[0.074s] [ 70%] Built target number_counter
[0.077s] [ 90%] [32mBuilding CXX object CMakeFiles/led_panel_status_publisher.dir/src/led_panel_node.cpp.o[0m
[0.077s] [ 95%] Built target hardware_status_publisher
[0.077s] [ 95%] Built target add_two_ints_client
[1.268s] [01m[K/home/cleanseasolutions/ros2_ws/src/my_cpp_pkg/src/led_panel_node.cpp:33:70:[m[K [01;31m[Kerror: [m[Ktemplate argument 1 is invalid
[1.268s]    33 |     rclcpp::Publisher<my_robot_interfaces::msg::LedStatus::SharedPtr [01;31m[Kpublisher_[m[K;
[1.268s]       |                                                                      [01;31m[K^~~~~~~~~~[m[K
[1.272s] [01m[K/home/cleanseasolutions/ros2_ws/src/my_cpp_pkg/src/led_panel_node.cpp:[m[K In constructor â€˜[01m[KLEDPanelPublisherNode::LEDPanelPublisherNode()[m[Kâ€™:
[1.272s] [01m[K/home/cleanseasolutions/ros2_ws/src/my_cpp_pkg/src/led_panel_node.cpp:12:9:[m[K [01;31m[Kerror: [m[Kâ€˜[01m[Kpublisher_[m[Kâ€™ was not declared in this scope; did you mean â€˜[01m[Krmw_publisher_t[m[Kâ€™?
[1.272s]    12 |         [01;31m[Kpublisher_[m[K = this->create_publisher<my_robot_interfaces::msg::LedStatus>("led_panel_status", 10);
[1.272s]       |         [01;31m[K^~~~~~~~~~[m[K
[1.272s]       |         [32m[Krmw_publisher_t[m[K
[1.279s] [01m[K/home/cleanseasolutions/ros2_ws/src/my_cpp_pkg/src/led_panel_node.cpp:[m[K In member function â€˜[01m[Kvoid LEDPanelPublisherNode::publishLedPanelStatus()[m[Kâ€™:
[1.279s] [01m[K/home/cleanseasolutions/ros2_ws/src/my_cpp_pkg/src/led_panel_node.cpp:25:13:[m[K [01;31m[Kerror: [m[Kâ€˜[01m[Kstruct my_robot_interfaces::msg::LedStatus_<std::allocator<void> >[m[Kâ€™ has no member named â€˜[01m[Kdata[m[Kâ€™
[1.279s]    25 |         msg.[01;31m[Kdata[m[K = [0, 0, 0];
[1.279s]       |             [01;31m[K^~~~[m[K
[1.279s] [01m[K/home/cleanseasolutions/ros2_ws/src/my_cpp_pkg/src/led_panel_node.cpp:25:21:[m[K [01;31m[Kerror: [m[Kexpected identifier before numeric constant
[1.279s]    25 |         msg.data = [[01;31m[K0[m[K, 0, 0];
[1.280s]       |                     [01;31m[K^[m[K
[1.280s] [01m[K/home/cleanseasolutions/ros2_ws/src/my_cpp_pkg/src/led_panel_node.cpp:25:22:[m[K [01;31m[Kerror: [m[Kexpected â€˜[01m[K][m[Kâ€™ before â€˜[01m[K,[m[Kâ€™ token
[1.280s]    25 |         msg.data = [0[01;31m[K,[m[K 0, 0];
[1.280s]       |                      [01;31m[K^[m[K
[1.280s] [01m[K/home/cleanseasolutions/ros2_ws/src/my_cpp_pkg/src/led_panel_node.cpp:[m[K In lambda function:
[1.280s] [01m[K/home/cleanseasolutions/ros2_ws/src/my_cpp_pkg/src/led_panel_node.cpp:25:22:[m[K [01;31m[Kerror: [m[Kexpected â€˜[01m[K{[m[Kâ€™ before â€˜[01m[K,[m[Kâ€™ token
[1.283s] [01m[K/home/cleanseasolutions/ros2_ws/src/my_cpp_pkg/src/led_panel_node.cpp:[m[K In member function â€˜[01m[Kvoid LEDPanelPublisherNode::publishLedPanelStatus()[m[Kâ€™:
[1.283s] [01m[K/home/cleanseasolutions/ros2_ws/src/my_cpp_pkg/src/led_panel_node.cpp:30:9:[m[K [01;31m[Kerror: [m[Kâ€˜[01m[Kpublisher_[m[Kâ€™ was not declared in this scope; did you mean â€˜[01m[Krmw_publisher_t[m[Kâ€™?
[1.283s]    30 |         [01;31m[Kpublisher_[m[K->publish(msg);
[1.283s]       |         [01;31m[K^~~~~~~~~~[m[K
[1.283s]       |         [32m[Krmw_publisher_t[m[K
[1.638s] gmake[2]: *** [CMakeFiles/led_panel_status_publisher.dir/build.make:76: CMakeFiles/led_panel_status_publisher.dir/src/led_panel_node.cpp.o] Error 1
[1.638s] gmake[1]: *** [CMakeFiles/Makefile2:389: CMakeFiles/led_panel_status_publisher.dir/all] Error 2
[1.638s] gmake: *** [Makefile:146: all] Error 2
[1.640s] Invoked command in '/home/cleanseasolutions/ros2_ws/build/my_cpp_pkg' returned '2': CMAKE_PREFIX_PATH=${CMAKE_PREFIX_PATH}:/home/cleanseasolutions/ros2_ws/install/my_py_pkg:/opt/ros/humble /usr/bin/cmake --build /home/cleanseasolutions/ros2_ws/build/my_cpp_pkg -- -j16 -l16
