[0.034s] Invoking command in '/home/sven/ros2_ws/build/actions_cpp': CMAKE_PREFIX_PATH=/home/sven/ros2_ws/install/my_robot_interfaces:/home/sven/ros2_ws/install/turtlesim_catch_them_all:/home/sven/ros2_ws/install/my_robot_bringup:/home/sven/ros2_ws/install/my_cpp_pkg:/home/sven/ros2_ws/install/actions_cpp:/home/sven/ros2_ws/install/my_robot_description:/home/sven/install/my_robot_description:/home/sven/ros2_ws/install/my_py_pkg:/home/sven/ros2_ws/install/actions_py:/opt/ros/humble LD_LIBRARY_PATH=/home/sven/ros2_ws/install/my_robot_interfaces/lib:/usr/lib/x86_64-linux-gnu/gazebo-11/plugins:/opt/ros/humble/opt/rviz_ogre_vendor/lib:/opt/ros/humble/lib/x86_64-linux-gnu:/opt/ros/humble/lib:/usr/share/gazebo/../../lib/x86_64-linux-gnu/gazebo-11/plugins /usr/bin/cmake --build /home/sven/ros2_ws/build/actions_cpp -- -j20 -l20
[0.047s] -- Found ament_cmake: 1.3.8 (/opt/ros/humble/share/ament_cmake/cmake)
[0.113s] -- Found rclcpp: 16.0.8 (/opt/ros/humble/share/rclcpp/cmake)
[0.127s] -- Found rosidl_generator_c: 3.1.5 (/opt/ros/humble/share/rosidl_generator_c/cmake)
[0.128s] -- Found rosidl_adapter: 3.1.5 (/opt/ros/humble/share/rosidl_adapter/cmake)
[0.131s] -- Found rosidl_generator_cpp: 3.1.5 (/opt/ros/humble/share/rosidl_generator_cpp/cmake)
[0.137s] -- Using all available rosidl_typesupport_c: rosidl_typesupport_fastrtps_c;rosidl_typesupport_introspection_c
[0.145s] -- Using all available rosidl_typesupport_cpp: rosidl_typesupport_fastrtps_cpp;rosidl_typesupport_introspection_cpp
[0.174s] -- Found rmw_implementation_cmake: 6.1.1 (/opt/ros/humble/share/rmw_implementation_cmake/cmake)
[0.174s] -- Found rmw_fastrtps_cpp: 6.2.6 (/opt/ros/humble/share/rmw_fastrtps_cpp/cmake)
[0.235s] -- Using RMW implementation 'rmw_fastrtps_cpp' as default
[0.315s] -- Found rclcpp_action: 16.0.8 (/opt/ros/humble/share/rclcpp_action/cmake)
[0.359s] -- Found my_robot_interfaces: 0.0.0 (/home/sven/ros2_ws/install/my_robot_interfaces/share/my_robot_interfaces/cmake)
[0.422s] -- Configuring done
[0.428s] -- Generating done
[0.429s] -- Build files have been written to: /home/sven/ros2_ws/build/actions_cpp
[0.445s] [35m[1mConsolidate compiler generated dependencies of target count_until_server[0m
[0.445s] [35m[1mConsolidate compiler generated dependencies of target count_until_client[0m
[0.451s] [ 16%] [32mBuilding CXX object CMakeFiles/count_until_server_queue_goals.dir/src/count_until_server_queue_goals.cpp.o[0m
[0.455s] [ 33%] [32mBuilding CXX object CMakeFiles/count_until_server.dir/src/count_until_server.cpp.o[0m
[0.456s] [ 66%] Built target count_until_client
[1.700s] [01m[K/home/sven/ros2_ws/src/actions_cpp/src/count_until_server_queue_goals.cpp:[m[K In constructor â€˜[01m[KCountUntilServerQueueGoalsNode::CountUntilServerQueueGoalsNode()[m[Kâ€™:
[1.700s] [01m[K/home/sven/ros2_ws/src/actions_cpp/src/count_until_server_queue_goals.cpp:17:9:[m[K [01;31m[Kerror: [m[Kexpected â€˜[01m[K;[m[Kâ€™ before â€˜[01m[Kcb_group_[m[Kâ€™
[1.700s]    17 |         [01;31m[Kcb_group_[m[K = this->create_callback_group(rclcpp::CallbackGroupType::Reentrant);
[1.700s]       |         [01;31m[K^~~~~~~~~[m[K
[1.715s] [01m[K/home/sven/ros2_ws/src/actions_cpp/src/count_until_server_queue_goals.cpp:[m[K In member function â€˜[01m[Kvoid CountUntilServerQueueGoalsNode::run_goal_queue_thread()[m[Kâ€™:
[1.715s] [01m[K/home/sven/ros2_ws/src/actions_cpp/src/count_until_server_queue_goals.cpp:76:24:[m[K [01;35m[Kwarning: [m[Kthe address of â€˜[01m[Kbool rclcpp::ok(rclcpp::Context::SharedPtr)[m[Kâ€™ will never be NULL [[01;35m[K]8;;https://gcc.gnu.org/onlinedocs/gcc/Warning-Options.html#index-Waddress-Waddress]8;;[m[K]
[1.715s]    76 |         while ([01;35m[Krclcpp::ok[m[K)
[1.715s]       |                [01;35m[K~~~~~~~~^~[m[K
[2.081s] gmake[2]: *** [CMakeFiles/count_until_server_queue_goals.dir/build.make:76: CMakeFiles/count_until_server_queue_goals.dir/src/count_until_server_queue_goals.cpp.o] Error 1
[2.081s] gmake[1]: *** [CMakeFiles/Makefile2:167: CMakeFiles/count_until_server_queue_goals.dir/all] Error 2
[2.081s] gmake[1]: *** Waiting for unfinished jobs....
[2.342s] [ 83%] [32m[1mLinking CXX executable count_until_server[0m
[2.421s] [ 83%] Built target count_until_server
[2.422s] gmake: *** [Makefile:146: all] Error 2
[2.423s] Invoked command in '/home/sven/ros2_ws/build/actions_cpp' returned '2': CMAKE_PREFIX_PATH=/home/sven/ros2_ws/install/my_robot_interfaces:/home/sven/ros2_ws/install/turtlesim_catch_them_all:/home/sven/ros2_ws/install/my_robot_bringup:/home/sven/ros2_ws/install/my_cpp_pkg:/home/sven/ros2_ws/install/actions_cpp:/home/sven/ros2_ws/install/my_robot_description:/home/sven/install/my_robot_description:/home/sven/ros2_ws/install/my_py_pkg:/home/sven/ros2_ws/install/actions_py:/opt/ros/humble LD_LIBRARY_PATH=/home/sven/ros2_ws/install/my_robot_interfaces/lib:/usr/lib/x86_64-linux-gnu/gazebo-11/plugins:/opt/ros/humble/opt/rviz_ogre_vendor/lib:/opt/ros/humble/lib/x86_64-linux-gnu:/opt/ros/humble/lib:/usr/share/gazebo/../../lib/x86_64-linux-gnu/gazebo-11/plugins /usr/bin/cmake --build /home/sven/ros2_ws/build/actions_cpp -- -j20 -l20
