[01m[K/home/cleanseasolutions/ros2_ws/src/my_cpp_pkg/src/robot_news_station.cpp:25:23:[m[K [01;31m[Kerror: [m[Kâ€˜[01m[Kexample_interfaces[m[Kâ€™ was not declared in this scope; did you mean â€˜[01m[Krcl_interfaces[m[Kâ€™?
   25 |     rclcpp::Publisher<[01;31m[Kexample_interfaces[m[K::msg::String>::SharedPtr publisher_;
      |                       [01;31m[K^~~~~~~~~~~~~~~~~~[m[K
      |                       [32m[Krcl_interfaces[m[K
[01m[K/home/cleanseasolutions/ros2_ws/src/my_cpp_pkg/src/robot_news_station.cpp:25:54:[m[K [01;31m[Kerror: [m[Ktemplate argument 1 is invalid
   25 |     rclcpp::Publisher<example_interfaces::msg::String[01;31m[K>[m[K::SharedPtr publisher_;
      |                                                      [01;31m[K^[m[K
[01m[K/home/cleanseasolutions/ros2_ws/src/my_cpp_pkg/src/robot_news_station.cpp:25:57:[m[K [01;31m[Kerror: [m[Kexpected â€˜[01m[K;[m[Kâ€™ at end of member declaration
   25 |     rclcpp::Publisher<example_interfaces::msg::String>::[01;31m[KSharedPtr[m[K publisher_;
      |                                                         [01;31m[K^~~~~~~~~[m[K
      |                                                                  [32m[K;[m[K
[01m[K/home/cleanseasolutions/ros2_ws/src/my_cpp_pkg/src/robot_news_station.cpp:25:67:[m[K [01;31m[Kerror: [m[Kâ€˜[01m[Kpublisher_[m[Kâ€™ does not name a type; did you mean â€˜[01m[Krmw_publisher_t[m[Kâ€™?
   25 |     rclcpp::Publisher<example_interfaces::msg::String>::SharedPtr [01;31m[Kpublisher_[m[K;
      |                                                                   [01;31m[K^~~~~~~~~~[m[K
      |                                                                   [32m[Krmw_publisher_t[m[K
[01m[K/home/cleanseasolutions/ros2_ws/src/my_cpp_pkg/src/robot_news_station.cpp:[m[K In constructor â€˜[01m[KRobotNewsStationNode::RobotNewsStationNode()[m[Kâ€™:
[01m[K/home/cleanseasolutions/ros2_ws/src/my_cpp_pkg/src/robot_news_station.cpp:10:9:[m[K [01;31m[Kerror: [m[Kâ€˜[01m[Kpublisher_[m[Kâ€™ was not declared in this scope; did you mean â€˜[01m[KpublishNews[m[Kâ€™?
   10 |         [01;31m[Kpublisher_[m[K = this->create_publisher<example_interfaces::msg::String>("robot_news", 10);
      |         [01;31m[K^~~~~~~~~~[m[K
      |         [32m[KpublishNews[m[K
[01m[K/home/cleanseasolutions/ros2_ws/src/my_cpp_pkg/src/robot_news_station.cpp:10:45:[m[K [01;31m[Kerror: [m[Kâ€˜[01m[Kexample_interfaces[m[Kâ€™ was not declared in this scope; did you mean â€˜[01m[Krcl_interfaces[m[Kâ€™?
   10 |         publisher_ = this->create_publisher<[01;31m[Kexample_interfaces[m[K::msg::String>("robot_news", 10);
      |                                             [01;31m[K^~~~~~~~~~~~~~~~~~[m[K
      |                                             [32m[Krcl_interfaces[m[K
[01m[K/home/cleanseasolutions/ros2_ws/src/my_cpp_pkg/src/robot_news_station.cpp:10:28:[m[K [01;31m[Kerror: [m[Kparse error in template argument list
   10 |         publisher_ = this->[01;31m[Kcreate_publisher<example_interfaces::msg::String>[m[K("robot_news", 10);
      |                            [01;31m[K^~~~~~~~~~~~~~~~~~~~~~~~~~~~~~~~~~~~~~~~~~~~~~~~~[m[K
[01m[K/home/cleanseasolutions/ros2_ws/src/my_cpp_pkg/src/robot_news_station.cpp:10:77:[m[K [01;31m[Kerror: [m[Kno matching function for call to â€˜[01m[KRobotNewsStationNode::create_publisher<<expression error> >(const char [11], int)[m[Kâ€™
   10 |         publisher_ = [01;31m[Kthis->create_publisher<example_interfaces::msg::String>("robot_news", 10)[m[K;
      |                      [01;31m[K~~~~~~~~~~~~~~~~~~~~~~~~~~~~~~~~~~~~~~~~~~~~~~~~~~~~~~~^~~~~~~~~~~~~~~~~~[m[K
In file included from [01m[K/opt/ros/humble/include/rclcpp/rclcpp/executors/single_threaded_executor.hpp:28[m[K,
                 from [01m[K/opt/ros/humble/include/rclcpp/rclcpp/executors.hpp:22[m[K,
                 from [01m[K/opt/ros/humble/include/rclcpp/rclcpp/rclcpp.hpp:155[m[K,
                 from [01m[K/home/cleanseasolutions/ros2_ws/src/my_cpp_pkg/src/robot_news_station.cpp:1[m[K:
[01m[K/opt/ros/humble/include/rclcpp/rclcpp/node.hpp:195:3:[m[K [01;36m[Knote: [m[Kcandidate: â€˜[01m[Ktemplate<class MessageT, class AllocatorT, class PublisherT> std::shared_ptr<PublisherT> rclcpp::Node::create_publisher(const string&, const rclcpp::QoS&, const rclcpp::PublisherOptionsWithAllocator<AllocatorT>&)[m[Kâ€™
  195 |   [01;36m[Kcreate_publisher[m[K(
      |   [01;36m[K^~~~~~~~~~~~~~~~[m[K
[01m[K/opt/ros/humble/include/rclcpp/rclcpp/node.hpp:195:3:[m[K [01;36m[Knote: [m[K  template argument deduction/substitution failed:
[01m[K/home/cleanseasolutions/ros2_ws/src/my_cpp_pkg/src/robot_news_station.cpp:10:77:[m[K [01;31m[Kerror: [m[Ktemplate argument 1 is invalid
   10 |         publisher_ = [01;31m[Kthis->create_publisher<example_interfaces::msg::String>("robot_news", 10)[m[K;
      |                      [01;31m[K~~~~~~~~~~~~~~~~~~~~~~~~~~~~~~~~~~~~~~~~~~~~~~~~~~~~~~~^~~~~~~~~~~~~~~~~~[m[K
[01m[K/home/cleanseasolutions/ros2_ws/src/my_cpp_pkg/src/robot_news_station.cpp:[m[K In member function â€˜[01m[Kvoid RobotNewsStationNode::publishNews()[m[Kâ€™:
[01m[K/home/cleanseasolutions/ros2_ws/src/my_cpp_pkg/src/robot_news_station.cpp:19:20:[m[K [01;31m[Kerror: [m[Kâ€˜[01m[Kexample_interfaces[m[Kâ€™ has not been declared
   19 |         auto msg = [01;31m[Kexample_interfaces[m[K::msg::String();
      |                    [01;31m[K^~~~~~~~~~~~~~~~~~[m[K
[01m[K/home/cleanseasolutions/ros2_ws/src/my_cpp_pkg/src/robot_news_station.cpp:21:9:[m[K [01;31m[Kerror: [m[Kâ€˜[01m[Kpublisher_[m[Kâ€™ was not declared in this scope; did you mean â€˜[01m[KpublishNews[m[Kâ€™?
   21 |         [01;31m[Kpublisher_[m[K->publish(msg);
      |         [01;31m[K^~~~~~~~~~[m[K
      |         [32m[KpublishNews[m[K
gmake[2]: *** [CMakeFiles/robot_news_station.dir/build.make:76: CMakeFiles/robot_news_station.dir/src/robot_news_station.cpp.o] Error 1
gmake[1]: *** [CMakeFiles/Makefile2:165: CMakeFiles/robot_news_station.dir/all] Error 2
gmake: *** [Makefile:146: all] Error 2
