[0.029s] Invoking command in '/home/cleanseasolutions/ros2_ws/build/my_cpp_pkg': CMAKE_PREFIX_PATH=${CMAKE_PREFIX_PATH}:/home/cleanseasolutions/ros2_ws/install/my_py_pkg:/opt/ros/humble /usr/bin/cmake --build /home/cleanseasolutions/ros2_ws/build/my_cpp_pkg -- -j16 -l16
[0.043s] -- Found ament_cmake: 1.3.7 (/opt/ros/humble/share/ament_cmake/cmake)
[0.122s] -- Found rclcpp: 16.0.8 (/opt/ros/humble/share/rclcpp/cmake)
[0.138s] -- Found rosidl_generator_c: 3.1.5 (/opt/ros/humble/share/rosidl_generator_c/cmake)
[0.139s] -- Found rosidl_adapter: 3.1.5 (/opt/ros/humble/share/rosidl_adapter/cmake)
[0.142s] -- Found rosidl_generator_cpp: 3.1.5 (/opt/ros/humble/share/rosidl_generator_cpp/cmake)
[0.148s] -- Using all available rosidl_typesupport_c: rosidl_typesupport_fastrtps_c;rosidl_typesupport_introspection_c
[0.156s] -- Using all available rosidl_typesupport_cpp: rosidl_typesupport_fastrtps_cpp;rosidl_typesupport_introspection_cpp
[0.187s] -- Found rmw_implementation_cmake: 6.1.1 (/opt/ros/humble/share/rmw_implementation_cmake/cmake)
[0.188s] -- Found rmw_fastrtps_cpp: 6.2.6 (/opt/ros/humble/share/rmw_fastrtps_cpp/cmake)
[0.251s] -- Using RMW implementation 'rmw_fastrtps_cpp' as default
[0.336s] -- Found example_interfaces: 0.9.3 (/opt/ros/humble/share/example_interfaces/cmake)
[0.448s] -- Configuring done
[0.454s] -- Generating done
[0.454s] -- Build files have been written to: /home/cleanseasolutions/ros2_ws/build/my_cpp_pkg
[0.469s] [35m[1mConsolidate compiler generated dependencies of target cpp_node[0m
[0.475s] [ 25%] [32mBuilding CXX object CMakeFiles/robot_news_station.dir/src/robot_news_station.cpp.o[0m
[0.478s] [ 75%] Built target cpp_node
[1.610s] [01m[K/home/cleanseasolutions/ros2_ws/src/my_cpp_pkg/src/robot_news_station.cpp:25:23:[m[K [01;31m[Kerror: [m[Kâ€˜[01m[Kexample_interfaces[m[Kâ€™ was not declared in this scope; did you mean â€˜[01m[Krcl_interfaces[m[Kâ€™?
[1.610s]    25 |     rclcpp::Publisher<[01;31m[Kexample_interfaces[m[K::msg::String>::SharedPtr publisher_;
[1.610s]       |                       [01;31m[K^~~~~~~~~~~~~~~~~~[m[K
[1.610s]       |                       [32m[Krcl_interfaces[m[K
[1.610s] [01m[K/home/cleanseasolutions/ros2_ws/src/my_cpp_pkg/src/robot_news_station.cpp:25:54:[m[K [01;31m[Kerror: [m[Ktemplate argument 1 is invalid
[1.610s]    25 |     rclcpp::Publisher<example_interfaces::msg::String[01;31m[K>[m[K::SharedPtr publisher_;
[1.610s]       |                                                      [01;31m[K^[m[K
[1.610s] [01m[K/home/cleanseasolutions/ros2_ws/src/my_cpp_pkg/src/robot_news_station.cpp:25:57:[m[K [01;31m[Kerror: [m[Kexpected â€˜[01m[K;[m[Kâ€™ at end of member declaration
[1.610s]    25 |     rclcpp::Publisher<example_interfaces::msg::String>::[01;31m[KSharedPtr[m[K publisher_;
[1.610s]       |                                                         [01;31m[K^~~~~~~~~[m[K
[1.610s]       |                                                                  [32m[K;[m[K
[1.611s] [01m[K/home/cleanseasolutions/ros2_ws/src/my_cpp_pkg/src/robot_news_station.cpp:25:67:[m[K [01;31m[Kerror: [m[Kâ€˜[01m[Kpublisher_[m[Kâ€™ does not name a type; did you mean â€˜[01m[Krmw_publisher_t[m[Kâ€™?
[1.611s]    25 |     rclcpp::Publisher<example_interfaces::msg::String>::SharedPtr [01;31m[Kpublisher_[m[K;
[1.611s]       |                                                                   [01;31m[K^~~~~~~~~~[m[K
[1.611s]       |                                                                   [32m[Krmw_publisher_t[m[K
[1.615s] [01m[K/home/cleanseasolutions/ros2_ws/src/my_cpp_pkg/src/robot_news_station.cpp:[m[K In constructor â€˜[01m[KRobotNewsStationNode::RobotNewsStationNode()[m[Kâ€™:
[1.615s] [01m[K/home/cleanseasolutions/ros2_ws/src/my_cpp_pkg/src/robot_news_station.cpp:10:9:[m[K [01;31m[Kerror: [m[Kâ€˜[01m[Kpublisher_[m[Kâ€™ was not declared in this scope; did you mean â€˜[01m[KpublishNews[m[Kâ€™?
[1.615s]    10 |         [01;31m[Kpublisher_[m[K = this->create_publisher<example_interfaces::msg::String>("robot_news", 10);
[1.615s]       |         [01;31m[K^~~~~~~~~~[m[K
[1.615s]       |         [32m[KpublishNews[m[K
[1.619s] [01m[K/home/cleanseasolutions/ros2_ws/src/my_cpp_pkg/src/robot_news_station.cpp:10:45:[m[K [01;31m[Kerror: [m[Kâ€˜[01m[Kexample_interfaces[m[Kâ€™ was not declared in this scope; did you mean â€˜[01m[Krcl_interfaces[m[Kâ€™?
[1.619s]    10 |         publisher_ = this->create_publisher<[01;31m[Kexample_interfaces[m[K::msg::String>("robot_news", 10);
[1.620s]       |                                             [01;31m[K^~~~~~~~~~~~~~~~~~[m[K
[1.620s]       |                                             [32m[Krcl_interfaces[m[K
[1.620s] [01m[K/home/cleanseasolutions/ros2_ws/src/my_cpp_pkg/src/robot_news_station.cpp:10:28:[m[K [01;31m[Kerror: [m[Kparse error in template argument list
[1.620s]    10 |         publisher_ = this->[01;31m[Kcreate_publisher<example_interfaces::msg::String>[m[K("robot_news", 10);
[1.620s]       |                            [01;31m[K^~~~~~~~~~~~~~~~~~~~~~~~~~~~~~~~~~~~~~~~~~~~~~~~~[m[K
[1.620s] [01m[K/home/cleanseasolutions/ros2_ws/src/my_cpp_pkg/src/robot_news_station.cpp:10:77:[m[K [01;31m[Kerror: [m[Kno matching function for call to â€˜[01m[KRobotNewsStationNode::create_publisher<<expression error> >(const char [11], int)[m[Kâ€™
[1.620s]    10 |         publisher_ = [01;31m[Kthis->create_publisher<example_interfaces::msg::String>("robot_news", 10)[m[K;
[1.620s]       |                      [01;31m[K~~~~~~~~~~~~~~~~~~~~~~~~~~~~~~~~~~~~~~~~~~~~~~~~~~~~~~~^~~~~~~~~~~~~~~~~~[m[K
[1.620s] In file included from [01m[K/opt/ros/humble/include/rclcpp/rclcpp/executors/single_threaded_executor.hpp:28[m[K,
[1.620s]                  from [01m[K/opt/ros/humble/include/rclcpp/rclcpp/executors.hpp:22[m[K,
[1.620s]                  from [01m[K/opt/ros/humble/include/rclcpp/rclcpp/rclcpp.hpp:155[m[K,
[1.620s]                  from [01m[K/home/cleanseasolutions/ros2_ws/src/my_cpp_pkg/src/robot_news_station.cpp:1[m[K:
[1.620s] [01m[K/opt/ros/humble/include/rclcpp/rclcpp/node.hpp:195:3:[m[K [01;36m[Knote: [m[Kcandidate: â€˜[01m[Ktemplate<class MessageT, class AllocatorT, class PublisherT> std::shared_ptr<PublisherT> rclcpp::Node::create_publisher(const string&, const rclcpp::QoS&, const rclcpp::PublisherOptionsWithAllocator<AllocatorT>&)[m[Kâ€™
[1.620s]   195 |   [01;36m[Kcreate_publisher[m[K(
[1.620s]       |   [01;36m[K^~~~~~~~~~~~~~~~[m[K
[1.620s] [01m[K/opt/ros/humble/include/rclcpp/rclcpp/node.hpp:195:3:[m[K [01;36m[Knote: [m[K  template argument deduction/substitution failed:
[1.620s] [01m[K/home/cleanseasolutions/ros2_ws/src/my_cpp_pkg/src/robot_news_station.cpp:10:77:[m[K [01;31m[Kerror: [m[Ktemplate argument 1 is invalid
[1.620s]    10 |         publisher_ = [01;31m[Kthis->create_publisher<example_interfaces::msg::String>("robot_news", 10)[m[K;
[1.620s]       |                      [01;31m[K~~~~~~~~~~~~~~~~~~~~~~~~~~~~~~~~~~~~~~~~~~~~~~~~~~~~~~~^~~~~~~~~~~~~~~~~~[m[K
[1.625s] [01m[K/home/cleanseasolutions/ros2_ws/src/my_cpp_pkg/src/robot_news_station.cpp:[m[K In member function â€˜[01m[Kvoid RobotNewsStationNode::publishNews()[m[Kâ€™:
[1.625s] [01m[K/home/cleanseasolutions/ros2_ws/src/my_cpp_pkg/src/robot_news_station.cpp:19:20:[m[K [01;31m[Kerror: [m[Kâ€˜[01m[Kexample_interfaces[m[Kâ€™ has not been declared
[1.625s]    19 |         auto msg = [01;31m[Kexample_interfaces[m[K::msg::String();
[1.626s]       |                    [01;31m[K^~~~~~~~~~~~~~~~~~[m[K
[1.629s] [01m[K/home/cleanseasolutions/ros2_ws/src/my_cpp_pkg/src/robot_news_station.cpp:21:9:[m[K [01;31m[Kerror: [m[Kâ€˜[01m[Kpublisher_[m[Kâ€™ was not declared in this scope; did you mean â€˜[01m[KpublishNews[m[Kâ€™?
[1.629s]    21 |         [01;31m[Kpublisher_[m[K->publish(msg);
[1.629s]       |         [01;31m[K^~~~~~~~~~[m[K
[1.629s]       |         [32m[KpublishNews[m[K
[1.903s] gmake[2]: *** [CMakeFiles/robot_news_station.dir/build.make:76: CMakeFiles/robot_news_station.dir/src/robot_news_station.cpp.o] Error 1
[1.903s] gmake[1]: *** [CMakeFiles/Makefile2:165: CMakeFiles/robot_news_station.dir/all] Error 2
[1.903s] gmake: *** [Makefile:146: all] Error 2
[1.906s] Invoked command in '/home/cleanseasolutions/ros2_ws/build/my_cpp_pkg' returned '2': CMAKE_PREFIX_PATH=${CMAKE_PREFIX_PATH}:/home/cleanseasolutions/ros2_ws/install/my_py_pkg:/opt/ros/humble /usr/bin/cmake --build /home/cleanseasolutions/ros2_ws/build/my_cpp_pkg -- -j16 -l16
